<?xml version="1.0" encoding="UTF-8"?>
<testsuite name="io.locngo.learning.microservices.review.service.ReviewApplicationTest" tests="5" skipped="0" failures="0" errors="0" timestamp="2021-02-03T08:18:01" hostname="LAPTOP-J4BOEGNR" time="0.434">
  <properties/>
  <testcase name="getRecommendationsInvalidParameter" classname="io.locngo.learning.microservices.review.service.ReviewApplicationTest" time="0.383"/>
  <testcase name="getReviewsInvalidParameterNegativeValue" classname="io.locngo.learning.microservices.review.service.ReviewApplicationTest" time="0.025"/>
  <testcase name="getReviewsByProductId" classname="io.locngo.learning.microservices.review.service.ReviewApplicationTest" time="0.013"/>
  <testcase name="getReviewsMissingParameter" classname="io.locngo.learning.microservices.review.service.ReviewApplicationTest" time="0.005"/>
  <testcase name="getReviewsNotFound" classname="io.locngo.learning.microservices.review.service.ReviewApplicationTest" time="0.005"/>
  <system-out><![CDATA[15:17:59.043 [Test worker] DEBUG org.springframework.test.context.junit4.SpringJUnit4ClassRunner - SpringJUnit4ClassRunner constructor called with [class io.locngo.learning.microservices.review.service.ReviewApplicationTest]
15:17:59.049 [Test worker] DEBUG org.springframework.test.context.BootstrapUtils - Instantiating CacheAwareContextLoaderDelegate from class [org.springframework.test.context.cache.DefaultCacheAwareContextLoaderDelegate]
15:17:59.055 [Test worker] DEBUG org.springframework.test.context.BootstrapUtils - Instantiating BootstrapContext using constructor [public org.springframework.test.context.support.DefaultBootstrapContext(java.lang.Class,org.springframework.test.context.CacheAwareContextLoaderDelegate)]
15:17:59.086 [Test worker] DEBUG org.springframework.test.context.BootstrapUtils - Instantiating TestContextBootstrapper for test class [io.locngo.learning.microservices.review.service.ReviewApplicationTest] from class [org.springframework.boot.test.context.SpringBootTestContextBootstrapper]
15:17:59.098 [Test worker] INFO org.springframework.boot.test.context.SpringBootTestContextBootstrapper - Neither @ContextConfiguration nor @ContextHierarchy found for test class [io.locngo.learning.microservices.review.service.ReviewApplicationTest], using SpringBootContextLoader
15:17:59.102 [Test worker] DEBUG org.springframework.test.context.support.AbstractContextLoader - Did not detect default resource location for test class [io.locngo.learning.microservices.review.service.ReviewApplicationTest]: class path resource [io/locngo/learning/microservices/review/service/ReviewApplicationTest-context.xml] does not exist
15:17:59.102 [Test worker] DEBUG org.springframework.test.context.support.AbstractContextLoader - Did not detect default resource location for test class [io.locngo.learning.microservices.review.service.ReviewApplicationTest]: class path resource [io/locngo/learning/microservices/review/service/ReviewApplicationTestContext.groovy] does not exist
15:17:59.102 [Test worker] INFO org.springframework.test.context.support.AbstractContextLoader - Could not detect default resource locations for test class [io.locngo.learning.microservices.review.service.ReviewApplicationTest]: no resource found for suffixes {-context.xml, Context.groovy}.
15:17:59.103 [Test worker] INFO org.springframework.test.context.support.AnnotationConfigContextLoaderUtils - Could not detect default configuration classes for test class [io.locngo.learning.microservices.review.service.ReviewApplicationTest]: ReviewApplicationTest does not declare any static, non-private, non-final, nested classes annotated with @Configuration.
15:17:59.138 [Test worker] DEBUG org.springframework.test.context.support.ActiveProfilesUtils - Could not find an 'annotation declaring class' for annotation type [org.springframework.test.context.ActiveProfiles] and class [io.locngo.learning.microservices.review.service.ReviewApplicationTest]
15:17:59.192 [Test worker] DEBUG org.springframework.context.annotation.ClassPathScanningCandidateComponentProvider - Identified candidate component class: file [D:\master_java\learning-microservices\review-service\build\classes\java\main\io\locngo\learning\microservices\review\service\ReviewApplication.class]
15:17:59.193 [Test worker] INFO org.springframework.boot.test.context.SpringBootTestContextBootstrapper - Found @SpringBootConfiguration io.locngo.learning.microservices.review.service.ReviewApplication for test class io.locngo.learning.microservices.review.service.ReviewApplicationTest
15:17:59.273 [Test worker] DEBUG org.springframework.boot.test.context.SpringBootTestContextBootstrapper - @TestExecutionListeners is not present for class [io.locngo.learning.microservices.review.service.ReviewApplicationTest]: using defaults.
15:17:59.273 [Test worker] INFO org.springframework.boot.test.context.SpringBootTestContextBootstrapper - Loaded default TestExecutionListener class names from location [META-INF/spring.factories]: [org.springframework.boot.test.autoconfigure.restdocs.RestDocsTestExecutionListener, org.springframework.boot.test.autoconfigure.web.client.MockRestServiceServerResetTestExecutionListener, org.springframework.boot.test.autoconfigure.web.servlet.MockMvcPrintOnlyOnFailureTestExecutionListener, org.springframework.boot.test.autoconfigure.web.servlet.WebDriverTestExecutionListener, org.springframework.boot.test.autoconfigure.webservices.client.MockWebServiceServerTestExecutionListener, org.springframework.boot.test.mock.mockito.MockitoTestExecutionListener, org.springframework.boot.test.mock.mockito.ResetMocksTestExecutionListener, org.springframework.test.context.web.ServletTestExecutionListener, org.springframework.test.context.support.DirtiesContextBeforeModesTestExecutionListener, org.springframework.test.context.support.DependencyInjectionTestExecutionListener, org.springframework.test.context.support.DirtiesContextTestExecutionListener, org.springframework.test.context.transaction.TransactionalTestExecutionListener, org.springframework.test.context.jdbc.SqlScriptsTestExecutionListener, org.springframework.test.context.event.EventPublishingTestExecutionListener]
15:17:59.280 [Test worker] DEBUG org.springframework.boot.test.context.SpringBootTestContextBootstrapper - Skipping candidate TestExecutionListener [org.springframework.test.context.web.ServletTestExecutionListener] due to a missing dependency. Specify custom listener classes or make the default listener classes and their required dependencies available. Offending class: [javax/servlet/ServletContext]
15:17:59.281 [Test worker] DEBUG org.springframework.boot.test.context.SpringBootTestContextBootstrapper - Skipping candidate TestExecutionListener [org.springframework.test.context.transaction.TransactionalTestExecutionListener] due to a missing dependency. Specify custom listener classes or make the default listener classes and their required dependencies available. Offending class: [org/springframework/transaction/TransactionDefinition]
15:17:59.282 [Test worker] DEBUG org.springframework.boot.test.context.SpringBootTestContextBootstrapper - Skipping candidate TestExecutionListener [org.springframework.test.context.jdbc.SqlScriptsTestExecutionListener] due to a missing dependency. Specify custom listener classes or make the default listener classes and their required dependencies available. Offending class: [org/springframework/transaction/interceptor/TransactionAttribute]
15:17:59.282 [Test worker] INFO org.springframework.boot.test.context.SpringBootTestContextBootstrapper - Using TestExecutionListeners: [org.springframework.test.context.support.DirtiesContextBeforeModesTestExecutionListener@338134b1, org.springframework.boot.test.mock.mockito.MockitoTestExecutionListener@5abcbfa0, org.springframework.boot.test.autoconfigure.SpringBootDependencyInjectionTestExecutionListener@66fa8b24, org.springframework.test.context.support.DirtiesContextTestExecutionListener@174865f2, org.springframework.test.context.event.EventPublishingTestExecutionListener@2d56ff16, org.springframework.boot.test.autoconfigure.restdocs.RestDocsTestExecutionListener@12a804a3, org.springframework.boot.test.autoconfigure.web.client.MockRestServiceServerResetTestExecutionListener@20391e79, org.springframework.boot.test.autoconfigure.web.servlet.MockMvcPrintOnlyOnFailureTestExecutionListener@740a9879, org.springframework.boot.test.autoconfigure.web.servlet.WebDriverTestExecutionListener@6e3e67a1, org.springframework.boot.test.autoconfigure.webservices.client.MockWebServiceServerTestExecutionListener@3c61fbd9, org.springframework.boot.test.mock.mockito.ResetMocksTestExecutionListener@54c3f0fa]
15:17:59.283 [Test worker] DEBUG org.springframework.test.annotation.ProfileValueUtils - Retrieved @ProfileValueSourceConfiguration [null] for test class [io.locngo.learning.microservices.review.service.ReviewApplicationTest]
15:17:59.284 [Test worker] DEBUG org.springframework.test.annotation.ProfileValueUtils - Retrieved ProfileValueSource type [class org.springframework.test.annotation.SystemProfileValueSource] for class [io.locngo.learning.microservices.review.service.ReviewApplicationTest]
15:17:59.285 [Test worker] DEBUG org.springframework.test.annotation.ProfileValueUtils - Retrieved @ProfileValueSourceConfiguration [null] for test class [io.locngo.learning.microservices.review.service.ReviewApplicationTest]
15:17:59.285 [Test worker] DEBUG org.springframework.test.annotation.ProfileValueUtils - Retrieved ProfileValueSource type [class org.springframework.test.annotation.SystemProfileValueSource] for class [io.locngo.learning.microservices.review.service.ReviewApplicationTest]
15:17:59.286 [Test worker] DEBUG org.springframework.test.annotation.ProfileValueUtils - Retrieved @ProfileValueSourceConfiguration [null] for test class [io.locngo.learning.microservices.review.service.ReviewApplicationTest]
15:17:59.286 [Test worker] DEBUG org.springframework.test.annotation.ProfileValueUtils - Retrieved ProfileValueSource type [class org.springframework.test.annotation.SystemProfileValueSource] for class [io.locngo.learning.microservices.review.service.ReviewApplicationTest]
15:17:59.286 [Test worker] DEBUG org.springframework.test.annotation.ProfileValueUtils - Retrieved @ProfileValueSourceConfiguration [null] for test class [io.locngo.learning.microservices.review.service.ReviewApplicationTest]
15:17:59.287 [Test worker] DEBUG org.springframework.test.annotation.ProfileValueUtils - Retrieved ProfileValueSource type [class org.springframework.test.annotation.SystemProfileValueSource] for class [io.locngo.learning.microservices.review.service.ReviewApplicationTest]
15:17:59.291 [Test worker] DEBUG org.springframework.test.context.support.AbstractDirtiesContextTestExecutionListener - Before test class: context [DefaultTestContext@1746e316 testClass = ReviewApplicationTest, testInstance = [null], testMethod = [null], testException = [null], mergedContextConfiguration = [ReactiveWebMergedContextConfiguration@4cfb2dc5 testClass = ReviewApplicationTest, locations = '{}', classes = '{class io.locngo.learning.microservices.review.service.ReviewApplication}', contextInitializerClasses = '[]', activeProfiles = '{}', propertySourceLocations = '{}', propertySourceProperties = '{org.springframework.boot.test.context.SpringBootTestContextBootstrapper=true, server.port=0}', contextCustomizers = set[org.springframework.boot.test.autoconfigure.properties.PropertyMappingContextCustomizer@0, org.springframework.boot.test.autoconfigure.web.servlet.WebDriverContextCustomizerFactory$Customizer@60bc33bb, org.springframework.boot.test.context.filter.ExcludeFilterContextCustomizer@233ca41d, org.springframework.boot.test.json.DuplicateJsonObjectContextCustomizerFactory$DuplicateJsonObjectContextCustomizer@680a256d, org.springframework.boot.test.mock.mockito.MockitoContextCustomizer@0, org.springframework.boot.test.web.client.TestRestTemplateContextCustomizer@a1c67b3, org.springframework.boot.test.web.reactive.server.WebTestClientContextCustomizer@6d92310c, org.springframework.boot.test.context.SpringBootTestArgs@1, org.springframework.boot.test.context.SpringBootTestWebEnvironment@6d4f942c], contextLoader = 'org.springframework.boot.test.context.SpringBootContextLoader', parent = [null]], attributes = map['org.springframework.test.context.web.ServletTestExecutionListener.activateListener' -> false]], class annotated with @DirtiesContext [false] with mode [null].
15:17:59.293 [Test worker] DEBUG org.springframework.test.annotation.ProfileValueUtils - Retrieved @ProfileValueSourceConfiguration [null] for test class [io.locngo.learning.microservices.review.service.ReviewApplicationTest]
15:17:59.293 [Test worker] DEBUG org.springframework.test.annotation.ProfileValueUtils - Retrieved ProfileValueSource type [class org.springframework.test.annotation.SystemProfileValueSource] for class [io.locngo.learning.microservices.review.service.ReviewApplicationTest]
15:17:59.295 [Test worker] DEBUG org.springframework.test.context.support.DependencyInjectionTestExecutionListener - Performing dependency injection for test context [[DefaultTestContext@1746e316 testClass = ReviewApplicationTest, testInstance = io.locngo.learning.microservices.review.service.ReviewApplicationTest@12937a3f, testMethod = [null], testException = [null], mergedContextConfiguration = [ReactiveWebMergedContextConfiguration@4cfb2dc5 testClass = ReviewApplicationTest, locations = '{}', classes = '{class io.locngo.learning.microservices.review.service.ReviewApplication}', contextInitializerClasses = '[]', activeProfiles = '{}', propertySourceLocations = '{}', propertySourceProperties = '{org.springframework.boot.test.context.SpringBootTestContextBootstrapper=true, server.port=0}', contextCustomizers = set[org.springframework.boot.test.autoconfigure.properties.PropertyMappingContextCustomizer@0, org.springframework.boot.test.autoconfigure.web.servlet.WebDriverContextCustomizerFactory$Customizer@60bc33bb, org.springframework.boot.test.context.filter.ExcludeFilterContextCustomizer@233ca41d, org.springframework.boot.test.json.DuplicateJsonObjectContextCustomizerFactory$DuplicateJsonObjectContextCustomizer@680a256d, org.springframework.boot.test.mock.mockito.MockitoContextCustomizer@0, org.springframework.boot.test.web.client.TestRestTemplateContextCustomizer@a1c67b3, org.springframework.boot.test.web.reactive.server.WebTestClientContextCustomizer@6d92310c, org.springframework.boot.test.context.SpringBootTestArgs@1, org.springframework.boot.test.context.SpringBootTestWebEnvironment@6d4f942c], contextLoader = 'org.springframework.boot.test.context.SpringBootContextLoader', parent = [null]], attributes = map['org.springframework.test.context.web.ServletTestExecutionListener.activateListener' -> false]]].
15:17:59.311 [Test worker] DEBUG org.springframework.test.context.support.TestPropertySourceUtils - Adding inlined properties to environment: {spring.jmx.enabled=false, org.springframework.boot.test.context.SpringBootTestContextBootstrapper=true, server.port=0}

  .   ____          _            __ _ _
 /\\ / ___'_ __ _ _(_)_ __  __ _ \ \ \ \
( ( )\___ | '_ | '_| | '_ \/ _` | \ \ \ \
 \\/  ___)| |_)| | | | | || (_| |  ) ) ) )
  '  |____| .__|_| |_|_| |_\__, | / / / /
 =========|_|==============|___/=/_/_/_/
 :: Spring Boot ::        (v2.3.8.RELEASE)

2021-02-03 15:17:59.550  INFO 13412 --- [    Test worker] i.l.l.m.r.service.ReviewApplicationTest  : Starting ReviewApplicationTest on LAPTOP-J4BOEGNR with PID 13412 (started by ASUS in D:\master_java\learning-microservices\review-service)
2021-02-03 15:17:59.551 DEBUG 13412 --- [    Test worker] i.l.l.m.r.service.ReviewApplicationTest  : Running with Spring Boot v2.3.8.RELEASE, Spring v5.2.12.RELEASE
2021-02-03 15:17:59.551  INFO 13412 --- [    Test worker] i.l.l.m.r.service.ReviewApplicationTest  : No active profile set, falling back to default profiles: default
2021-02-03 15:18:00.719  INFO 13412 --- [    Test worker] o.s.b.a.e.web.EndpointLinksResolver      : Exposing 13 endpoint(s) beneath base path '/actuator'
2021-02-03 15:18:01.713  INFO 13412 --- [    Test worker] o.s.b.web.embedded.netty.NettyWebServer  : Netty started on port(s): 51752
2021-02-03 15:18:01.724  INFO 13412 --- [    Test worker] i.l.l.m.r.service.ReviewApplicationTest  : Started ReviewApplicationTest in 2.411 seconds (JVM running for 3.46)
2021-02-03 15:18:02.151 DEBUG 13412 --- [ctor-http-nio-3] l.m.u.h.GlobalControllerExceptionHandler : Returning HTTP status: 422 UNPROCESSABLE_ENTITY for path, message: Invalid productId: -1
2021-02-03 15:18:02.173 DEBUG 13412 --- [ctor-http-nio-3] i.l.l.m.r.s.services.ReviewServiceImpl   : /reviews response size: 3
2021-02-03 15:18:02.192 DEBUG 13412 --- [ctor-http-nio-3] i.l.l.m.r.s.services.ReviewServiceImpl   : No reviews found for productId: 213
]]></system-out>
  <system-err><![CDATA[]]></system-err>
</testsuite>
