<?xml version="1.0" encoding="UTF-8"?>
<testsuite name="io.locngo.learning.microservices.review.service.ReviewApplicationTest" tests="7" skipped="0" failures="0" errors="0" timestamp="2021-02-06T04:44:33" hostname="LAPTOP-J4BOEGNR" time="0.535">
  <properties/>
  <testcase name="getRecommendationsInvalidParameter" classname="io.locngo.learning.microservices.review.service.ReviewApplicationTest" time="0.357"/>
  <testcase name="getReviewsInvalidParameterNegativeValue" classname="io.locngo.learning.microservices.review.service.ReviewApplicationTest" time="0.025"/>
  <testcase name="getReviewsByProductId" classname="io.locngo.learning.microservices.review.service.ReviewApplicationTest" time="0.086"/>
  <testcase name="duplicateError" classname="io.locngo.learning.microservices.review.service.ReviewApplicationTest" time="0.024"/>
  <testcase name="getReviewsMissingParameter" classname="io.locngo.learning.microservices.review.service.ReviewApplicationTest" time="0.008"/>
  <testcase name="deleteReviews" classname="io.locngo.learning.microservices.review.service.ReviewApplicationTest" time="0.026"/>
  <testcase name="getReviewsNotFound" classname="io.locngo.learning.microservices.review.service.ReviewApplicationTest" time="0.008"/>
  <system-out><![CDATA[2021-02-06 11:44:31.311  INFO 12368 --- [    Test worker] .b.t.c.SpringBootTestContextBootstrapper : Neither @ContextConfiguration nor @ContextHierarchy found for test class [io.locngo.learning.microservices.review.service.ReviewApplicationTest], using SpringBootContextLoader
2021-02-06 11:44:31.312  INFO 12368 --- [    Test worker] o.s.t.c.support.AbstractContextLoader    : Could not detect default resource locations for test class [io.locngo.learning.microservices.review.service.ReviewApplicationTest]: no resource found for suffixes {-context.xml, Context.groovy}.
2021-02-06 11:44:31.312  INFO 12368 --- [    Test worker] t.c.s.AnnotationConfigContextLoaderUtils : Could not detect default configuration classes for test class [io.locngo.learning.microservices.review.service.ReviewApplicationTest]: ReviewApplicationTest does not declare any static, non-private, non-final, nested classes annotated with @Configuration.
2021-02-06 11:44:31.313  INFO 12368 --- [    Test worker] .b.t.c.SpringBootTestContextBootstrapper : Found @SpringBootConfiguration io.locngo.learning.microservices.review.service.ReviewApplication for test class io.locngo.learning.microservices.review.service.ReviewApplicationTest
2021-02-06 11:44:31.316  INFO 12368 --- [    Test worker] .b.t.c.SpringBootTestContextBootstrapper : Loaded default TestExecutionListener class names from location [META-INF/spring.factories]: [org.springframework.boot.test.autoconfigure.restdocs.RestDocsTestExecutionListener, org.springframework.boot.test.autoconfigure.web.client.MockRestServiceServerResetTestExecutionListener, org.springframework.boot.test.autoconfigure.web.servlet.MockMvcPrintOnlyOnFailureTestExecutionListener, org.springframework.boot.test.autoconfigure.web.servlet.WebDriverTestExecutionListener, org.springframework.boot.test.autoconfigure.webservices.client.MockWebServiceServerTestExecutionListener, org.springframework.boot.test.mock.mockito.MockitoTestExecutionListener, org.springframework.boot.test.mock.mockito.ResetMocksTestExecutionListener, org.springframework.test.context.web.ServletTestExecutionListener, org.springframework.test.context.support.DirtiesContextBeforeModesTestExecutionListener, org.springframework.test.context.support.DependencyInjectionTestExecutionListener, org.springframework.test.context.support.DirtiesContextTestExecutionListener, org.springframework.test.context.transaction.TransactionalTestExecutionListener, org.springframework.test.context.jdbc.SqlScriptsTestExecutionListener, org.springframework.test.context.event.EventPublishingTestExecutionListener]
2021-02-06 11:44:31.317  INFO 12368 --- [    Test worker] .b.t.c.SpringBootTestContextBootstrapper : Using TestExecutionListeners: [org.springframework.test.context.support.DirtiesContextBeforeModesTestExecutionListener@76f8031e, org.springframework.boot.test.mock.mockito.MockitoTestExecutionListener@1d1d1e4, org.springframework.boot.test.autoconfigure.SpringBootDependencyInjectionTestExecutionListener@2e3ef52c, org.springframework.test.context.support.DirtiesContextTestExecutionListener@13dfaa25, org.springframework.test.context.transaction.TransactionalTestExecutionListener@2509abb3, org.springframework.test.context.jdbc.SqlScriptsTestExecutionListener@2a581007, org.springframework.test.context.event.EventPublishingTestExecutionListener@731607f5, org.springframework.boot.test.autoconfigure.restdocs.RestDocsTestExecutionListener@1df60530, org.springframework.boot.test.autoconfigure.web.client.MockRestServiceServerResetTestExecutionListener@754a610e, org.springframework.boot.test.autoconfigure.web.servlet.MockMvcPrintOnlyOnFailureTestExecutionListener@1ff88f88, org.springframework.boot.test.autoconfigure.web.servlet.WebDriverTestExecutionListener@5c121a2d, org.springframework.boot.test.autoconfigure.webservices.client.MockWebServiceServerTestExecutionListener@71604b1a, org.springframework.boot.test.mock.mockito.ResetMocksTestExecutionListener@57840629]

  .   ____          _            __ _ _
 /\\ / ___'_ __ _ _(_)_ __  __ _ \ \ \ \
( ( )\___ | '_ | '_| | '_ \/ _` | \ \ \ \
 \\/  ___)| |_)| | | | | || (_| |  ) ) ) )
  '  |____| .__|_| |_|_| |_\__, | / / / /
 =========|_|==============|___/=/_/_/_/
 :: Spring Boot ::        (v2.3.8.RELEASE)

2021-02-06 11:44:31.347  INFO 12368 --- [    Test worker] i.l.l.m.r.service.ReviewApplicationTest  : Starting ReviewApplicationTest on LAPTOP-J4BOEGNR with PID 12368 (started by ASUS in D:\master_java\learning-microservices\review-service)
2021-02-06 11:44:31.347 DEBUG 12368 --- [    Test worker] i.l.l.m.r.service.ReviewApplicationTest  : Running with Spring Boot v2.3.8.RELEASE, Spring v5.2.12.RELEASE
2021-02-06 11:44:31.347  INFO 12368 --- [    Test worker] i.l.l.m.r.service.ReviewApplicationTest  : No active profile set, falling back to default profiles: default
2021-02-06 11:44:31.666  INFO 12368 --- [    Test worker] .s.d.r.c.RepositoryConfigurationDelegate : Bootstrapping Spring Data JPA repositories in DEFAULT mode.
2021-02-06 11:44:31.673  INFO 12368 --- [    Test worker] .s.d.r.c.RepositoryConfigurationDelegate : Finished Spring Data repository scanning in 7ms. Found 1 JPA repository interfaces.
2021-02-06 11:44:32.042  INFO 12368 --- [    Test worker] o.hibernate.jpa.internal.util.LogHelper  : HHH000204: Processing PersistenceUnitInfo [name: default]
2021-02-06 11:44:32.046  INFO 12368 --- [    Test worker] com.zaxxer.hikari.HikariDataSource       : HikariPool-1 - Starting...
2021-02-06 11:44:32.058  INFO 12368 --- [    Test worker] com.zaxxer.hikari.HikariDataSource       : HikariPool-1 - Start completed.
2021-02-06 11:44:32.064  INFO 12368 --- [    Test worker] org.hibernate.dialect.Dialect            : HHH000400: Using dialect: org.hibernate.dialect.H2Dialect
2021-02-06 11:44:32.097 DEBUG 12368 --- [    Test worker] org.hibernate.SQL                        : create table reviews (id integer not null, author varchar(255), content varchar(255), product_id integer not null, review_id integer not null, subject varchar(255), version integer not null, primary key (id))
2021-02-06 11:44:32.097 DEBUG 12368 --- [    Test worker] org.hibernate.SQL                        : alter table reviews drop constraint if exists reviews_unique_idx
2021-02-06 11:44:32.098 DEBUG 12368 --- [    Test worker] org.hibernate.SQL                        : alter table reviews add constraint reviews_unique_idx unique (product_id, review_id)
2021-02-06 11:44:32.098 DEBUG 12368 --- [    Test worker] org.hibernate.SQL                        : create sequence hibernate_sequence start with 1 increment by 1
2021-02-06 11:44:32.098  INFO 12368 --- [    Test worker] o.h.e.t.j.p.i.JtaPlatformInitiator       : HHH000490: Using JtaPlatform implementation: [org.hibernate.engine.transaction.jta.platform.internal.NoJtaPlatform]
2021-02-06 11:44:32.098  INFO 12368 --- [    Test worker] j.LocalContainerEntityManagerFactoryBean : Initialized JPA EntityManagerFactory for persistence unit 'default'
2021-02-06 11:44:32.620  INFO 12368 --- [    Test worker] o.s.b.a.e.web.EndpointLinksResolver      : Exposing 13 endpoint(s) beneath base path '/actuator'
2021-02-06 11:44:33.563  INFO 12368 --- [    Test worker] o.s.b.web.embedded.netty.NettyWebServer  : Netty started on port(s): 51601
2021-02-06 11:44:33.570  INFO 12368 --- [    Test worker] i.l.l.m.r.service.ReviewApplicationTest  : Started ReviewApplicationTest in 2.251 seconds (JVM running for 6.233)
2021-02-06 11:44:33.609 DEBUG 12368 --- [    Test worker] org.hibernate.SQL                        : select reviewenti0_.id as id1_0_, reviewenti0_.author as author2_0_, reviewenti0_.content as content3_0_, reviewenti0_.product_id as product_4_0_, reviewenti0_.review_id as review_i5_0_, reviewenti0_.subject as subject6_0_, reviewenti0_.version as version7_0_ from reviews reviewenti0_
2021-02-06 11:44:33.963 DEBUG 12368 --- [    Test worker] org.hibernate.SQL                        : select reviewenti0_.id as id1_0_, reviewenti0_.author as author2_0_, reviewenti0_.content as content3_0_, reviewenti0_.product_id as product_4_0_, reviewenti0_.review_id as review_i5_0_, reviewenti0_.subject as subject6_0_, reviewenti0_.version as version7_0_ from reviews reviewenti0_
2021-02-06 11:44:33.971 DEBUG 12368 --- [ctor-http-nio-3] l.m.u.h.GlobalControllerExceptionHandler : Returning HTTP status: 422 UNPROCESSABLE_ENTITY for path, message: Invalid productId: -1
2021-02-06 11:44:33.988 DEBUG 12368 --- [    Test worker] org.hibernate.SQL                        : select reviewenti0_.id as id1_0_, reviewenti0_.author as author2_0_, reviewenti0_.content as content3_0_, reviewenti0_.product_id as product_4_0_, reviewenti0_.review_id as review_i5_0_, reviewenti0_.subject as subject6_0_, reviewenti0_.version as version7_0_ from reviews reviewenti0_
2021-02-06 11:44:33.991 DEBUG 12368 --- [    Test worker] org.hibernate.SQL                        : select reviewenti0_.id as id1_0_, reviewenti0_.author as author2_0_, reviewenti0_.content as content3_0_, reviewenti0_.product_id as product_4_0_, reviewenti0_.review_id as review_i5_0_, reviewenti0_.subject as subject6_0_, reviewenti0_.version as version7_0_ from reviews reviewenti0_ where reviewenti0_.product_id=?
2021-02-06 11:44:33.991 TRACE 12368 --- [    Test worker] o.h.type.descriptor.sql.BasicBinder      : binding parameter [1] as [INTEGER] - [1]
2021-02-06 11:44:34.041 DEBUG 12368 --- [ctor-http-nio-3] org.hibernate.SQL                        : call next value for hibernate_sequence
2021-02-06 11:44:34.042 DEBUG 12368 --- [ctor-http-nio-3] org.hibernate.SQL                        : insert into reviews (author, content, product_id, review_id, subject, version, id) values (?, ?, ?, ?, ?, ?, ?)
2021-02-06 11:44:34.042 TRACE 12368 --- [ctor-http-nio-3] o.h.type.descriptor.sql.BasicBinder      : binding parameter [1] as [VARCHAR] - [Author 1]
2021-02-06 11:44:34.043 TRACE 12368 --- [ctor-http-nio-3] o.h.type.descriptor.sql.BasicBinder      : binding parameter [2] as [VARCHAR] - [Content 1]
2021-02-06 11:44:34.043 TRACE 12368 --- [ctor-http-nio-3] o.h.type.descriptor.sql.BasicBinder      : binding parameter [3] as [INTEGER] - [1]
2021-02-06 11:44:34.043 TRACE 12368 --- [ctor-http-nio-3] o.h.type.descriptor.sql.BasicBinder      : binding parameter [4] as [INTEGER] - [1]
2021-02-06 11:44:34.043 TRACE 12368 --- [ctor-http-nio-3] o.h.type.descriptor.sql.BasicBinder      : binding parameter [5] as [VARCHAR] - [Subject 1]
2021-02-06 11:44:34.043 TRACE 12368 --- [ctor-http-nio-3] o.h.type.descriptor.sql.BasicBinder      : binding parameter [6] as [INTEGER] - [0]
2021-02-06 11:44:34.043 TRACE 12368 --- [ctor-http-nio-3] o.h.type.descriptor.sql.BasicBinder      : binding parameter [7] as [INTEGER] - [1]
2021-02-06 11:44:34.044 DEBUG 12368 --- [ctor-http-nio-3] i.l.l.m.r.s.services.ReviewServiceImpl   : createReview: created a review entity: 1/1
2021-02-06 11:44:34.049 DEBUG 12368 --- [ctor-http-nio-3] org.hibernate.SQL                        : call next value for hibernate_sequence
2021-02-06 11:44:34.049 DEBUG 12368 --- [ctor-http-nio-3] org.hibernate.SQL                        : insert into reviews (author, content, product_id, review_id, subject, version, id) values (?, ?, ?, ?, ?, ?, ?)
2021-02-06 11:44:34.050 TRACE 12368 --- [ctor-http-nio-3] o.h.type.descriptor.sql.BasicBinder      : binding parameter [1] as [VARCHAR] - [Author 2]
2021-02-06 11:44:34.050 TRACE 12368 --- [ctor-http-nio-3] o.h.type.descriptor.sql.BasicBinder      : binding parameter [2] as [VARCHAR] - [Content 2]
2021-02-06 11:44:34.050 TRACE 12368 --- [ctor-http-nio-3] o.h.type.descriptor.sql.BasicBinder      : binding parameter [3] as [INTEGER] - [1]
2021-02-06 11:44:34.050 TRACE 12368 --- [ctor-http-nio-3] o.h.type.descriptor.sql.BasicBinder      : binding parameter [4] as [INTEGER] - [2]
2021-02-06 11:44:34.050 TRACE 12368 --- [ctor-http-nio-3] o.h.type.descriptor.sql.BasicBinder      : binding parameter [5] as [VARCHAR] - [Subject 2]
2021-02-06 11:44:34.050 TRACE 12368 --- [ctor-http-nio-3] o.h.type.descriptor.sql.BasicBinder      : binding parameter [6] as [INTEGER] - [0]
2021-02-06 11:44:34.050 TRACE 12368 --- [ctor-http-nio-3] o.h.type.descriptor.sql.BasicBinder      : binding parameter [7] as [INTEGER] - [2]
2021-02-06 11:44:34.050 DEBUG 12368 --- [ctor-http-nio-3] i.l.l.m.r.s.services.ReviewServiceImpl   : createReview: created a review entity: 1/2
2021-02-06 11:44:34.056 DEBUG 12368 --- [ctor-http-nio-3] org.hibernate.SQL                        : call next value for hibernate_sequence
2021-02-06 11:44:34.057 DEBUG 12368 --- [ctor-http-nio-3] org.hibernate.SQL                        : insert into reviews (author, content, product_id, review_id, subject, version, id) values (?, ?, ?, ?, ?, ?, ?)
2021-02-06 11:44:34.057 TRACE 12368 --- [ctor-http-nio-3] o.h.type.descriptor.sql.BasicBinder      : binding parameter [1] as [VARCHAR] - [Author 3]
2021-02-06 11:44:34.057 TRACE 12368 --- [ctor-http-nio-3] o.h.type.descriptor.sql.BasicBinder      : binding parameter [2] as [VARCHAR] - [Content 3]
2021-02-06 11:44:34.057 TRACE 12368 --- [ctor-http-nio-3] o.h.type.descriptor.sql.BasicBinder      : binding parameter [3] as [INTEGER] - [1]
2021-02-06 11:44:34.057 TRACE 12368 --- [ctor-http-nio-3] o.h.type.descriptor.sql.BasicBinder      : binding parameter [4] as [INTEGER] - [3]
2021-02-06 11:44:34.057 TRACE 12368 --- [ctor-http-nio-3] o.h.type.descriptor.sql.BasicBinder      : binding parameter [5] as [VARCHAR] - [Subject 3]
2021-02-06 11:44:34.057 TRACE 12368 --- [ctor-http-nio-3] o.h.type.descriptor.sql.BasicBinder      : binding parameter [6] as [INTEGER] - [0]
2021-02-06 11:44:34.057 TRACE 12368 --- [ctor-http-nio-3] o.h.type.descriptor.sql.BasicBinder      : binding parameter [7] as [INTEGER] - [3]
2021-02-06 11:44:34.058 DEBUG 12368 --- [ctor-http-nio-3] i.l.l.m.r.s.services.ReviewServiceImpl   : createReview: created a review entity: 1/3
2021-02-06 11:44:34.059 DEBUG 12368 --- [    Test worker] org.hibernate.SQL                        : select reviewenti0_.id as id1_0_, reviewenti0_.author as author2_0_, reviewenti0_.content as content3_0_, reviewenti0_.product_id as product_4_0_, reviewenti0_.review_id as review_i5_0_, reviewenti0_.subject as subject6_0_, reviewenti0_.version as version7_0_ from reviews reviewenti0_ where reviewenti0_.product_id=?
2021-02-06 11:44:34.060 TRACE 12368 --- [    Test worker] o.h.type.descriptor.sql.BasicBinder      : binding parameter [1] as [INTEGER] - [1]
2021-02-06 11:44:34.063 DEBUG 12368 --- [ctor-http-nio-3] org.hibernate.SQL                        : select reviewenti0_.id as id1_0_, reviewenti0_.author as author2_0_, reviewenti0_.content as content3_0_, reviewenti0_.product_id as product_4_0_, reviewenti0_.review_id as review_i5_0_, reviewenti0_.subject as subject6_0_, reviewenti0_.version as version7_0_ from reviews reviewenti0_ where reviewenti0_.product_id=?
2021-02-06 11:44:34.063 TRACE 12368 --- [ctor-http-nio-3] o.h.type.descriptor.sql.BasicBinder      : binding parameter [1] as [INTEGER] - [1]
2021-02-06 11:44:34.065 DEBUG 12368 --- [ctor-http-nio-3] i.l.l.m.r.s.services.ReviewServiceImpl   : getReviews: response size: 3
2021-02-06 11:44:34.074 DEBUG 12368 --- [    Test worker] org.hibernate.SQL                        : select reviewenti0_.id as id1_0_, reviewenti0_.author as author2_0_, reviewenti0_.content as content3_0_, reviewenti0_.product_id as product_4_0_, reviewenti0_.review_id as review_i5_0_, reviewenti0_.subject as subject6_0_, reviewenti0_.version as version7_0_ from reviews reviewenti0_
2021-02-06 11:44:34.075 DEBUG 12368 --- [    Test worker] org.hibernate.SQL                        : delete from reviews where id=? and version=?
2021-02-06 11:44:34.076 TRACE 12368 --- [    Test worker] o.h.type.descriptor.sql.BasicBinder      : binding parameter [1] as [INTEGER] - [1]
2021-02-06 11:44:34.076 TRACE 12368 --- [    Test worker] o.h.type.descriptor.sql.BasicBinder      : binding parameter [2] as [INTEGER] - [0]
2021-02-06 11:44:34.076 DEBUG 12368 --- [    Test worker] org.hibernate.SQL                        : delete from reviews where id=? and version=?
2021-02-06 11:44:34.076 TRACE 12368 --- [    Test worker] o.h.type.descriptor.sql.BasicBinder      : binding parameter [1] as [INTEGER] - [2]
2021-02-06 11:44:34.076 TRACE 12368 --- [    Test worker] o.h.type.descriptor.sql.BasicBinder      : binding parameter [2] as [INTEGER] - [0]
2021-02-06 11:44:34.076 DEBUG 12368 --- [    Test worker] org.hibernate.SQL                        : delete from reviews where id=? and version=?
2021-02-06 11:44:34.076 TRACE 12368 --- [    Test worker] o.h.type.descriptor.sql.BasicBinder      : binding parameter [1] as [INTEGER] - [3]
2021-02-06 11:44:34.076 TRACE 12368 --- [    Test worker] o.h.type.descriptor.sql.BasicBinder      : binding parameter [2] as [INTEGER] - [0]
2021-02-06 11:44:34.079 DEBUG 12368 --- [    Test worker] org.hibernate.SQL                        : select count(*) as col_0_0_ from reviews reviewenti0_
2021-02-06 11:44:34.082 DEBUG 12368 --- [ctor-http-nio-3] org.hibernate.SQL                        : call next value for hibernate_sequence
2021-02-06 11:44:34.082 DEBUG 12368 --- [ctor-http-nio-3] org.hibernate.SQL                        : insert into reviews (author, content, product_id, review_id, subject, version, id) values (?, ?, ?, ?, ?, ?, ?)
2021-02-06 11:44:34.082 TRACE 12368 --- [ctor-http-nio-3] o.h.type.descriptor.sql.BasicBinder      : binding parameter [1] as [VARCHAR] - [Author 1]
2021-02-06 11:44:34.082 TRACE 12368 --- [ctor-http-nio-3] o.h.type.descriptor.sql.BasicBinder      : binding parameter [2] as [VARCHAR] - [Content 1]
2021-02-06 11:44:34.082 TRACE 12368 --- [ctor-http-nio-3] o.h.type.descriptor.sql.BasicBinder      : binding parameter [3] as [INTEGER] - [1]
2021-02-06 11:44:34.082 TRACE 12368 --- [ctor-http-nio-3] o.h.type.descriptor.sql.BasicBinder      : binding parameter [4] as [INTEGER] - [1]
2021-02-06 11:44:34.083 TRACE 12368 --- [ctor-http-nio-3] o.h.type.descriptor.sql.BasicBinder      : binding parameter [5] as [VARCHAR] - [Subject 1]
2021-02-06 11:44:34.083 TRACE 12368 --- [ctor-http-nio-3] o.h.type.descriptor.sql.BasicBinder      : binding parameter [6] as [INTEGER] - [0]
2021-02-06 11:44:34.083 TRACE 12368 --- [ctor-http-nio-3] o.h.type.descriptor.sql.BasicBinder      : binding parameter [7] as [INTEGER] - [4]
2021-02-06 11:44:34.083 DEBUG 12368 --- [ctor-http-nio-3] i.l.l.m.r.s.services.ReviewServiceImpl   : createReview: created a review entity: 1/1
2021-02-06 11:44:34.085 DEBUG 12368 --- [    Test worker] org.hibernate.SQL                        : select count(*) as col_0_0_ from reviews reviewenti0_
2021-02-06 11:44:34.090 DEBUG 12368 --- [ctor-http-nio-3] org.hibernate.SQL                        : call next value for hibernate_sequence
2021-02-06 11:44:34.091 DEBUG 12368 --- [ctor-http-nio-3] org.hibernate.SQL                        : insert into reviews (author, content, product_id, review_id, subject, version, id) values (?, ?, ?, ?, ?, ?, ?)
2021-02-06 11:44:34.091 TRACE 12368 --- [ctor-http-nio-3] o.h.type.descriptor.sql.BasicBinder      : binding parameter [1] as [VARCHAR] - [Author 1]
2021-02-06 11:44:34.091 TRACE 12368 --- [ctor-http-nio-3] o.h.type.descriptor.sql.BasicBinder      : binding parameter [2] as [VARCHAR] - [Content 1]
2021-02-06 11:44:34.091 TRACE 12368 --- [ctor-http-nio-3] o.h.type.descriptor.sql.BasicBinder      : binding parameter [3] as [INTEGER] - [1]
2021-02-06 11:44:34.091 TRACE 12368 --- [ctor-http-nio-3] o.h.type.descriptor.sql.BasicBinder      : binding parameter [4] as [INTEGER] - [1]
2021-02-06 11:44:34.091 TRACE 12368 --- [ctor-http-nio-3] o.h.type.descriptor.sql.BasicBinder      : binding parameter [5] as [VARCHAR] - [Subject 1]
2021-02-06 11:44:34.091 TRACE 12368 --- [ctor-http-nio-3] o.h.type.descriptor.sql.BasicBinder      : binding parameter [6] as [INTEGER] - [0]
2021-02-06 11:44:34.091 TRACE 12368 --- [ctor-http-nio-3] o.h.type.descriptor.sql.BasicBinder      : binding parameter [7] as [INTEGER] - [5]
2021-02-06 11:44:34.091  WARN 12368 --- [ctor-http-nio-3] o.h.engine.jdbc.spi.SqlExceptionHelper   : SQL Error: 23505, SQLState: 23505
2021-02-06 11:44:34.091 ERROR 12368 --- [ctor-http-nio-3] o.h.engine.jdbc.spi.SqlExceptionHelper   : Unique index or primary key violation: "PUBLIC.REVIEWS_UNIQUE_IDX_INDEX_6 ON PUBLIC.REVIEWS(PRODUCT_ID, REVIEW_ID) VALUES 4"; SQL statement:
insert into reviews (author, content, product_id, review_id, subject, version, id) values (?, ?, ?, ?, ?, ?, ?) [23505-200]
2021-02-06 11:44:34.093 DEBUG 12368 --- [ctor-http-nio-3] l.m.u.h.GlobalControllerExceptionHandler : Returning HTTP status: 422 UNPROCESSABLE_ENTITY for path, message: Duplicate key, Product Id: 1, Review Id: 1
2021-02-06 11:44:34.095 DEBUG 12368 --- [    Test worker] org.hibernate.SQL                        : select count(*) as col_0_0_ from reviews reviewenti0_
2021-02-06 11:44:34.099 DEBUG 12368 --- [    Test worker] org.hibernate.SQL                        : select reviewenti0_.id as id1_0_, reviewenti0_.author as author2_0_, reviewenti0_.content as content3_0_, reviewenti0_.product_id as product_4_0_, reviewenti0_.review_id as review_i5_0_, reviewenti0_.subject as subject6_0_, reviewenti0_.version as version7_0_ from reviews reviewenti0_
2021-02-06 11:44:34.099 DEBUG 12368 --- [    Test worker] org.hibernate.SQL                        : delete from reviews where id=? and version=?
2021-02-06 11:44:34.100 TRACE 12368 --- [    Test worker] o.h.type.descriptor.sql.BasicBinder      : binding parameter [1] as [INTEGER] - [4]
2021-02-06 11:44:34.100 TRACE 12368 --- [    Test worker] o.h.type.descriptor.sql.BasicBinder      : binding parameter [2] as [INTEGER] - [0]
2021-02-06 11:44:34.107 DEBUG 12368 --- [    Test worker] org.hibernate.SQL                        : select reviewenti0_.id as id1_0_, reviewenti0_.author as author2_0_, reviewenti0_.content as content3_0_, reviewenti0_.product_id as product_4_0_, reviewenti0_.review_id as review_i5_0_, reviewenti0_.subject as subject6_0_, reviewenti0_.version as version7_0_ from reviews reviewenti0_
2021-02-06 11:44:34.108 DEBUG 12368 --- [    Test worker] org.hibernate.SQL                        : select reviewenti0_.id as id1_0_, reviewenti0_.author as author2_0_, reviewenti0_.content as content3_0_, reviewenti0_.product_id as product_4_0_, reviewenti0_.review_id as review_i5_0_, reviewenti0_.subject as subject6_0_, reviewenti0_.version as version7_0_ from reviews reviewenti0_ where reviewenti0_.product_id=?
2021-02-06 11:44:34.108 TRACE 12368 --- [    Test worker] o.h.type.descriptor.sql.BasicBinder      : binding parameter [1] as [INTEGER] - [1]
2021-02-06 11:44:34.112 DEBUG 12368 --- [ctor-http-nio-3] org.hibernate.SQL                        : call next value for hibernate_sequence
2021-02-06 11:44:34.113 DEBUG 12368 --- [ctor-http-nio-3] org.hibernate.SQL                        : insert into reviews (author, content, product_id, review_id, subject, version, id) values (?, ?, ?, ?, ?, ?, ?)
2021-02-06 11:44:34.113 TRACE 12368 --- [ctor-http-nio-3] o.h.type.descriptor.sql.BasicBinder      : binding parameter [1] as [VARCHAR] - [Author 1]
2021-02-06 11:44:34.113 TRACE 12368 --- [ctor-http-nio-3] o.h.type.descriptor.sql.BasicBinder      : binding parameter [2] as [VARCHAR] - [Content 1]
2021-02-06 11:44:34.113 TRACE 12368 --- [ctor-http-nio-3] o.h.type.descriptor.sql.BasicBinder      : binding parameter [3] as [INTEGER] - [1]
2021-02-06 11:44:34.113 TRACE 12368 --- [ctor-http-nio-3] o.h.type.descriptor.sql.BasicBinder      : binding parameter [4] as [INTEGER] - [1]
2021-02-06 11:44:34.113 TRACE 12368 --- [ctor-http-nio-3] o.h.type.descriptor.sql.BasicBinder      : binding parameter [5] as [VARCHAR] - [Subject 1]
2021-02-06 11:44:34.114 TRACE 12368 --- [ctor-http-nio-3] o.h.type.descriptor.sql.BasicBinder      : binding parameter [6] as [INTEGER] - [0]
2021-02-06 11:44:34.114 TRACE 12368 --- [ctor-http-nio-3] o.h.type.descriptor.sql.BasicBinder      : binding parameter [7] as [INTEGER] - [6]
2021-02-06 11:44:34.114 DEBUG 12368 --- [ctor-http-nio-3] i.l.l.m.r.s.services.ReviewServiceImpl   : createReview: created a review entity: 1/1
2021-02-06 11:44:34.116 DEBUG 12368 --- [    Test worker] org.hibernate.SQL                        : select reviewenti0_.id as id1_0_, reviewenti0_.author as author2_0_, reviewenti0_.content as content3_0_, reviewenti0_.product_id as product_4_0_, reviewenti0_.review_id as review_i5_0_, reviewenti0_.subject as subject6_0_, reviewenti0_.version as version7_0_ from reviews reviewenti0_ where reviewenti0_.product_id=?
2021-02-06 11:44:34.116 TRACE 12368 --- [    Test worker] o.h.type.descriptor.sql.BasicBinder      : binding parameter [1] as [INTEGER] - [1]
2021-02-06 11:44:34.118 DEBUG 12368 --- [ctor-http-nio-3] i.l.l.m.r.s.services.ReviewServiceImpl   : deleteReviews: tries to delete reviews for the product with productId: 1
2021-02-06 11:44:34.119 DEBUG 12368 --- [ctor-http-nio-3] org.hibernate.SQL                        : select reviewenti0_.id as id1_0_, reviewenti0_.author as author2_0_, reviewenti0_.content as content3_0_, reviewenti0_.product_id as product_4_0_, reviewenti0_.review_id as review_i5_0_, reviewenti0_.subject as subject6_0_, reviewenti0_.version as version7_0_ from reviews reviewenti0_ where reviewenti0_.product_id=?
2021-02-06 11:44:34.119 TRACE 12368 --- [ctor-http-nio-3] o.h.type.descriptor.sql.BasicBinder      : binding parameter [1] as [INTEGER] - [1]
2021-02-06 11:44:34.120 DEBUG 12368 --- [ctor-http-nio-3] org.hibernate.SQL                        : select reviewenti0_.id as id1_0_0_, reviewenti0_.author as author2_0_0_, reviewenti0_.content as content3_0_0_, reviewenti0_.product_id as product_4_0_0_, reviewenti0_.review_id as review_i5_0_0_, reviewenti0_.subject as subject6_0_0_, reviewenti0_.version as version7_0_0_ from reviews reviewenti0_ where reviewenti0_.id=?
2021-02-06 11:44:34.120 TRACE 12368 --- [ctor-http-nio-3] o.h.type.descriptor.sql.BasicBinder      : binding parameter [1] as [INTEGER] - [6]
2021-02-06 11:44:34.121 DEBUG 12368 --- [ctor-http-nio-3] org.hibernate.SQL                        : delete from reviews where id=? and version=?
2021-02-06 11:44:34.121 TRACE 12368 --- [ctor-http-nio-3] o.h.type.descriptor.sql.BasicBinder      : binding parameter [1] as [INTEGER] - [6]
2021-02-06 11:44:34.121 TRACE 12368 --- [ctor-http-nio-3] o.h.type.descriptor.sql.BasicBinder      : binding parameter [2] as [INTEGER] - [0]
2021-02-06 11:44:34.125 DEBUG 12368 --- [    Test worker] org.hibernate.SQL                        : select reviewenti0_.id as id1_0_, reviewenti0_.author as author2_0_, reviewenti0_.content as content3_0_, reviewenti0_.product_id as product_4_0_, reviewenti0_.review_id as review_i5_0_, reviewenti0_.subject as subject6_0_, reviewenti0_.version as version7_0_ from reviews reviewenti0_ where reviewenti0_.product_id=?
2021-02-06 11:44:34.125 TRACE 12368 --- [    Test worker] o.h.type.descriptor.sql.BasicBinder      : binding parameter [1] as [INTEGER] - [1]
2021-02-06 11:44:34.126 DEBUG 12368 --- [ctor-http-nio-3] i.l.l.m.r.s.services.ReviewServiceImpl   : deleteReviews: tries to delete reviews for the product with productId: 1
2021-02-06 11:44:34.127 DEBUG 12368 --- [ctor-http-nio-3] org.hibernate.SQL                        : select reviewenti0_.id as id1_0_, reviewenti0_.author as author2_0_, reviewenti0_.content as content3_0_, reviewenti0_.product_id as product_4_0_, reviewenti0_.review_id as review_i5_0_, reviewenti0_.subject as subject6_0_, reviewenti0_.version as version7_0_ from reviews reviewenti0_ where reviewenti0_.product_id=?
2021-02-06 11:44:34.127 TRACE 12368 --- [ctor-http-nio-3] o.h.type.descriptor.sql.BasicBinder      : binding parameter [1] as [INTEGER] - [1]
2021-02-06 11:44:34.133 DEBUG 12368 --- [    Test worker] org.hibernate.SQL                        : select reviewenti0_.id as id1_0_, reviewenti0_.author as author2_0_, reviewenti0_.content as content3_0_, reviewenti0_.product_id as product_4_0_, reviewenti0_.review_id as review_i5_0_, reviewenti0_.subject as subject6_0_, reviewenti0_.version as version7_0_ from reviews reviewenti0_
2021-02-06 11:44:34.136 DEBUG 12368 --- [ctor-http-nio-3] org.hibernate.SQL                        : select reviewenti0_.id as id1_0_, reviewenti0_.author as author2_0_, reviewenti0_.content as content3_0_, reviewenti0_.product_id as product_4_0_, reviewenti0_.review_id as review_i5_0_, reviewenti0_.subject as subject6_0_, reviewenti0_.version as version7_0_ from reviews reviewenti0_ where reviewenti0_.product_id=?
2021-02-06 11:44:34.136 TRACE 12368 --- [ctor-http-nio-3] o.h.type.descriptor.sql.BasicBinder      : binding parameter [1] as [INTEGER] - [213]
2021-02-06 11:44:34.137 DEBUG 12368 --- [ctor-http-nio-3] i.l.l.m.r.s.services.ReviewServiceImpl   : getReviews: response size: 0
]]></system-out>
  <system-err><![CDATA[]]></system-err>
</testsuite>
