<?xml version="1.0" encoding="UTF-8"?>
<testsuite name="io.locngo.learning.microservices.review.service.PersistenceTests" tests="6" skipped="0" failures="0" errors="0" timestamp="2021-02-06T04:44:31" hostname="LAPTOP-J4BOEGNR" time="0.3">
  <properties/>
  <testcase name="optimisticLockError" classname="io.locngo.learning.microservices.review.service.PersistenceTests" time="0.217"/>
  <testcase name="create" classname="io.locngo.learning.microservices.review.service.PersistenceTests" time="0.023"/>
  <testcase name="delete" classname="io.locngo.learning.microservices.review.service.PersistenceTests" time="0.023"/>
  <testcase name="getReviewsByProductId" classname="io.locngo.learning.microservices.review.service.PersistenceTests" time="0.013"/>
  <testcase name="update" classname="io.locngo.learning.microservices.review.service.PersistenceTests" time="0.011"/>
  <testcase name="duplicateError" classname="io.locngo.learning.microservices.review.service.PersistenceTests" time="0.01"/>
  <system-out><![CDATA[11:44:28.202 [Test worker] DEBUG org.springframework.test.context.junit4.SpringJUnit4ClassRunner - SpringJUnit4ClassRunner constructor called with [class io.locngo.learning.microservices.review.service.PersistenceTests]
11:44:28.206 [Test worker] DEBUG org.springframework.test.context.BootstrapUtils - Instantiating CacheAwareContextLoaderDelegate from class [org.springframework.test.context.cache.DefaultCacheAwareContextLoaderDelegate]
11:44:28.213 [Test worker] DEBUG org.springframework.test.context.BootstrapUtils - Instantiating BootstrapContext using constructor [public org.springframework.test.context.support.DefaultBootstrapContext(java.lang.Class,org.springframework.test.context.CacheAwareContextLoaderDelegate)]
11:44:28.251 [Test worker] DEBUG org.springframework.test.context.BootstrapUtils - Instantiating TestContextBootstrapper for test class [io.locngo.learning.microservices.review.service.PersistenceTests] from class [org.springframework.boot.test.autoconfigure.orm.jpa.DataJpaTestContextBootstrapper]
11:44:28.264 [Test worker] INFO org.springframework.boot.test.autoconfigure.orm.jpa.DataJpaTestContextBootstrapper - Neither @ContextConfiguration nor @ContextHierarchy found for test class [io.locngo.learning.microservices.review.service.PersistenceTests], using SpringBootContextLoader
11:44:28.267 [Test worker] DEBUG org.springframework.test.context.support.AbstractContextLoader - Did not detect default resource location for test class [io.locngo.learning.microservices.review.service.PersistenceTests]: class path resource [io/locngo/learning/microservices/review/service/PersistenceTests-context.xml] does not exist
11:44:28.268 [Test worker] DEBUG org.springframework.test.context.support.AbstractContextLoader - Did not detect default resource location for test class [io.locngo.learning.microservices.review.service.PersistenceTests]: class path resource [io/locngo/learning/microservices/review/service/PersistenceTestsContext.groovy] does not exist
11:44:28.268 [Test worker] INFO org.springframework.test.context.support.AbstractContextLoader - Could not detect default resource locations for test class [io.locngo.learning.microservices.review.service.PersistenceTests]: no resource found for suffixes {-context.xml, Context.groovy}.
11:44:28.268 [Test worker] INFO org.springframework.test.context.support.AnnotationConfigContextLoaderUtils - Could not detect default configuration classes for test class [io.locngo.learning.microservices.review.service.PersistenceTests]: PersistenceTests does not declare any static, non-private, non-final, nested classes annotated with @Configuration.
11:44:28.316 [Test worker] DEBUG org.springframework.test.context.support.ActiveProfilesUtils - Could not find an 'annotation declaring class' for annotation type [org.springframework.test.context.ActiveProfiles] and class [io.locngo.learning.microservices.review.service.PersistenceTests]
11:44:28.365 [Test worker] DEBUG org.springframework.context.annotation.ClassPathScanningCandidateComponentProvider - Identified candidate component class: file [D:\master_java\learning-microservices\review-service\build\classes\java\main\io\locngo\learning\microservices\review\service\ReviewApplication.class]
11:44:28.366 [Test worker] INFO org.springframework.boot.test.context.SpringBootTestContextBootstrapper - Found @SpringBootConfiguration io.locngo.learning.microservices.review.service.ReviewApplication for test class io.locngo.learning.microservices.review.service.PersistenceTests
11:44:28.368 [Test worker] DEBUG org.springframework.boot.test.autoconfigure.orm.jpa.DataJpaTestContextBootstrapper - @TestExecutionListeners is not present for class [io.locngo.learning.microservices.review.service.PersistenceTests]: using defaults.
11:44:28.368 [Test worker] INFO org.springframework.boot.test.autoconfigure.orm.jpa.DataJpaTestContextBootstrapper - Loaded default TestExecutionListener class names from location [META-INF/spring.factories]: [org.springframework.boot.test.autoconfigure.restdocs.RestDocsTestExecutionListener, org.springframework.boot.test.autoconfigure.web.client.MockRestServiceServerResetTestExecutionListener, org.springframework.boot.test.autoconfigure.web.servlet.MockMvcPrintOnlyOnFailureTestExecutionListener, org.springframework.boot.test.autoconfigure.web.servlet.WebDriverTestExecutionListener, org.springframework.boot.test.autoconfigure.webservices.client.MockWebServiceServerTestExecutionListener, org.springframework.boot.test.mock.mockito.MockitoTestExecutionListener, org.springframework.boot.test.mock.mockito.ResetMocksTestExecutionListener, org.springframework.test.context.web.ServletTestExecutionListener, org.springframework.test.context.support.DirtiesContextBeforeModesTestExecutionListener, org.springframework.test.context.support.DependencyInjectionTestExecutionListener, org.springframework.test.context.support.DirtiesContextTestExecutionListener, org.springframework.test.context.transaction.TransactionalTestExecutionListener, org.springframework.test.context.jdbc.SqlScriptsTestExecutionListener, org.springframework.test.context.event.EventPublishingTestExecutionListener]
11:44:28.375 [Test worker] DEBUG org.springframework.boot.test.autoconfigure.orm.jpa.DataJpaTestContextBootstrapper - Skipping candidate TestExecutionListener [org.springframework.test.context.web.ServletTestExecutionListener] due to a missing dependency. Specify custom listener classes or make the default listener classes and their required dependencies available. Offending class: [javax/servlet/ServletContext]
11:44:28.382 [Test worker] INFO org.springframework.boot.test.autoconfigure.orm.jpa.DataJpaTestContextBootstrapper - Using TestExecutionListeners: [org.springframework.test.context.support.DirtiesContextBeforeModesTestExecutionListener@6533d09e, org.springframework.boot.test.mock.mockito.MockitoTestExecutionListener@40379224, org.springframework.boot.test.autoconfigure.SpringBootDependencyInjectionTestExecutionListener@277f758d, org.springframework.test.context.support.DirtiesContextTestExecutionListener@53781c9a, org.springframework.test.context.transaction.TransactionalTestExecutionListener@28b4914b, org.springframework.test.context.jdbc.SqlScriptsTestExecutionListener@546e90cb, org.springframework.test.context.event.EventPublishingTestExecutionListener@8e144d6, org.springframework.boot.test.autoconfigure.restdocs.RestDocsTestExecutionListener@1b6e059c, org.springframework.boot.test.autoconfigure.web.client.MockRestServiceServerResetTestExecutionListener@175ce173, org.springframework.boot.test.autoconfigure.web.servlet.MockMvcPrintOnlyOnFailureTestExecutionListener@3714d39b, org.springframework.boot.test.autoconfigure.web.servlet.WebDriverTestExecutionListener@3551e65b, org.springframework.boot.test.autoconfigure.webservices.client.MockWebServiceServerTestExecutionListener@5ef85788, org.springframework.boot.test.mock.mockito.ResetMocksTestExecutionListener@2edf725d]
11:44:28.383 [Test worker] DEBUG org.springframework.test.annotation.ProfileValueUtils - Retrieved @ProfileValueSourceConfiguration [null] for test class [io.locngo.learning.microservices.review.service.PersistenceTests]
11:44:28.384 [Test worker] DEBUG org.springframework.test.annotation.ProfileValueUtils - Retrieved ProfileValueSource type [class org.springframework.test.annotation.SystemProfileValueSource] for class [io.locngo.learning.microservices.review.service.PersistenceTests]
11:44:28.384 [Test worker] DEBUG org.springframework.test.annotation.ProfileValueUtils - Retrieved @ProfileValueSourceConfiguration [null] for test class [io.locngo.learning.microservices.review.service.PersistenceTests]
11:44:28.384 [Test worker] DEBUG org.springframework.test.annotation.ProfileValueUtils - Retrieved ProfileValueSource type [class org.springframework.test.annotation.SystemProfileValueSource] for class [io.locngo.learning.microservices.review.service.PersistenceTests]
11:44:28.384 [Test worker] DEBUG org.springframework.test.annotation.ProfileValueUtils - Retrieved @ProfileValueSourceConfiguration [null] for test class [io.locngo.learning.microservices.review.service.PersistenceTests]
11:44:28.384 [Test worker] DEBUG org.springframework.test.annotation.ProfileValueUtils - Retrieved ProfileValueSource type [class org.springframework.test.annotation.SystemProfileValueSource] for class [io.locngo.learning.microservices.review.service.PersistenceTests]
11:44:28.385 [Test worker] DEBUG org.springframework.test.annotation.ProfileValueUtils - Retrieved @ProfileValueSourceConfiguration [null] for test class [io.locngo.learning.microservices.review.service.PersistenceTests]
11:44:28.385 [Test worker] DEBUG org.springframework.test.annotation.ProfileValueUtils - Retrieved ProfileValueSource type [class org.springframework.test.annotation.SystemProfileValueSource] for class [io.locngo.learning.microservices.review.service.PersistenceTests]
11:44:28.388 [Test worker] DEBUG org.springframework.test.context.support.AbstractDirtiesContextTestExecutionListener - Before test class: context [DefaultTestContext@25c1352b testClass = PersistenceTests, testInstance = [null], testMethod = [null], testException = [null], mergedContextConfiguration = [MergedContextConfiguration@22839dad testClass = PersistenceTests, locations = '{}', classes = '{class io.locngo.learning.microservices.review.service.ReviewApplication}', contextInitializerClasses = '[]', activeProfiles = '{}', propertySourceLocations = '{}', propertySourceProperties = '{org.springframework.boot.test.autoconfigure.orm.jpa.DataJpaTestContextBootstrapper=true}', contextCustomizers = set[org.springframework.boot.test.autoconfigure.OverrideAutoConfigurationContextCustomizerFactory$DisableAutoConfigurationContextCustomizer@ea130bc, org.springframework.boot.test.autoconfigure.filter.TypeExcludeFiltersContextCustomizer@351584c0, org.springframework.boot.test.autoconfigure.properties.PropertyMappingContextCustomizer@7f98ff0e, org.springframework.boot.test.autoconfigure.web.servlet.WebDriverContextCustomizerFactory$Customizer@228fa209, [ImportsContextCustomizer@50dd12b key = [org.springframework.boot.autoconfigure.cache.CacheAutoConfiguration, org.springframework.boot.autoconfigure.data.jpa.JpaRepositoriesAutoConfiguration, org.springframework.boot.autoconfigure.flyway.FlywayAutoConfiguration, org.springframework.boot.autoconfigure.jdbc.DataSourceAutoConfiguration, org.springframework.boot.autoconfigure.jdbc.DataSourceTransactionManagerAutoConfiguration, org.springframework.boot.autoconfigure.jdbc.JdbcTemplateAutoConfiguration, org.springframework.boot.autoconfigure.liquibase.LiquibaseAutoConfiguration, org.springframework.boot.autoconfigure.orm.jpa.HibernateJpaAutoConfiguration, org.springframework.boot.autoconfigure.transaction.TransactionAutoConfiguration, org.springframework.boot.test.autoconfigure.jdbc.TestDatabaseAutoConfiguration, org.springframework.boot.test.autoconfigure.orm.jpa.TestEntityManagerAutoConfiguration]], org.springframework.boot.test.context.filter.ExcludeFilterContextCustomizer@6af06585, org.springframework.boot.test.json.DuplicateJsonObjectContextCustomizerFactory$DuplicateJsonObjectContextCustomizer@67e3ef02, org.springframework.boot.test.mock.mockito.MockitoContextCustomizer@0, org.springframework.boot.test.context.SpringBootTestArgs@1, org.springframework.boot.test.context.SpringBootTestWebEnvironment@0], contextLoader = 'org.springframework.boot.test.context.SpringBootContextLoader', parent = [null]], attributes = map[[empty]]], class annotated with @DirtiesContext [false] with mode [null].
11:44:28.389 [Test worker] DEBUG org.springframework.test.annotation.ProfileValueUtils - Retrieved @ProfileValueSourceConfiguration [null] for test class [io.locngo.learning.microservices.review.service.PersistenceTests]
11:44:28.389 [Test worker] DEBUG org.springframework.test.annotation.ProfileValueUtils - Retrieved ProfileValueSource type [class org.springframework.test.annotation.SystemProfileValueSource] for class [io.locngo.learning.microservices.review.service.PersistenceTests]
11:44:28.392 [Test worker] DEBUG org.springframework.test.context.support.DependencyInjectionTestExecutionListener - Performing dependency injection for test context [[DefaultTestContext@25c1352b testClass = PersistenceTests, testInstance = io.locngo.learning.microservices.review.service.PersistenceTests@5934991d, testMethod = [null], testException = [null], mergedContextConfiguration = [MergedContextConfiguration@22839dad testClass = PersistenceTests, locations = '{}', classes = '{class io.locngo.learning.microservices.review.service.ReviewApplication}', contextInitializerClasses = '[]', activeProfiles = '{}', propertySourceLocations = '{}', propertySourceProperties = '{org.springframework.boot.test.autoconfigure.orm.jpa.DataJpaTestContextBootstrapper=true}', contextCustomizers = set[org.springframework.boot.test.autoconfigure.OverrideAutoConfigurationContextCustomizerFactory$DisableAutoConfigurationContextCustomizer@ea130bc, org.springframework.boot.test.autoconfigure.filter.TypeExcludeFiltersContextCustomizer@351584c0, org.springframework.boot.test.autoconfigure.properties.PropertyMappingContextCustomizer@7f98ff0e, org.springframework.boot.test.autoconfigure.web.servlet.WebDriverContextCustomizerFactory$Customizer@228fa209, [ImportsContextCustomizer@50dd12b key = [org.springframework.boot.autoconfigure.cache.CacheAutoConfiguration, org.springframework.boot.autoconfigure.data.jpa.JpaRepositoriesAutoConfiguration, org.springframework.boot.autoconfigure.flyway.FlywayAutoConfiguration, org.springframework.boot.autoconfigure.jdbc.DataSourceAutoConfiguration, org.springframework.boot.autoconfigure.jdbc.DataSourceTransactionManagerAutoConfiguration, org.springframework.boot.autoconfigure.jdbc.JdbcTemplateAutoConfiguration, org.springframework.boot.autoconfigure.liquibase.LiquibaseAutoConfiguration, org.springframework.boot.autoconfigure.orm.jpa.HibernateJpaAutoConfiguration, org.springframework.boot.autoconfigure.transaction.TransactionAutoConfiguration, org.springframework.boot.test.autoconfigure.jdbc.TestDatabaseAutoConfiguration, org.springframework.boot.test.autoconfigure.orm.jpa.TestEntityManagerAutoConfiguration]], org.springframework.boot.test.context.filter.ExcludeFilterContextCustomizer@6af06585, org.springframework.boot.test.json.DuplicateJsonObjectContextCustomizerFactory$DuplicateJsonObjectContextCustomizer@67e3ef02, org.springframework.boot.test.mock.mockito.MockitoContextCustomizer@0, org.springframework.boot.test.context.SpringBootTestArgs@1, org.springframework.boot.test.context.SpringBootTestWebEnvironment@0], contextLoader = 'org.springframework.boot.test.context.SpringBootContextLoader', parent = [null]], attributes = map[[empty]]]].
11:44:28.413 [Test worker] DEBUG org.springframework.test.context.support.TestPropertySourceUtils - Adding inlined properties to environment: {spring.jmx.enabled=false, org.springframework.boot.test.autoconfigure.orm.jpa.DataJpaTestContextBootstrapper=true}

  .   ____          _            __ _ _
 /\\ / ___'_ __ _ _(_)_ __  __ _ \ \ \ \
( ( )\___ | '_ | '_| | '_ \/ _` | \ \ \ \
 \\/  ___)| |_)| | | | | || (_| |  ) ) ) )
  '  |____| .__|_| |_|_| |_\__, | / / / /
 =========|_|==============|___/=/_/_/_/
 :: Spring Boot ::        (v2.3.8.RELEASE)

2021-02-06 11:44:28.740  INFO 12368 --- [    Test worker] i.l.l.m.review.service.PersistenceTests  : Starting PersistenceTests on LAPTOP-J4BOEGNR with PID 12368 (started by ASUS in D:\master_java\learning-microservices\review-service)
2021-02-06 11:44:28.741 DEBUG 12368 --- [    Test worker] i.l.l.m.review.service.PersistenceTests  : Running with Spring Boot v2.3.8.RELEASE, Spring v5.2.12.RELEASE
2021-02-06 11:44:28.743  INFO 12368 --- [    Test worker] i.l.l.m.review.service.PersistenceTests  : No active profile set, falling back to default profiles: default
2021-02-06 11:44:29.047  INFO 12368 --- [    Test worker] .s.d.r.c.RepositoryConfigurationDelegate : Bootstrapping Spring Data JPA repositories in DEFAULT mode.
2021-02-06 11:44:29.199  INFO 12368 --- [    Test worker] .s.d.r.c.RepositoryConfigurationDelegate : Finished Spring Data repository scanning in 141ms. Found 1 JPA repository interfaces.
2021-02-06 11:44:29.239  INFO 12368 --- [    Test worker] beddedDataSourceBeanFactoryPostProcessor : Replacing 'dataSource' DataSource bean with embedded version
2021-02-06 11:44:29.364  INFO 12368 --- [    Test worker] o.s.j.d.e.EmbeddedDatabaseFactory        : Starting embedded database: url='jdbc:h2:mem:cd905067-0d20-4564-90ac-da5ce803c0d2;DB_CLOSE_DELAY=-1;DB_CLOSE_ON_EXIT=false', username='sa'
2021-02-06 11:44:29.711  INFO 12368 --- [    Test worker] o.hibernate.jpa.internal.util.LogHelper  : HHH000204: Processing PersistenceUnitInfo [name: default]
2021-02-06 11:44:29.779  INFO 12368 --- [    Test worker] org.hibernate.Version                    : HHH000412: Hibernate ORM core version 5.4.27.Final
2021-02-06 11:44:29.933  INFO 12368 --- [    Test worker] o.hibernate.annotations.common.Version   : HCANN000001: Hibernate Commons Annotations {5.1.2.Final}
2021-02-06 11:44:30.073  INFO 12368 --- [    Test worker] org.hibernate.dialect.Dialect            : HHH000400: Using dialect: org.hibernate.dialect.H2Dialect
2021-02-06 11:44:30.623 DEBUG 12368 --- [    Test worker] org.hibernate.SQL                        : create table reviews (id integer not null, author varchar(255), content varchar(255), product_id integer not null, review_id integer not null, subject varchar(255), version integer not null, primary key (id))
Hibernate: create table reviews (id integer not null, author varchar(255), content varchar(255), product_id integer not null, review_id integer not null, subject varchar(255), version integer not null, primary key (id))
2021-02-06 11:44:30.628 DEBUG 12368 --- [    Test worker] org.hibernate.SQL                        : alter table reviews drop constraint if exists reviews_unique_idx
Hibernate: alter table reviews drop constraint if exists reviews_unique_idx
2021-02-06 11:44:30.628 DEBUG 12368 --- [    Test worker] org.hibernate.SQL                        : alter table reviews add constraint reviews_unique_idx unique (product_id, review_id)
Hibernate: alter table reviews add constraint reviews_unique_idx unique (product_id, review_id)
2021-02-06 11:44:30.631 DEBUG 12368 --- [    Test worker] org.hibernate.SQL                        : create sequence hibernate_sequence start with 1 increment by 1
Hibernate: create sequence hibernate_sequence start with 1 increment by 1
2021-02-06 11:44:30.632  INFO 12368 --- [    Test worker] o.h.e.t.j.p.i.JtaPlatformInitiator       : HHH000490: Using JtaPlatform implementation: [org.hibernate.engine.transaction.jta.platform.internal.NoJtaPlatform]
2021-02-06 11:44:30.640  INFO 12368 --- [    Test worker] j.LocalContainerEntityManagerFactoryBean : Initialized JPA EntityManagerFactory for persistence unit 'default'
2021-02-06 11:44:31.000  INFO 12368 --- [    Test worker] i.l.l.m.review.service.PersistenceTests  : Started PersistenceTests in 2.584 seconds (JVM running for 3.663)
2021-02-06 11:44:31.150 DEBUG 12368 --- [    Test worker] org.hibernate.SQL                        : select reviewenti0_.id as id1_0_, reviewenti0_.author as author2_0_, reviewenti0_.content as content3_0_, reviewenti0_.product_id as product_4_0_, reviewenti0_.review_id as review_i5_0_, reviewenti0_.subject as subject6_0_, reviewenti0_.version as version7_0_ from reviews reviewenti0_
Hibernate: select reviewenti0_.id as id1_0_, reviewenti0_.author as author2_0_, reviewenti0_.content as content3_0_, reviewenti0_.product_id as product_4_0_, reviewenti0_.review_id as review_i5_0_, reviewenti0_.subject as subject6_0_, reviewenti0_.version as version7_0_ from reviews reviewenti0_
2021-02-06 11:44:31.161 DEBUG 12368 --- [    Test worker] org.hibernate.SQL                        : call next value for hibernate_sequence
Hibernate: call next value for hibernate_sequence
2021-02-06 11:44:31.181 DEBUG 12368 --- [    Test worker] org.hibernate.SQL                        : insert into reviews (author, content, product_id, review_id, subject, version, id) values (?, ?, ?, ?, ?, ?, ?)
Hibernate: insert into reviews (author, content, product_id, review_id, subject, version, id) values (?, ?, ?, ?, ?, ?, ?)
2021-02-06 11:44:31.183 TRACE 12368 --- [    Test worker] o.h.type.descriptor.sql.BasicBinder      : binding parameter [1] as [VARCHAR] - [a]
2021-02-06 11:44:31.183 TRACE 12368 --- [    Test worker] o.h.type.descriptor.sql.BasicBinder      : binding parameter [2] as [VARCHAR] - [c]
2021-02-06 11:44:31.183 TRACE 12368 --- [    Test worker] o.h.type.descriptor.sql.BasicBinder      : binding parameter [3] as [INTEGER] - [1]
2021-02-06 11:44:31.183 TRACE 12368 --- [    Test worker] o.h.type.descriptor.sql.BasicBinder      : binding parameter [4] as [INTEGER] - [2]
2021-02-06 11:44:31.184 TRACE 12368 --- [    Test worker] o.h.type.descriptor.sql.BasicBinder      : binding parameter [5] as [VARCHAR] - [s]
2021-02-06 11:44:31.184 TRACE 12368 --- [    Test worker] o.h.type.descriptor.sql.BasicBinder      : binding parameter [6] as [INTEGER] - [0]
2021-02-06 11:44:31.184 TRACE 12368 --- [    Test worker] o.h.type.descriptor.sql.BasicBinder      : binding parameter [7] as [INTEGER] - [1]
2021-02-06 11:44:31.192 DEBUG 12368 --- [    Test worker] org.hibernate.SQL                        : select reviewenti0_.id as id1_0_0_, reviewenti0_.author as author2_0_0_, reviewenti0_.content as content3_0_0_, reviewenti0_.product_id as product_4_0_0_, reviewenti0_.review_id as review_i5_0_0_, reviewenti0_.subject as subject6_0_0_, reviewenti0_.version as version7_0_0_ from reviews reviewenti0_ where reviewenti0_.id=?
Hibernate: select reviewenti0_.id as id1_0_0_, reviewenti0_.author as author2_0_0_, reviewenti0_.content as content3_0_0_, reviewenti0_.product_id as product_4_0_0_, reviewenti0_.review_id as review_i5_0_0_, reviewenti0_.subject as subject6_0_0_, reviewenti0_.version as version7_0_0_ from reviews reviewenti0_ where reviewenti0_.id=?
2021-02-06 11:44:31.193 TRACE 12368 --- [    Test worker] o.h.type.descriptor.sql.BasicBinder      : binding parameter [1] as [INTEGER] - [1]
2021-02-06 11:44:31.200 DEBUG 12368 --- [    Test worker] org.hibernate.SQL                        : select reviewenti0_.id as id1_0_0_, reviewenti0_.author as author2_0_0_, reviewenti0_.content as content3_0_0_, reviewenti0_.product_id as product_4_0_0_, reviewenti0_.review_id as review_i5_0_0_, reviewenti0_.subject as subject6_0_0_, reviewenti0_.version as version7_0_0_ from reviews reviewenti0_ where reviewenti0_.id=?
Hibernate: select reviewenti0_.id as id1_0_0_, reviewenti0_.author as author2_0_0_, reviewenti0_.content as content3_0_0_, reviewenti0_.product_id as product_4_0_0_, reviewenti0_.review_id as review_i5_0_0_, reviewenti0_.subject as subject6_0_0_, reviewenti0_.version as version7_0_0_ from reviews reviewenti0_ where reviewenti0_.id=?
2021-02-06 11:44:31.200 TRACE 12368 --- [    Test worker] o.h.type.descriptor.sql.BasicBinder      : binding parameter [1] as [INTEGER] - [1]
2021-02-06 11:44:31.208 DEBUG 12368 --- [    Test worker] org.hibernate.SQL                        : select reviewenti0_.id as id1_0_0_, reviewenti0_.author as author2_0_0_, reviewenti0_.content as content3_0_0_, reviewenti0_.product_id as product_4_0_0_, reviewenti0_.review_id as review_i5_0_0_, reviewenti0_.subject as subject6_0_0_, reviewenti0_.version as version7_0_0_ from reviews reviewenti0_ where reviewenti0_.id=?
Hibernate: select reviewenti0_.id as id1_0_0_, reviewenti0_.author as author2_0_0_, reviewenti0_.content as content3_0_0_, reviewenti0_.product_id as product_4_0_0_, reviewenti0_.review_id as review_i5_0_0_, reviewenti0_.subject as subject6_0_0_, reviewenti0_.version as version7_0_0_ from reviews reviewenti0_ where reviewenti0_.id=?
2021-02-06 11:44:31.209 TRACE 12368 --- [    Test worker] o.h.type.descriptor.sql.BasicBinder      : binding parameter [1] as [INTEGER] - [1]
2021-02-06 11:44:31.210 DEBUG 12368 --- [    Test worker] org.hibernate.SQL                        : update reviews set author=?, content=?, product_id=?, review_id=?, subject=?, version=? where id=? and version=?
Hibernate: update reviews set author=?, content=?, product_id=?, review_id=?, subject=?, version=? where id=? and version=?
2021-02-06 11:44:31.211 TRACE 12368 --- [    Test worker] o.h.type.descriptor.sql.BasicBinder      : binding parameter [1] as [VARCHAR] - [a1]
2021-02-06 11:44:31.211 TRACE 12368 --- [    Test worker] o.h.type.descriptor.sql.BasicBinder      : binding parameter [2] as [VARCHAR] - [c]
2021-02-06 11:44:31.211 TRACE 12368 --- [    Test worker] o.h.type.descriptor.sql.BasicBinder      : binding parameter [3] as [INTEGER] - [1]
2021-02-06 11:44:31.211 TRACE 12368 --- [    Test worker] o.h.type.descriptor.sql.BasicBinder      : binding parameter [4] as [INTEGER] - [2]
2021-02-06 11:44:31.212 TRACE 12368 --- [    Test worker] o.h.type.descriptor.sql.BasicBinder      : binding parameter [5] as [VARCHAR] - [s]
2021-02-06 11:44:31.212 TRACE 12368 --- [    Test worker] o.h.type.descriptor.sql.BasicBinder      : binding parameter [6] as [INTEGER] - [1]
2021-02-06 11:44:31.212 TRACE 12368 --- [    Test worker] o.h.type.descriptor.sql.BasicBinder      : binding parameter [7] as [INTEGER] - [1]
2021-02-06 11:44:31.212 TRACE 12368 --- [    Test worker] o.h.type.descriptor.sql.BasicBinder      : binding parameter [8] as [INTEGER] - [0]
2021-02-06 11:44:31.214 DEBUG 12368 --- [    Test worker] org.hibernate.SQL                        : select reviewenti0_.id as id1_0_0_, reviewenti0_.author as author2_0_0_, reviewenti0_.content as content3_0_0_, reviewenti0_.product_id as product_4_0_0_, reviewenti0_.review_id as review_i5_0_0_, reviewenti0_.subject as subject6_0_0_, reviewenti0_.version as version7_0_0_ from reviews reviewenti0_ where reviewenti0_.id=?
Hibernate: select reviewenti0_.id as id1_0_0_, reviewenti0_.author as author2_0_0_, reviewenti0_.content as content3_0_0_, reviewenti0_.product_id as product_4_0_0_, reviewenti0_.review_id as review_i5_0_0_, reviewenti0_.subject as subject6_0_0_, reviewenti0_.version as version7_0_0_ from reviews reviewenti0_ where reviewenti0_.id=?
2021-02-06 11:44:31.215 TRACE 12368 --- [    Test worker] o.h.type.descriptor.sql.BasicBinder      : binding parameter [1] as [INTEGER] - [1]
2021-02-06 11:44:31.219 DEBUG 12368 --- [    Test worker] org.hibernate.SQL                        : select reviewenti0_.id as id1_0_0_, reviewenti0_.author as author2_0_0_, reviewenti0_.content as content3_0_0_, reviewenti0_.product_id as product_4_0_0_, reviewenti0_.review_id as review_i5_0_0_, reviewenti0_.subject as subject6_0_0_, reviewenti0_.version as version7_0_0_ from reviews reviewenti0_ where reviewenti0_.id=?
Hibernate: select reviewenti0_.id as id1_0_0_, reviewenti0_.author as author2_0_0_, reviewenti0_.content as content3_0_0_, reviewenti0_.product_id as product_4_0_0_, reviewenti0_.review_id as review_i5_0_0_, reviewenti0_.subject as subject6_0_0_, reviewenti0_.version as version7_0_0_ from reviews reviewenti0_ where reviewenti0_.id=?
2021-02-06 11:44:31.219 TRACE 12368 --- [    Test worker] o.h.type.descriptor.sql.BasicBinder      : binding parameter [1] as [INTEGER] - [1]
2021-02-06 11:44:31.226 DEBUG 12368 --- [    Test worker] org.hibernate.SQL                        : select reviewenti0_.id as id1_0_, reviewenti0_.author as author2_0_, reviewenti0_.content as content3_0_, reviewenti0_.product_id as product_4_0_, reviewenti0_.review_id as review_i5_0_, reviewenti0_.subject as subject6_0_, reviewenti0_.version as version7_0_ from reviews reviewenti0_
Hibernate: select reviewenti0_.id as id1_0_, reviewenti0_.author as author2_0_, reviewenti0_.content as content3_0_, reviewenti0_.product_id as product_4_0_, reviewenti0_.review_id as review_i5_0_, reviewenti0_.subject as subject6_0_, reviewenti0_.version as version7_0_ from reviews reviewenti0_
2021-02-06 11:44:31.231 DEBUG 12368 --- [    Test worker] org.hibernate.SQL                        : delete from reviews where id=? and version=?
Hibernate: delete from reviews where id=? and version=?
2021-02-06 11:44:31.231 TRACE 12368 --- [    Test worker] o.h.type.descriptor.sql.BasicBinder      : binding parameter [1] as [INTEGER] - [1]
2021-02-06 11:44:31.232 TRACE 12368 --- [    Test worker] o.h.type.descriptor.sql.BasicBinder      : binding parameter [2] as [INTEGER] - [1]
2021-02-06 11:44:31.233 DEBUG 12368 --- [    Test worker] org.hibernate.SQL                        : call next value for hibernate_sequence
Hibernate: call next value for hibernate_sequence
2021-02-06 11:44:31.234 DEBUG 12368 --- [    Test worker] org.hibernate.SQL                        : insert into reviews (author, content, product_id, review_id, subject, version, id) values (?, ?, ?, ?, ?, ?, ?)
Hibernate: insert into reviews (author, content, product_id, review_id, subject, version, id) values (?, ?, ?, ?, ?, ?, ?)
2021-02-06 11:44:31.234 TRACE 12368 --- [    Test worker] o.h.type.descriptor.sql.BasicBinder      : binding parameter [1] as [VARCHAR] - [a]
2021-02-06 11:44:31.234 TRACE 12368 --- [    Test worker] o.h.type.descriptor.sql.BasicBinder      : binding parameter [2] as [VARCHAR] - [c]
2021-02-06 11:44:31.234 TRACE 12368 --- [    Test worker] o.h.type.descriptor.sql.BasicBinder      : binding parameter [3] as [INTEGER] - [1]
2021-02-06 11:44:31.234 TRACE 12368 --- [    Test worker] o.h.type.descriptor.sql.BasicBinder      : binding parameter [4] as [INTEGER] - [2]
2021-02-06 11:44:31.234 TRACE 12368 --- [    Test worker] o.h.type.descriptor.sql.BasicBinder      : binding parameter [5] as [VARCHAR] - [s]
2021-02-06 11:44:31.235 TRACE 12368 --- [    Test worker] o.h.type.descriptor.sql.BasicBinder      : binding parameter [6] as [INTEGER] - [0]
2021-02-06 11:44:31.235 TRACE 12368 --- [    Test worker] o.h.type.descriptor.sql.BasicBinder      : binding parameter [7] as [INTEGER] - [2]
2021-02-06 11:44:31.236 DEBUG 12368 --- [    Test worker] org.hibernate.SQL                        : call next value for hibernate_sequence
Hibernate: call next value for hibernate_sequence
2021-02-06 11:44:31.236 DEBUG 12368 --- [    Test worker] org.hibernate.SQL                        : insert into reviews (author, content, product_id, review_id, subject, version, id) values (?, ?, ?, ?, ?, ?, ?)
Hibernate: insert into reviews (author, content, product_id, review_id, subject, version, id) values (?, ?, ?, ?, ?, ?, ?)
2021-02-06 11:44:31.237 TRACE 12368 --- [    Test worker] o.h.type.descriptor.sql.BasicBinder      : binding parameter [1] as [VARCHAR] - [a]
2021-02-06 11:44:31.237 TRACE 12368 --- [    Test worker] o.h.type.descriptor.sql.BasicBinder      : binding parameter [2] as [VARCHAR] - [c]
2021-02-06 11:44:31.237 TRACE 12368 --- [    Test worker] o.h.type.descriptor.sql.BasicBinder      : binding parameter [3] as [INTEGER] - [1]
2021-02-06 11:44:31.237 TRACE 12368 --- [    Test worker] o.h.type.descriptor.sql.BasicBinder      : binding parameter [4] as [INTEGER] - [3]
2021-02-06 11:44:31.237 TRACE 12368 --- [    Test worker] o.h.type.descriptor.sql.BasicBinder      : binding parameter [5] as [VARCHAR] - [s]
2021-02-06 11:44:31.237 TRACE 12368 --- [    Test worker] o.h.type.descriptor.sql.BasicBinder      : binding parameter [6] as [INTEGER] - [0]
2021-02-06 11:44:31.237 TRACE 12368 --- [    Test worker] o.h.type.descriptor.sql.BasicBinder      : binding parameter [7] as [INTEGER] - [3]
2021-02-06 11:44:31.238 DEBUG 12368 --- [    Test worker] org.hibernate.SQL                        : select reviewenti0_.id as id1_0_0_, reviewenti0_.author as author2_0_0_, reviewenti0_.content as content3_0_0_, reviewenti0_.product_id as product_4_0_0_, reviewenti0_.review_id as review_i5_0_0_, reviewenti0_.subject as subject6_0_0_, reviewenti0_.version as version7_0_0_ from reviews reviewenti0_ where reviewenti0_.id=?
Hibernate: select reviewenti0_.id as id1_0_0_, reviewenti0_.author as author2_0_0_, reviewenti0_.content as content3_0_0_, reviewenti0_.product_id as product_4_0_0_, reviewenti0_.review_id as review_i5_0_0_, reviewenti0_.subject as subject6_0_0_, reviewenti0_.version as version7_0_0_ from reviews reviewenti0_ where reviewenti0_.id=?
2021-02-06 11:44:31.238 TRACE 12368 --- [    Test worker] o.h.type.descriptor.sql.BasicBinder      : binding parameter [1] as [INTEGER] - [3]
2021-02-06 11:44:31.242 DEBUG 12368 --- [    Test worker] org.hibernate.SQL                        : select count(*) as col_0_0_ from reviews reviewenti0_
Hibernate: select count(*) as col_0_0_ from reviews reviewenti0_
2021-02-06 11:44:31.249 DEBUG 12368 --- [    Test worker] org.hibernate.SQL                        : select reviewenti0_.id as id1_0_, reviewenti0_.author as author2_0_, reviewenti0_.content as content3_0_, reviewenti0_.product_id as product_4_0_, reviewenti0_.review_id as review_i5_0_, reviewenti0_.subject as subject6_0_, reviewenti0_.version as version7_0_ from reviews reviewenti0_
Hibernate: select reviewenti0_.id as id1_0_, reviewenti0_.author as author2_0_, reviewenti0_.content as content3_0_, reviewenti0_.product_id as product_4_0_, reviewenti0_.review_id as review_i5_0_, reviewenti0_.subject as subject6_0_, reviewenti0_.version as version7_0_ from reviews reviewenti0_
2021-02-06 11:44:31.251 DEBUG 12368 --- [    Test worker] org.hibernate.SQL                        : delete from reviews where id=? and version=?
Hibernate: delete from reviews where id=? and version=?
2021-02-06 11:44:31.251 TRACE 12368 --- [    Test worker] o.h.type.descriptor.sql.BasicBinder      : binding parameter [1] as [INTEGER] - [2]
2021-02-06 11:44:31.251 TRACE 12368 --- [    Test worker] o.h.type.descriptor.sql.BasicBinder      : binding parameter [2] as [INTEGER] - [0]
2021-02-06 11:44:31.251 DEBUG 12368 --- [    Test worker] org.hibernate.SQL                        : delete from reviews where id=? and version=?
Hibernate: delete from reviews where id=? and version=?
2021-02-06 11:44:31.251 TRACE 12368 --- [    Test worker] o.h.type.descriptor.sql.BasicBinder      : binding parameter [1] as [INTEGER] - [3]
2021-02-06 11:44:31.251 TRACE 12368 --- [    Test worker] o.h.type.descriptor.sql.BasicBinder      : binding parameter [2] as [INTEGER] - [0]
2021-02-06 11:44:31.252 DEBUG 12368 --- [    Test worker] org.hibernate.SQL                        : call next value for hibernate_sequence
Hibernate: call next value for hibernate_sequence
2021-02-06 11:44:31.253 DEBUG 12368 --- [    Test worker] org.hibernate.SQL                        : insert into reviews (author, content, product_id, review_id, subject, version, id) values (?, ?, ?, ?, ?, ?, ?)
Hibernate: insert into reviews (author, content, product_id, review_id, subject, version, id) values (?, ?, ?, ?, ?, ?, ?)
2021-02-06 11:44:31.253 TRACE 12368 --- [    Test worker] o.h.type.descriptor.sql.BasicBinder      : binding parameter [1] as [VARCHAR] - [a]
2021-02-06 11:44:31.253 TRACE 12368 --- [    Test worker] o.h.type.descriptor.sql.BasicBinder      : binding parameter [2] as [VARCHAR] - [c]
2021-02-06 11:44:31.253 TRACE 12368 --- [    Test worker] o.h.type.descriptor.sql.BasicBinder      : binding parameter [3] as [INTEGER] - [1]
2021-02-06 11:44:31.253 TRACE 12368 --- [    Test worker] o.h.type.descriptor.sql.BasicBinder      : binding parameter [4] as [INTEGER] - [2]
2021-02-06 11:44:31.253 TRACE 12368 --- [    Test worker] o.h.type.descriptor.sql.BasicBinder      : binding parameter [5] as [VARCHAR] - [s]
2021-02-06 11:44:31.253 TRACE 12368 --- [    Test worker] o.h.type.descriptor.sql.BasicBinder      : binding parameter [6] as [INTEGER] - [0]
2021-02-06 11:44:31.253 TRACE 12368 --- [    Test worker] o.h.type.descriptor.sql.BasicBinder      : binding parameter [7] as [INTEGER] - [4]
2021-02-06 11:44:31.255 DEBUG 12368 --- [    Test worker] org.hibernate.SQL                        : select reviewenti0_.id as id1_0_0_, reviewenti0_.author as author2_0_0_, reviewenti0_.content as content3_0_0_, reviewenti0_.product_id as product_4_0_0_, reviewenti0_.review_id as review_i5_0_0_, reviewenti0_.subject as subject6_0_0_, reviewenti0_.version as version7_0_0_ from reviews reviewenti0_ where reviewenti0_.id=?
Hibernate: select reviewenti0_.id as id1_0_0_, reviewenti0_.author as author2_0_0_, reviewenti0_.content as content3_0_0_, reviewenti0_.product_id as product_4_0_0_, reviewenti0_.review_id as review_i5_0_0_, reviewenti0_.subject as subject6_0_0_, reviewenti0_.version as version7_0_0_ from reviews reviewenti0_ where reviewenti0_.id=?
2021-02-06 11:44:31.256 TRACE 12368 --- [    Test worker] o.h.type.descriptor.sql.BasicBinder      : binding parameter [1] as [INTEGER] - [4]
2021-02-06 11:44:31.257 DEBUG 12368 --- [    Test worker] org.hibernate.SQL                        : delete from reviews where id=? and version=?
Hibernate: delete from reviews where id=? and version=?
2021-02-06 11:44:31.257 TRACE 12368 --- [    Test worker] o.h.type.descriptor.sql.BasicBinder      : binding parameter [1] as [INTEGER] - [4]
2021-02-06 11:44:31.257 TRACE 12368 --- [    Test worker] o.h.type.descriptor.sql.BasicBinder      : binding parameter [2] as [INTEGER] - [0]
2021-02-06 11:44:31.266 DEBUG 12368 --- [    Test worker] org.hibernate.SQL                        : select count(*) as col_0_0_ from reviews reviewenti0_ where reviewenti0_.id=?
Hibernate: select count(*) as col_0_0_ from reviews reviewenti0_ where reviewenti0_.id=?
2021-02-06 11:44:31.267 TRACE 12368 --- [    Test worker] o.h.type.descriptor.sql.BasicBinder      : binding parameter [1] as [INTEGER] - [4]
2021-02-06 11:44:31.273 DEBUG 12368 --- [    Test worker] org.hibernate.SQL                        : select reviewenti0_.id as id1_0_, reviewenti0_.author as author2_0_, reviewenti0_.content as content3_0_, reviewenti0_.product_id as product_4_0_, reviewenti0_.review_id as review_i5_0_, reviewenti0_.subject as subject6_0_, reviewenti0_.version as version7_0_ from reviews reviewenti0_
Hibernate: select reviewenti0_.id as id1_0_, reviewenti0_.author as author2_0_, reviewenti0_.content as content3_0_, reviewenti0_.product_id as product_4_0_, reviewenti0_.review_id as review_i5_0_, reviewenti0_.subject as subject6_0_, reviewenti0_.version as version7_0_ from reviews reviewenti0_
2021-02-06 11:44:31.274 DEBUG 12368 --- [    Test worker] org.hibernate.SQL                        : call next value for hibernate_sequence
Hibernate: call next value for hibernate_sequence
2021-02-06 11:44:31.275 DEBUG 12368 --- [    Test worker] org.hibernate.SQL                        : insert into reviews (author, content, product_id, review_id, subject, version, id) values (?, ?, ?, ?, ?, ?, ?)
Hibernate: insert into reviews (author, content, product_id, review_id, subject, version, id) values (?, ?, ?, ?, ?, ?, ?)
2021-02-06 11:44:31.275 TRACE 12368 --- [    Test worker] o.h.type.descriptor.sql.BasicBinder      : binding parameter [1] as [VARCHAR] - [a]
2021-02-06 11:44:31.275 TRACE 12368 --- [    Test worker] o.h.type.descriptor.sql.BasicBinder      : binding parameter [2] as [VARCHAR] - [c]
2021-02-06 11:44:31.275 TRACE 12368 --- [    Test worker] o.h.type.descriptor.sql.BasicBinder      : binding parameter [3] as [INTEGER] - [1]
2021-02-06 11:44:31.275 TRACE 12368 --- [    Test worker] o.h.type.descriptor.sql.BasicBinder      : binding parameter [4] as [INTEGER] - [2]
2021-02-06 11:44:31.275 TRACE 12368 --- [    Test worker] o.h.type.descriptor.sql.BasicBinder      : binding parameter [5] as [VARCHAR] - [s]
2021-02-06 11:44:31.275 TRACE 12368 --- [    Test worker] o.h.type.descriptor.sql.BasicBinder      : binding parameter [6] as [INTEGER] - [0]
2021-02-06 11:44:31.275 TRACE 12368 --- [    Test worker] o.h.type.descriptor.sql.BasicBinder      : binding parameter [7] as [INTEGER] - [5]
2021-02-06 11:44:31.282 DEBUG 12368 --- [    Test worker] org.hibernate.SQL                        : select reviewenti0_.id as id1_0_, reviewenti0_.author as author2_0_, reviewenti0_.content as content3_0_, reviewenti0_.product_id as product_4_0_, reviewenti0_.review_id as review_i5_0_, reviewenti0_.subject as subject6_0_, reviewenti0_.version as version7_0_ from reviews reviewenti0_ where reviewenti0_.product_id=?
Hibernate: select reviewenti0_.id as id1_0_, reviewenti0_.author as author2_0_, reviewenti0_.content as content3_0_, reviewenti0_.product_id as product_4_0_, reviewenti0_.review_id as review_i5_0_, reviewenti0_.subject as subject6_0_, reviewenti0_.version as version7_0_ from reviews reviewenti0_ where reviewenti0_.product_id=?
2021-02-06 11:44:31.282 TRACE 12368 --- [    Test worker] o.h.type.descriptor.sql.BasicBinder      : binding parameter [1] as [INTEGER] - [1]
2021-02-06 11:44:31.286 DEBUG 12368 --- [    Test worker] org.hibernate.SQL                        : select reviewenti0_.id as id1_0_, reviewenti0_.author as author2_0_, reviewenti0_.content as content3_0_, reviewenti0_.product_id as product_4_0_, reviewenti0_.review_id as review_i5_0_, reviewenti0_.subject as subject6_0_, reviewenti0_.version as version7_0_ from reviews reviewenti0_
Hibernate: select reviewenti0_.id as id1_0_, reviewenti0_.author as author2_0_, reviewenti0_.content as content3_0_, reviewenti0_.product_id as product_4_0_, reviewenti0_.review_id as review_i5_0_, reviewenti0_.subject as subject6_0_, reviewenti0_.version as version7_0_ from reviews reviewenti0_
2021-02-06 11:44:31.288 DEBUG 12368 --- [    Test worker] org.hibernate.SQL                        : delete from reviews where id=? and version=?
Hibernate: delete from reviews where id=? and version=?
2021-02-06 11:44:31.288 TRACE 12368 --- [    Test worker] o.h.type.descriptor.sql.BasicBinder      : binding parameter [1] as [INTEGER] - [5]
2021-02-06 11:44:31.288 TRACE 12368 --- [    Test worker] o.h.type.descriptor.sql.BasicBinder      : binding parameter [2] as [INTEGER] - [0]
2021-02-06 11:44:31.289 DEBUG 12368 --- [    Test worker] org.hibernate.SQL                        : call next value for hibernate_sequence
Hibernate: call next value for hibernate_sequence
2021-02-06 11:44:31.289 DEBUG 12368 --- [    Test worker] org.hibernate.SQL                        : insert into reviews (author, content, product_id, review_id, subject, version, id) values (?, ?, ?, ?, ?, ?, ?)
Hibernate: insert into reviews (author, content, product_id, review_id, subject, version, id) values (?, ?, ?, ?, ?, ?, ?)
2021-02-06 11:44:31.290 TRACE 12368 --- [    Test worker] o.h.type.descriptor.sql.BasicBinder      : binding parameter [1] as [VARCHAR] - [a]
2021-02-06 11:44:31.290 TRACE 12368 --- [    Test worker] o.h.type.descriptor.sql.BasicBinder      : binding parameter [2] as [VARCHAR] - [c]
2021-02-06 11:44:31.290 TRACE 12368 --- [    Test worker] o.h.type.descriptor.sql.BasicBinder      : binding parameter [3] as [INTEGER] - [1]
2021-02-06 11:44:31.290 TRACE 12368 --- [    Test worker] o.h.type.descriptor.sql.BasicBinder      : binding parameter [4] as [INTEGER] - [2]
2021-02-06 11:44:31.290 TRACE 12368 --- [    Test worker] o.h.type.descriptor.sql.BasicBinder      : binding parameter [5] as [VARCHAR] - [s]
2021-02-06 11:44:31.290 TRACE 12368 --- [    Test worker] o.h.type.descriptor.sql.BasicBinder      : binding parameter [6] as [INTEGER] - [0]
2021-02-06 11:44:31.290 TRACE 12368 --- [    Test worker] o.h.type.descriptor.sql.BasicBinder      : binding parameter [7] as [INTEGER] - [6]
2021-02-06 11:44:31.291 DEBUG 12368 --- [    Test worker] org.hibernate.SQL                        : select reviewenti0_.id as id1_0_0_, reviewenti0_.author as author2_0_0_, reviewenti0_.content as content3_0_0_, reviewenti0_.product_id as product_4_0_0_, reviewenti0_.review_id as review_i5_0_0_, reviewenti0_.subject as subject6_0_0_, reviewenti0_.version as version7_0_0_ from reviews reviewenti0_ where reviewenti0_.id=?
Hibernate: select reviewenti0_.id as id1_0_0_, reviewenti0_.author as author2_0_0_, reviewenti0_.content as content3_0_0_, reviewenti0_.product_id as product_4_0_0_, reviewenti0_.review_id as review_i5_0_0_, reviewenti0_.subject as subject6_0_0_, reviewenti0_.version as version7_0_0_ from reviews reviewenti0_ where reviewenti0_.id=?
2021-02-06 11:44:31.291 TRACE 12368 --- [    Test worker] o.h.type.descriptor.sql.BasicBinder      : binding parameter [1] as [INTEGER] - [6]
2021-02-06 11:44:31.292 DEBUG 12368 --- [    Test worker] org.hibernate.SQL                        : update reviews set author=?, content=?, product_id=?, review_id=?, subject=?, version=? where id=? and version=?
Hibernate: update reviews set author=?, content=?, product_id=?, review_id=?, subject=?, version=? where id=? and version=?
2021-02-06 11:44:31.292 TRACE 12368 --- [    Test worker] o.h.type.descriptor.sql.BasicBinder      : binding parameter [1] as [VARCHAR] - [a2]
2021-02-06 11:44:31.292 TRACE 12368 --- [    Test worker] o.h.type.descriptor.sql.BasicBinder      : binding parameter [2] as [VARCHAR] - [c]
2021-02-06 11:44:31.292 TRACE 12368 --- [    Test worker] o.h.type.descriptor.sql.BasicBinder      : binding parameter [3] as [INTEGER] - [1]
2021-02-06 11:44:31.292 TRACE 12368 --- [    Test worker] o.h.type.descriptor.sql.BasicBinder      : binding parameter [4] as [INTEGER] - [2]
2021-02-06 11:44:31.292 TRACE 12368 --- [    Test worker] o.h.type.descriptor.sql.BasicBinder      : binding parameter [5] as [VARCHAR] - [s]
2021-02-06 11:44:31.293 TRACE 12368 --- [    Test worker] o.h.type.descriptor.sql.BasicBinder      : binding parameter [6] as [INTEGER] - [1]
2021-02-06 11:44:31.293 TRACE 12368 --- [    Test worker] o.h.type.descriptor.sql.BasicBinder      : binding parameter [7] as [INTEGER] - [6]
2021-02-06 11:44:31.293 TRACE 12368 --- [    Test worker] o.h.type.descriptor.sql.BasicBinder      : binding parameter [8] as [INTEGER] - [0]
2021-02-06 11:44:31.294 DEBUG 12368 --- [    Test worker] org.hibernate.SQL                        : select reviewenti0_.id as id1_0_0_, reviewenti0_.author as author2_0_0_, reviewenti0_.content as content3_0_0_, reviewenti0_.product_id as product_4_0_0_, reviewenti0_.review_id as review_i5_0_0_, reviewenti0_.subject as subject6_0_0_, reviewenti0_.version as version7_0_0_ from reviews reviewenti0_ where reviewenti0_.id=?
Hibernate: select reviewenti0_.id as id1_0_0_, reviewenti0_.author as author2_0_0_, reviewenti0_.content as content3_0_0_, reviewenti0_.product_id as product_4_0_0_, reviewenti0_.review_id as review_i5_0_0_, reviewenti0_.subject as subject6_0_0_, reviewenti0_.version as version7_0_0_ from reviews reviewenti0_ where reviewenti0_.id=?
2021-02-06 11:44:31.294 TRACE 12368 --- [    Test worker] o.h.type.descriptor.sql.BasicBinder      : binding parameter [1] as [INTEGER] - [6]
2021-02-06 11:44:31.298 DEBUG 12368 --- [    Test worker] org.hibernate.SQL                        : select reviewenti0_.id as id1_0_, reviewenti0_.author as author2_0_, reviewenti0_.content as content3_0_, reviewenti0_.product_id as product_4_0_, reviewenti0_.review_id as review_i5_0_, reviewenti0_.subject as subject6_0_, reviewenti0_.version as version7_0_ from reviews reviewenti0_
Hibernate: select reviewenti0_.id as id1_0_, reviewenti0_.author as author2_0_, reviewenti0_.content as content3_0_, reviewenti0_.product_id as product_4_0_, reviewenti0_.review_id as review_i5_0_, reviewenti0_.subject as subject6_0_, reviewenti0_.version as version7_0_ from reviews reviewenti0_
2021-02-06 11:44:31.299 DEBUG 12368 --- [    Test worker] org.hibernate.SQL                        : delete from reviews where id=? and version=?
Hibernate: delete from reviews where id=? and version=?
2021-02-06 11:44:31.299 TRACE 12368 --- [    Test worker] o.h.type.descriptor.sql.BasicBinder      : binding parameter [1] as [INTEGER] - [6]
2021-02-06 11:44:31.299 TRACE 12368 --- [    Test worker] o.h.type.descriptor.sql.BasicBinder      : binding parameter [2] as [INTEGER] - [1]
2021-02-06 11:44:31.300 DEBUG 12368 --- [    Test worker] org.hibernate.SQL                        : call next value for hibernate_sequence
Hibernate: call next value for hibernate_sequence
2021-02-06 11:44:31.301 DEBUG 12368 --- [    Test worker] org.hibernate.SQL                        : insert into reviews (author, content, product_id, review_id, subject, version, id) values (?, ?, ?, ?, ?, ?, ?)
Hibernate: insert into reviews (author, content, product_id, review_id, subject, version, id) values (?, ?, ?, ?, ?, ?, ?)
2021-02-06 11:44:31.301 TRACE 12368 --- [    Test worker] o.h.type.descriptor.sql.BasicBinder      : binding parameter [1] as [VARCHAR] - [a]
2021-02-06 11:44:31.301 TRACE 12368 --- [    Test worker] o.h.type.descriptor.sql.BasicBinder      : binding parameter [2] as [VARCHAR] - [c]
2021-02-06 11:44:31.301 TRACE 12368 --- [    Test worker] o.h.type.descriptor.sql.BasicBinder      : binding parameter [3] as [INTEGER] - [1]
2021-02-06 11:44:31.301 TRACE 12368 --- [    Test worker] o.h.type.descriptor.sql.BasicBinder      : binding parameter [4] as [INTEGER] - [2]
2021-02-06 11:44:31.301 TRACE 12368 --- [    Test worker] o.h.type.descriptor.sql.BasicBinder      : binding parameter [5] as [VARCHAR] - [s]
2021-02-06 11:44:31.301 TRACE 12368 --- [    Test worker] o.h.type.descriptor.sql.BasicBinder      : binding parameter [6] as [INTEGER] - [0]
2021-02-06 11:44:31.301 TRACE 12368 --- [    Test worker] o.h.type.descriptor.sql.BasicBinder      : binding parameter [7] as [INTEGER] - [7]
2021-02-06 11:44:31.302 DEBUG 12368 --- [    Test worker] org.hibernate.SQL                        : call next value for hibernate_sequence
Hibernate: call next value for hibernate_sequence
2021-02-06 11:44:31.303 DEBUG 12368 --- [    Test worker] org.hibernate.SQL                        : insert into reviews (author, content, product_id, review_id, subject, version, id) values (?, ?, ?, ?, ?, ?, ?)
Hibernate: insert into reviews (author, content, product_id, review_id, subject, version, id) values (?, ?, ?, ?, ?, ?, ?)
2021-02-06 11:44:31.303 TRACE 12368 --- [    Test worker] o.h.type.descriptor.sql.BasicBinder      : binding parameter [1] as [VARCHAR] - [a]
2021-02-06 11:44:31.303 TRACE 12368 --- [    Test worker] o.h.type.descriptor.sql.BasicBinder      : binding parameter [2] as [VARCHAR] - [c]
2021-02-06 11:44:31.303 TRACE 12368 --- [    Test worker] o.h.type.descriptor.sql.BasicBinder      : binding parameter [3] as [INTEGER] - [1]
2021-02-06 11:44:31.303 TRACE 12368 --- [    Test worker] o.h.type.descriptor.sql.BasicBinder      : binding parameter [4] as [INTEGER] - [2]
2021-02-06 11:44:31.303 TRACE 12368 --- [    Test worker] o.h.type.descriptor.sql.BasicBinder      : binding parameter [5] as [VARCHAR] - [s]
2021-02-06 11:44:31.303 TRACE 12368 --- [    Test worker] o.h.type.descriptor.sql.BasicBinder      : binding parameter [6] as [INTEGER] - [0]
2021-02-06 11:44:31.303 TRACE 12368 --- [    Test worker] o.h.type.descriptor.sql.BasicBinder      : binding parameter [7] as [INTEGER] - [8]
2021-02-06 11:44:31.304  WARN 12368 --- [    Test worker] o.h.engine.jdbc.spi.SqlExceptionHelper   : SQL Error: 23505, SQLState: 23505
2021-02-06 11:44:31.304 ERROR 12368 --- [    Test worker] o.h.engine.jdbc.spi.SqlExceptionHelper   : Unique index or primary key violation: "PUBLIC.REVIEWS_UNIQUE_IDX_INDEX_6 ON PUBLIC.REVIEWS(PRODUCT_ID, REVIEW_ID) VALUES 7"; SQL statement:
insert into reviews (author, content, product_id, review_id, subject, version, id) values (?, ?, ?, ?, ?, ?, ?) [23505-200]
]]></system-out>
  <system-err><![CDATA[]]></system-err>
</testsuite>
