<?xml version="1.0" encoding="UTF-8"?>
<testsuite name="io.locngo.learning.microservices.review.service.MapperTests" tests="2" skipped="0" failures="0" errors="0" timestamp="2021-02-06T04:44:28" hostname="LAPTOP-J4BOEGNR" time="0.006">
  <properties/>
  <testcase name="mapperTests" classname="io.locngo.learning.microservices.review.service.MapperTests" time="0.005"/>
  <testcase name="mapperListTests" classname="io.locngo.learning.microservices.review.service.MapperTests" time="0.0"/>
  <system-out><![CDATA[]]></system-out>
  <system-err><![CDATA[]]></system-err>
</testsuite>
