<?xml version="1.0" encoding="UTF-8"?>
<testsuite name="io.locngo.learning.microservices.product.service.ProductApplicationTest" tests="4" skipped="0" failures="0" errors="0" timestamp="2021-02-04T11:02:34" hostname="LAPTOP-J4BOEGNR" time="0.449">
  <properties/>
  <testcase name="getProductById" classname="io.locngo.learning.microservices.product.service.ProductApplicationTest" time="0.393"/>
  <testcase name="getProductInvalidParameterNegativeValue" classname="io.locngo.learning.microservices.product.service.ProductApplicationTest" time="0.022"/>
  <testcase name="getProductInvalidParameterString" classname="io.locngo.learning.microservices.product.service.ProductApplicationTest" time="0.026"/>
  <testcase name="getProductNotFound" classname="io.locngo.learning.microservices.product.service.ProductApplicationTest" time="0.006"/>
  <system-out><![CDATA[18:02:31.172 [Test worker] DEBUG org.springframework.test.context.junit4.SpringJUnit4ClassRunner - SpringJUnit4ClassRunner constructor called with [class io.locngo.learning.microservices.product.service.ProductApplicationTest]
18:02:31.178 [Test worker] DEBUG org.springframework.test.context.BootstrapUtils - Instantiating CacheAwareContextLoaderDelegate from class [org.springframework.test.context.cache.DefaultCacheAwareContextLoaderDelegate]
18:02:31.184 [Test worker] DEBUG org.springframework.test.context.BootstrapUtils - Instantiating BootstrapContext using constructor [public org.springframework.test.context.support.DefaultBootstrapContext(java.lang.Class,org.springframework.test.context.CacheAwareContextLoaderDelegate)]
18:02:31.215 [Test worker] DEBUG org.springframework.test.context.BootstrapUtils - Instantiating TestContextBootstrapper for test class [io.locngo.learning.microservices.product.service.ProductApplicationTest] from class [org.springframework.boot.test.context.SpringBootTestContextBootstrapper]
18:02:31.228 [Test worker] INFO org.springframework.boot.test.context.SpringBootTestContextBootstrapper - Neither @ContextConfiguration nor @ContextHierarchy found for test class [io.locngo.learning.microservices.product.service.ProductApplicationTest], using SpringBootContextLoader
18:02:31.232 [Test worker] DEBUG org.springframework.test.context.support.AbstractContextLoader - Did not detect default resource location for test class [io.locngo.learning.microservices.product.service.ProductApplicationTest]: class path resource [io/locngo/learning/microservices/product/service/ProductApplicationTest-context.xml] does not exist
18:02:31.232 [Test worker] DEBUG org.springframework.test.context.support.AbstractContextLoader - Did not detect default resource location for test class [io.locngo.learning.microservices.product.service.ProductApplicationTest]: class path resource [io/locngo/learning/microservices/product/service/ProductApplicationTestContext.groovy] does not exist
18:02:31.232 [Test worker] INFO org.springframework.test.context.support.AbstractContextLoader - Could not detect default resource locations for test class [io.locngo.learning.microservices.product.service.ProductApplicationTest]: no resource found for suffixes {-context.xml, Context.groovy}.
18:02:31.233 [Test worker] INFO org.springframework.test.context.support.AnnotationConfigContextLoaderUtils - Could not detect default configuration classes for test class [io.locngo.learning.microservices.product.service.ProductApplicationTest]: ProductApplicationTest does not declare any static, non-private, non-final, nested classes annotated with @Configuration.
18:02:31.270 [Test worker] DEBUG org.springframework.test.context.support.ActiveProfilesUtils - Could not find an 'annotation declaring class' for annotation type [org.springframework.test.context.ActiveProfiles] and class [io.locngo.learning.microservices.product.service.ProductApplicationTest]
18:02:31.325 [Test worker] DEBUG org.springframework.context.annotation.ClassPathScanningCandidateComponentProvider - Identified candidate component class: file [D:\master_java\learning-microservices\product-service\build\classes\java\main\io\locngo\learning\microservices\product\service\ProductApplication.class]
18:02:31.326 [Test worker] INFO org.springframework.boot.test.context.SpringBootTestContextBootstrapper - Found @SpringBootConfiguration io.locngo.learning.microservices.product.service.ProductApplication for test class io.locngo.learning.microservices.product.service.ProductApplicationTest
18:02:31.408 [Test worker] DEBUG org.springframework.boot.test.context.SpringBootTestContextBootstrapper - @TestExecutionListeners is not present for class [io.locngo.learning.microservices.product.service.ProductApplicationTest]: using defaults.
18:02:31.408 [Test worker] INFO org.springframework.boot.test.context.SpringBootTestContextBootstrapper - Loaded default TestExecutionListener class names from location [META-INF/spring.factories]: [org.springframework.boot.test.autoconfigure.restdocs.RestDocsTestExecutionListener, org.springframework.boot.test.autoconfigure.web.client.MockRestServiceServerResetTestExecutionListener, org.springframework.boot.test.autoconfigure.web.servlet.MockMvcPrintOnlyOnFailureTestExecutionListener, org.springframework.boot.test.autoconfigure.web.servlet.WebDriverTestExecutionListener, org.springframework.boot.test.autoconfigure.webservices.client.MockWebServiceServerTestExecutionListener, org.springframework.boot.test.mock.mockito.MockitoTestExecutionListener, org.springframework.boot.test.mock.mockito.ResetMocksTestExecutionListener, org.springframework.test.context.web.ServletTestExecutionListener, org.springframework.test.context.support.DirtiesContextBeforeModesTestExecutionListener, org.springframework.test.context.support.DependencyInjectionTestExecutionListener, org.springframework.test.context.support.DirtiesContextTestExecutionListener, org.springframework.test.context.transaction.TransactionalTestExecutionListener, org.springframework.test.context.jdbc.SqlScriptsTestExecutionListener, org.springframework.test.context.event.EventPublishingTestExecutionListener]
18:02:31.415 [Test worker] DEBUG org.springframework.boot.test.context.SpringBootTestContextBootstrapper - Skipping candidate TestExecutionListener [org.springframework.test.context.web.ServletTestExecutionListener] due to a missing dependency. Specify custom listener classes or make the default listener classes and their required dependencies available. Offending class: [javax/servlet/ServletContext]
18:02:31.416 [Test worker] DEBUG org.springframework.boot.test.context.SpringBootTestContextBootstrapper - Skipping candidate TestExecutionListener [org.springframework.test.context.transaction.TransactionalTestExecutionListener] due to a missing dependency. Specify custom listener classes or make the default listener classes and their required dependencies available. Offending class: [org/springframework/transaction/interceptor/TransactionAttributeSource]
18:02:31.416 [Test worker] DEBUG org.springframework.boot.test.context.SpringBootTestContextBootstrapper - Skipping candidate TestExecutionListener [org.springframework.test.context.jdbc.SqlScriptsTestExecutionListener] due to a missing dependency. Specify custom listener classes or make the default listener classes and their required dependencies available. Offending class: [org/springframework/transaction/interceptor/TransactionAttribute]
18:02:31.416 [Test worker] INFO org.springframework.boot.test.context.SpringBootTestContextBootstrapper - Using TestExecutionListeners: [org.springframework.test.context.support.DirtiesContextBeforeModesTestExecutionListener@7a0d91a8, org.springframework.boot.test.mock.mockito.MockitoTestExecutionListener@49287298, org.springframework.boot.test.autoconfigure.SpringBootDependencyInjectionTestExecutionListener@42b71a6, org.springframework.test.context.support.DirtiesContextTestExecutionListener@4b084389, org.springframework.test.context.event.EventPublishingTestExecutionListener@5d1e1b91, org.springframework.boot.test.autoconfigure.restdocs.RestDocsTestExecutionListener@57280e18, org.springframework.boot.test.autoconfigure.web.client.MockRestServiceServerResetTestExecutionListener@8d1e31a, org.springframework.boot.test.autoconfigure.web.servlet.MockMvcPrintOnlyOnFailureTestExecutionListener@1ccfd82, org.springframework.boot.test.autoconfigure.web.servlet.WebDriverTestExecutionListener@2c23acb9, org.springframework.boot.test.autoconfigure.webservices.client.MockWebServiceServerTestExecutionListener@3b6c3feb, org.springframework.boot.test.mock.mockito.ResetMocksTestExecutionListener@3c22c2af]
18:02:31.418 [Test worker] DEBUG org.springframework.test.annotation.ProfileValueUtils - Retrieved @ProfileValueSourceConfiguration [null] for test class [io.locngo.learning.microservices.product.service.ProductApplicationTest]
18:02:31.419 [Test worker] DEBUG org.springframework.test.annotation.ProfileValueUtils - Retrieved ProfileValueSource type [class org.springframework.test.annotation.SystemProfileValueSource] for class [io.locngo.learning.microservices.product.service.ProductApplicationTest]
18:02:31.420 [Test worker] DEBUG org.springframework.test.annotation.ProfileValueUtils - Retrieved @ProfileValueSourceConfiguration [null] for test class [io.locngo.learning.microservices.product.service.ProductApplicationTest]
18:02:31.420 [Test worker] DEBUG org.springframework.test.annotation.ProfileValueUtils - Retrieved ProfileValueSource type [class org.springframework.test.annotation.SystemProfileValueSource] for class [io.locngo.learning.microservices.product.service.ProductApplicationTest]
18:02:31.421 [Test worker] DEBUG org.springframework.test.annotation.ProfileValueUtils - Retrieved @ProfileValueSourceConfiguration [null] for test class [io.locngo.learning.microservices.product.service.ProductApplicationTest]
18:02:31.421 [Test worker] DEBUG org.springframework.test.annotation.ProfileValueUtils - Retrieved ProfileValueSource type [class org.springframework.test.annotation.SystemProfileValueSource] for class [io.locngo.learning.microservices.product.service.ProductApplicationTest]
18:02:31.421 [Test worker] DEBUG org.springframework.test.annotation.ProfileValueUtils - Retrieved @ProfileValueSourceConfiguration [null] for test class [io.locngo.learning.microservices.product.service.ProductApplicationTest]
18:02:31.421 [Test worker] DEBUG org.springframework.test.annotation.ProfileValueUtils - Retrieved ProfileValueSource type [class org.springframework.test.annotation.SystemProfileValueSource] for class [io.locngo.learning.microservices.product.service.ProductApplicationTest]
18:02:31.426 [Test worker] DEBUG org.springframework.test.context.support.AbstractDirtiesContextTestExecutionListener - Before test class: context [DefaultTestContext@573aa88a testClass = ProductApplicationTest, testInstance = [null], testMethod = [null], testException = [null], mergedContextConfiguration = [ReactiveWebMergedContextConfiguration@73c28c5d testClass = ProductApplicationTest, locations = '{}', classes = '{class io.locngo.learning.microservices.product.service.ProductApplication}', contextInitializerClasses = '[]', activeProfiles = '{}', propertySourceLocations = '{}', propertySourceProperties = '{org.springframework.boot.test.context.SpringBootTestContextBootstrapper=true, server.port=0}', contextCustomizers = set[org.springframework.boot.test.autoconfigure.properties.PropertyMappingContextCustomizer@0, org.springframework.boot.test.autoconfigure.web.servlet.WebDriverContextCustomizerFactory$Customizer@645d0301, org.springframework.boot.test.context.filter.ExcludeFilterContextCustomizer@65c26d34, org.springframework.boot.test.json.DuplicateJsonObjectContextCustomizerFactory$DuplicateJsonObjectContextCustomizer@1989edb1, org.springframework.boot.test.mock.mockito.MockitoContextCustomizer@0, org.springframework.boot.test.web.client.TestRestTemplateContextCustomizer@13d8b2f3, org.springframework.boot.test.web.reactive.server.WebTestClientContextCustomizer@46bd5a9c, org.springframework.boot.test.context.SpringBootTestArgs@1, org.springframework.boot.test.context.SpringBootTestWebEnvironment@60468be3], contextLoader = 'org.springframework.boot.test.context.SpringBootContextLoader', parent = [null]], attributes = map['org.springframework.test.context.web.ServletTestExecutionListener.activateListener' -> false]], class annotated with @DirtiesContext [false] with mode [null].
18:02:31.428 [Test worker] DEBUG org.springframework.test.annotation.ProfileValueUtils - Retrieved @ProfileValueSourceConfiguration [null] for test class [io.locngo.learning.microservices.product.service.ProductApplicationTest]
18:02:31.428 [Test worker] DEBUG org.springframework.test.annotation.ProfileValueUtils - Retrieved ProfileValueSource type [class org.springframework.test.annotation.SystemProfileValueSource] for class [io.locngo.learning.microservices.product.service.ProductApplicationTest]
18:02:31.431 [Test worker] DEBUG org.springframework.test.context.support.DependencyInjectionTestExecutionListener - Performing dependency injection for test context [[DefaultTestContext@573aa88a testClass = ProductApplicationTest, testInstance = io.locngo.learning.microservices.product.service.ProductApplicationTest@57640226, testMethod = [null], testException = [null], mergedContextConfiguration = [ReactiveWebMergedContextConfiguration@73c28c5d testClass = ProductApplicationTest, locations = '{}', classes = '{class io.locngo.learning.microservices.product.service.ProductApplication}', contextInitializerClasses = '[]', activeProfiles = '{}', propertySourceLocations = '{}', propertySourceProperties = '{org.springframework.boot.test.context.SpringBootTestContextBootstrapper=true, server.port=0}', contextCustomizers = set[org.springframework.boot.test.autoconfigure.properties.PropertyMappingContextCustomizer@0, org.springframework.boot.test.autoconfigure.web.servlet.WebDriverContextCustomizerFactory$Customizer@645d0301, org.springframework.boot.test.context.filter.ExcludeFilterContextCustomizer@65c26d34, org.springframework.boot.test.json.DuplicateJsonObjectContextCustomizerFactory$DuplicateJsonObjectContextCustomizer@1989edb1, org.springframework.boot.test.mock.mockito.MockitoContextCustomizer@0, org.springframework.boot.test.web.client.TestRestTemplateContextCustomizer@13d8b2f3, org.springframework.boot.test.web.reactive.server.WebTestClientContextCustomizer@46bd5a9c, org.springframework.boot.test.context.SpringBootTestArgs@1, org.springframework.boot.test.context.SpringBootTestWebEnvironment@60468be3], contextLoader = 'org.springframework.boot.test.context.SpringBootContextLoader', parent = [null]], attributes = map['org.springframework.test.context.web.ServletTestExecutionListener.activateListener' -> false]]].
18:02:31.447 [Test worker] DEBUG org.springframework.test.context.support.TestPropertySourceUtils - Adding inlined properties to environment: {spring.jmx.enabled=false, org.springframework.boot.test.context.SpringBootTestContextBootstrapper=true, server.port=0}

  .   ____          _            __ _ _
 /\\ / ___'_ __ _ _(_)_ __  __ _ \ \ \ \
( ( )\___ | '_ | '_| | '_ \/ _` | \ \ \ \
 \\/  ___)| |_)| | | | | || (_| |  ) ) ) )
  '  |____| .__|_| |_|_| |_\__, | / / / /
 =========|_|==============|___/=/_/_/_/
 :: Spring Boot ::        (v2.3.8.RELEASE)

2021-02-04 18:02:31.704  INFO 20028 --- [    Test worker] i.l.l.m.p.s.ProductApplicationTest       : Starting ProductApplicationTest on LAPTOP-J4BOEGNR with PID 20028 (started by ASUS in D:\master_java\learning-microservices\product-service)
2021-02-04 18:02:31.704 DEBUG 20028 --- [    Test worker] i.l.l.m.p.s.ProductApplicationTest       : Running with Spring Boot v2.3.8.RELEASE, Spring v5.2.12.RELEASE
2021-02-04 18:02:31.705  INFO 20028 --- [    Test worker] i.l.l.m.p.s.ProductApplicationTest       : No active profile set, falling back to default profiles: default
2021-02-04 18:02:33.003  INFO 20028 --- [    Test worker] o.s.b.a.e.web.EndpointLinksResolver      : Exposing 13 endpoint(s) beneath base path '/actuator'
2021-02-04 18:02:34.079  INFO 20028 --- [    Test worker] o.s.b.web.embedded.netty.NettyWebServer  : Netty started on port(s): 57157
2021-02-04 18:02:34.091  INFO 20028 --- [    Test worker] i.l.l.m.p.s.ProductApplicationTest       : Started ProductApplicationTest in 2.642 seconds (JVM running for 3.729)
2021-02-04 18:02:34.422 DEBUG 20028 --- [ctor-http-nio-3] i.l.l.m.p.s.services.ProductServiceImpl  : /product return the found product for productId=1
2021-02-04 18:02:34.525 DEBUG 20028 --- [ctor-http-nio-3] i.l.l.m.p.s.services.ProductServiceImpl  : /product return the found product for productId=-1
2021-02-04 18:02:34.532 DEBUG 20028 --- [ctor-http-nio-3] l.m.u.h.GlobalControllerExceptionHandler : Returning HTTP status: 422 UNPROCESSABLE_ENTITY for path, message: Invalid productId: -1
2021-02-04 18:02:34.574 DEBUG 20028 --- [ctor-http-nio-3] i.l.l.m.p.s.services.ProductServiceImpl  : /product return the found product for productId=13
2021-02-04 18:02:34.575 DEBUG 20028 --- [ctor-http-nio-3] l.m.u.h.GlobalControllerExceptionHandler : Returning HTTP status: 404 NOT_FOUND for path, message: No product found for productId: 13
]]></system-out>
  <system-err><![CDATA[]]></system-err>
</testsuite>
