<?xml version="1.0" encoding="UTF-8"?>
<testsuite name="io.locngo.learning.microservices.product.service.PersistenceTests" tests="7" skipped="0" failures="0" errors="0" timestamp="2021-02-06T04:40:30" hostname="LAPTOP-J4BOEGNR" time="0.275">
  <properties/>
  <testcase name="getByProductId" classname="io.locngo.learning.microservices.product.service.PersistenceTests" time="0.202"/>
  <testcase name="optimisticLockError" classname="io.locngo.learning.microservices.product.service.PersistenceTests" time="0.017"/>
  <testcase name="create" classname="io.locngo.learning.microservices.product.service.PersistenceTests" time="0.013"/>
  <testcase name="delete" classname="io.locngo.learning.microservices.product.service.PersistenceTests" time="0.007"/>
  <testcase name="paging" classname="io.locngo.learning.microservices.product.service.PersistenceTests" time="0.022"/>
  <testcase name="update" classname="io.locngo.learning.microservices.product.service.PersistenceTests" time="0.006"/>
  <testcase name="duplicateError" classname="io.locngo.learning.microservices.product.service.PersistenceTests" time="0.005"/>
  <system-out><![CDATA[11:40:28.036 [Test worker] DEBUG org.springframework.test.context.junit4.SpringJUnit4ClassRunner - SpringJUnit4ClassRunner constructor called with [class io.locngo.learning.microservices.product.service.PersistenceTests]
11:40:28.040 [Test worker] DEBUG org.springframework.test.context.BootstrapUtils - Instantiating CacheAwareContextLoaderDelegate from class [org.springframework.test.context.cache.DefaultCacheAwareContextLoaderDelegate]
11:40:28.046 [Test worker] DEBUG org.springframework.test.context.BootstrapUtils - Instantiating BootstrapContext using constructor [public org.springframework.test.context.support.DefaultBootstrapContext(java.lang.Class,org.springframework.test.context.CacheAwareContextLoaderDelegate)]
11:40:28.081 [Test worker] DEBUG org.springframework.test.context.BootstrapUtils - Instantiating TestContextBootstrapper for test class [io.locngo.learning.microservices.product.service.PersistenceTests] from class [org.springframework.boot.test.autoconfigure.data.mongo.DataMongoTestContextBootstrapper]
11:40:28.094 [Test worker] INFO org.springframework.boot.test.autoconfigure.data.mongo.DataMongoTestContextBootstrapper - Neither @ContextConfiguration nor @ContextHierarchy found for test class [io.locngo.learning.microservices.product.service.PersistenceTests], using SpringBootContextLoader
11:40:28.097 [Test worker] DEBUG org.springframework.test.context.support.AbstractContextLoader - Did not detect default resource location for test class [io.locngo.learning.microservices.product.service.PersistenceTests]: class path resource [io/locngo/learning/microservices/product/service/PersistenceTests-context.xml] does not exist
11:40:28.098 [Test worker] DEBUG org.springframework.test.context.support.AbstractContextLoader - Did not detect default resource location for test class [io.locngo.learning.microservices.product.service.PersistenceTests]: class path resource [io/locngo/learning/microservices/product/service/PersistenceTestsContext.groovy] does not exist
11:40:28.098 [Test worker] INFO org.springframework.test.context.support.AbstractContextLoader - Could not detect default resource locations for test class [io.locngo.learning.microservices.product.service.PersistenceTests]: no resource found for suffixes {-context.xml, Context.groovy}.
11:40:28.099 [Test worker] INFO org.springframework.test.context.support.AnnotationConfigContextLoaderUtils - Could not detect default configuration classes for test class [io.locngo.learning.microservices.product.service.PersistenceTests]: PersistenceTests does not declare any static, non-private, non-final, nested classes annotated with @Configuration.
11:40:28.145 [Test worker] DEBUG org.springframework.test.context.support.ActiveProfilesUtils - Could not find an 'annotation declaring class' for annotation type [org.springframework.test.context.ActiveProfiles] and class [io.locngo.learning.microservices.product.service.PersistenceTests]
11:40:28.195 [Test worker] DEBUG org.springframework.context.annotation.ClassPathScanningCandidateComponentProvider - Identified candidate component class: file [D:\master_java\learning-microservices\product-service\build\classes\java\main\io\locngo\learning\microservices\product\service\ProductApplication.class]
11:40:28.196 [Test worker] INFO org.springframework.boot.test.context.SpringBootTestContextBootstrapper - Found @SpringBootConfiguration io.locngo.learning.microservices.product.service.ProductApplication for test class io.locngo.learning.microservices.product.service.PersistenceTests
11:40:28.198 [Test worker] DEBUG org.springframework.boot.test.autoconfigure.data.mongo.DataMongoTestContextBootstrapper - @TestExecutionListeners is not present for class [io.locngo.learning.microservices.product.service.PersistenceTests]: using defaults.
11:40:28.198 [Test worker] INFO org.springframework.boot.test.autoconfigure.data.mongo.DataMongoTestContextBootstrapper - Loaded default TestExecutionListener class names from location [META-INF/spring.factories]: [org.springframework.boot.test.autoconfigure.restdocs.RestDocsTestExecutionListener, org.springframework.boot.test.autoconfigure.web.client.MockRestServiceServerResetTestExecutionListener, org.springframework.boot.test.autoconfigure.web.servlet.MockMvcPrintOnlyOnFailureTestExecutionListener, org.springframework.boot.test.autoconfigure.web.servlet.WebDriverTestExecutionListener, org.springframework.boot.test.autoconfigure.webservices.client.MockWebServiceServerTestExecutionListener, org.springframework.boot.test.mock.mockito.MockitoTestExecutionListener, org.springframework.boot.test.mock.mockito.ResetMocksTestExecutionListener, org.springframework.test.context.web.ServletTestExecutionListener, org.springframework.test.context.support.DirtiesContextBeforeModesTestExecutionListener, org.springframework.test.context.support.DependencyInjectionTestExecutionListener, org.springframework.test.context.support.DirtiesContextTestExecutionListener, org.springframework.test.context.transaction.TransactionalTestExecutionListener, org.springframework.test.context.jdbc.SqlScriptsTestExecutionListener, org.springframework.test.context.event.EventPublishingTestExecutionListener]
11:40:28.205 [Test worker] DEBUG org.springframework.boot.test.autoconfigure.data.mongo.DataMongoTestContextBootstrapper - Skipping candidate TestExecutionListener [org.springframework.test.context.web.ServletTestExecutionListener] due to a missing dependency. Specify custom listener classes or make the default listener classes and their required dependencies available. Offending class: [javax/servlet/ServletContext]
11:40:28.211 [Test worker] INFO org.springframework.boot.test.autoconfigure.data.mongo.DataMongoTestContextBootstrapper - Using TestExecutionListeners: [org.springframework.test.context.support.DirtiesContextBeforeModesTestExecutionListener@50f2bc7e, org.springframework.boot.test.mock.mockito.MockitoTestExecutionListener@673e4dcb, org.springframework.boot.test.autoconfigure.SpringBootDependencyInjectionTestExecutionListener@56c20c0, org.springframework.test.context.support.DirtiesContextTestExecutionListener@11eef8d7, org.springframework.test.context.transaction.TransactionalTestExecutionListener@54baa7d8, org.springframework.test.context.jdbc.SqlScriptsTestExecutionListener@41ffe891, org.springframework.test.context.event.EventPublishingTestExecutionListener@2571aa4e, org.springframework.boot.test.autoconfigure.restdocs.RestDocsTestExecutionListener@433fd677, org.springframework.boot.test.autoconfigure.web.client.MockRestServiceServerResetTestExecutionListener@423a2daf, org.springframework.boot.test.autoconfigure.web.servlet.MockMvcPrintOnlyOnFailureTestExecutionListener@7c3ffe19, org.springframework.boot.test.autoconfigure.web.servlet.WebDriverTestExecutionListener@5434180a, org.springframework.boot.test.autoconfigure.webservices.client.MockWebServiceServerTestExecutionListener@6985e095, org.springframework.boot.test.mock.mockito.ResetMocksTestExecutionListener@7a41ff5f]
11:40:28.212 [Test worker] DEBUG org.springframework.test.annotation.ProfileValueUtils - Retrieved @ProfileValueSourceConfiguration [null] for test class [io.locngo.learning.microservices.product.service.PersistenceTests]
11:40:28.213 [Test worker] DEBUG org.springframework.test.annotation.ProfileValueUtils - Retrieved ProfileValueSource type [class org.springframework.test.annotation.SystemProfileValueSource] for class [io.locngo.learning.microservices.product.service.PersistenceTests]
11:40:28.213 [Test worker] DEBUG org.springframework.test.annotation.ProfileValueUtils - Retrieved @ProfileValueSourceConfiguration [null] for test class [io.locngo.learning.microservices.product.service.PersistenceTests]
11:40:28.213 [Test worker] DEBUG org.springframework.test.annotation.ProfileValueUtils - Retrieved ProfileValueSource type [class org.springframework.test.annotation.SystemProfileValueSource] for class [io.locngo.learning.microservices.product.service.PersistenceTests]
11:40:28.213 [Test worker] DEBUG org.springframework.test.annotation.ProfileValueUtils - Retrieved @ProfileValueSourceConfiguration [null] for test class [io.locngo.learning.microservices.product.service.PersistenceTests]
11:40:28.213 [Test worker] DEBUG org.springframework.test.annotation.ProfileValueUtils - Retrieved ProfileValueSource type [class org.springframework.test.annotation.SystemProfileValueSource] for class [io.locngo.learning.microservices.product.service.PersistenceTests]
11:40:28.214 [Test worker] DEBUG org.springframework.test.annotation.ProfileValueUtils - Retrieved @ProfileValueSourceConfiguration [null] for test class [io.locngo.learning.microservices.product.service.PersistenceTests]
11:40:28.214 [Test worker] DEBUG org.springframework.test.annotation.ProfileValueUtils - Retrieved ProfileValueSource type [class org.springframework.test.annotation.SystemProfileValueSource] for class [io.locngo.learning.microservices.product.service.PersistenceTests]
11:40:28.216 [Test worker] DEBUG org.springframework.test.context.support.AbstractDirtiesContextTestExecutionListener - Before test class: context [DefaultTestContext@6a6f337e testClass = PersistenceTests, testInstance = [null], testMethod = [null], testException = [null], mergedContextConfiguration = [MergedContextConfiguration@2a2b96df testClass = PersistenceTests, locations = '{}', classes = '{class io.locngo.learning.microservices.product.service.ProductApplication}', contextInitializerClasses = '[]', activeProfiles = '{}', propertySourceLocations = '{}', propertySourceProperties = '{org.springframework.boot.test.autoconfigure.data.mongo.DataMongoTestContextBootstrapper=true}', contextCustomizers = set[org.springframework.boot.test.autoconfigure.OverrideAutoConfigurationContextCustomizerFactory$DisableAutoConfigurationContextCustomizer@6d8d16b8, org.springframework.boot.test.autoconfigure.filter.TypeExcludeFiltersContextCustomizer@351584c0, org.springframework.boot.test.autoconfigure.properties.PropertyMappingContextCustomizer@aa72fdea, org.springframework.boot.test.autoconfigure.web.servlet.WebDriverContextCustomizerFactory$Customizer@65f8fe2e, [ImportsContextCustomizer@72137d2d key = [org.springframework.boot.autoconfigure.cache.CacheAutoConfiguration, org.springframework.boot.autoconfigure.data.mongo.MongoDataAutoConfiguration, org.springframework.boot.autoconfigure.data.mongo.MongoReactiveDataAutoConfiguration, org.springframework.boot.autoconfigure.data.mongo.MongoReactiveRepositoriesAutoConfiguration, org.springframework.boot.autoconfigure.data.mongo.MongoRepositoriesAutoConfiguration, org.springframework.boot.autoconfigure.mongo.MongoAutoConfiguration, org.springframework.boot.autoconfigure.mongo.MongoReactiveAutoConfiguration, org.springframework.boot.autoconfigure.mongo.embedded.EmbeddedMongoAutoConfiguration, org.springframework.boot.autoconfigure.transaction.TransactionAutoConfiguration]], org.springframework.boot.test.context.filter.ExcludeFilterContextCustomizer@71a85a97, org.springframework.boot.test.json.DuplicateJsonObjectContextCustomizerFactory$DuplicateJsonObjectContextCustomizer@2f357a1a, org.springframework.boot.test.mock.mockito.MockitoContextCustomizer@0, org.springframework.boot.test.context.SpringBootTestArgs@1, org.springframework.boot.test.context.SpringBootTestWebEnvironment@0], contextLoader = 'org.springframework.boot.test.context.SpringBootContextLoader', parent = [null]], attributes = map[[empty]]], class annotated with @DirtiesContext [false] with mode [null].
11:40:28.218 [Test worker] DEBUG org.springframework.test.annotation.ProfileValueUtils - Retrieved @ProfileValueSourceConfiguration [null] for test class [io.locngo.learning.microservices.product.service.PersistenceTests]
11:40:28.218 [Test worker] DEBUG org.springframework.test.annotation.ProfileValueUtils - Retrieved ProfileValueSource type [class org.springframework.test.annotation.SystemProfileValueSource] for class [io.locngo.learning.microservices.product.service.PersistenceTests]
11:40:28.221 [Test worker] DEBUG org.springframework.test.context.support.DependencyInjectionTestExecutionListener - Performing dependency injection for test context [[DefaultTestContext@6a6f337e testClass = PersistenceTests, testInstance = io.locngo.learning.microservices.product.service.PersistenceTests@6533d09e, testMethod = [null], testException = [null], mergedContextConfiguration = [MergedContextConfiguration@2a2b96df testClass = PersistenceTests, locations = '{}', classes = '{class io.locngo.learning.microservices.product.service.ProductApplication}', contextInitializerClasses = '[]', activeProfiles = '{}', propertySourceLocations = '{}', propertySourceProperties = '{org.springframework.boot.test.autoconfigure.data.mongo.DataMongoTestContextBootstrapper=true}', contextCustomizers = set[org.springframework.boot.test.autoconfigure.OverrideAutoConfigurationContextCustomizerFactory$DisableAutoConfigurationContextCustomizer@6d8d16b8, org.springframework.boot.test.autoconfigure.filter.TypeExcludeFiltersContextCustomizer@351584c0, org.springframework.boot.test.autoconfigure.properties.PropertyMappingContextCustomizer@aa72fdea, org.springframework.boot.test.autoconfigure.web.servlet.WebDriverContextCustomizerFactory$Customizer@65f8fe2e, [ImportsContextCustomizer@72137d2d key = [org.springframework.boot.autoconfigure.cache.CacheAutoConfiguration, org.springframework.boot.autoconfigure.data.mongo.MongoDataAutoConfiguration, org.springframework.boot.autoconfigure.data.mongo.MongoReactiveDataAutoConfiguration, org.springframework.boot.autoconfigure.data.mongo.MongoReactiveRepositoriesAutoConfiguration, org.springframework.boot.autoconfigure.data.mongo.MongoRepositoriesAutoConfiguration, org.springframework.boot.autoconfigure.mongo.MongoAutoConfiguration, org.springframework.boot.autoconfigure.mongo.MongoReactiveAutoConfiguration, org.springframework.boot.autoconfigure.mongo.embedded.EmbeddedMongoAutoConfiguration, org.springframework.boot.autoconfigure.transaction.TransactionAutoConfiguration]], org.springframework.boot.test.context.filter.ExcludeFilterContextCustomizer@71a85a97, org.springframework.boot.test.json.DuplicateJsonObjectContextCustomizerFactory$DuplicateJsonObjectContextCustomizer@2f357a1a, org.springframework.boot.test.mock.mockito.MockitoContextCustomizer@0, org.springframework.boot.test.context.SpringBootTestArgs@1, org.springframework.boot.test.context.SpringBootTestWebEnvironment@0], contextLoader = 'org.springframework.boot.test.context.SpringBootContextLoader', parent = [null]], attributes = map[[empty]]]].
11:40:28.241 [Test worker] DEBUG org.springframework.test.context.support.TestPropertySourceUtils - Adding inlined properties to environment: {spring.jmx.enabled=false, org.springframework.boot.test.autoconfigure.data.mongo.DataMongoTestContextBootstrapper=true}

  .   ____          _            __ _ _
 /\\ / ___'_ __ _ _(_)_ __  __ _ \ \ \ \
( ( )\___ | '_ | '_| | '_ \/ _` | \ \ \ \
 \\/  ___)| |_)| | | | | || (_| |  ) ) ) )
  '  |____| .__|_| |_|_| |_\__, | / / / /
 =========|_|==============|___/=/_/_/_/
 :: Spring Boot ::        (v2.3.8.RELEASE)

2021-02-06 11:40:28.556  INFO 13112 --- [    Test worker] i.l.l.m.p.service.PersistenceTests       : Starting PersistenceTests on LAPTOP-J4BOEGNR with PID 13112 (started by ASUS in D:\master_java\learning-microservices\product-service)
2021-02-06 11:40:28.557 DEBUG 13112 --- [    Test worker] i.l.l.m.p.service.PersistenceTests       : Running with Spring Boot v2.3.8.RELEASE, Spring v5.2.12.RELEASE
2021-02-06 11:40:28.558  INFO 13112 --- [    Test worker] i.l.l.m.p.service.PersistenceTests       : No active profile set, falling back to default profiles: default
2021-02-06 11:40:28.816  INFO 13112 --- [    Test worker] .s.d.r.c.RepositoryConfigurationDelegate : Bootstrapping Spring Data MongoDB repositories in DEFAULT mode.
2021-02-06 11:40:28.956  INFO 13112 --- [    Test worker] .s.d.r.c.RepositoryConfigurationDelegate : Finished Spring Data repository scanning in 136ms. Found 1 MongoDB repository interfaces.
2021-02-06 11:40:29.330  INFO 13112 --- [       Thread-5] o.s.b.a.mongo.embedded.EmbeddedMongo     : note: noprealloc may hurt performance in many applications
2021-02-06 11:40:29.360  INFO 13112 --- [       Thread-5] o.s.b.a.mongo.embedded.EmbeddedMongo     : 2021-02-06T11:40:29.360+0700 I CONTROL  [initandlisten] MongoDB starting : pid=8524 port=27017 dbpath=C:\Users\ASUS\AppData\Local\Temp\embedmongo-db-9a871ae4-42f5-4f72-ad35-e79a0b4052a5 64-bit host=LAPTOP-J4BOEGNR
2021-02-06 11:40:29.360  INFO 13112 --- [       Thread-5] o.s.b.a.mongo.embedded.EmbeddedMongo     : 2021-02-06T11:40:29.360+0700 I CONTROL  [initandlisten] targetMinOS: Windows Vista/Windows Server 2008
2021-02-06 11:40:29.360  INFO 13112 --- [       Thread-5] o.s.b.a.mongo.embedded.EmbeddedMongo     : 2021-02-06T11:40:29.360+0700 I CONTROL  [initandlisten] db version v3.5.5
2021-02-06 11:40:29.361  INFO 13112 --- [       Thread-5] o.s.b.a.mongo.embedded.EmbeddedMongo     : 2021-02-06T11:40:29.360+0700 I CONTROL  [initandlisten] git version: 98515c812b6fa893613f063dae568ff8319cbfbd
2021-02-06 11:40:29.361  INFO 13112 --- [       Thread-5] o.s.b.a.mongo.embedded.EmbeddedMongo     : 2021-02-06T11:40:29.360+0700 I CONTROL  [initandlisten] allocator: tcmalloc
2021-02-06 11:40:29.361  INFO 13112 --- [       Thread-5] o.s.b.a.mongo.embedded.EmbeddedMongo     : 2021-02-06T11:40:29.360+0700 I CONTROL  [initandlisten] modules: none
2021-02-06 11:40:29.361  INFO 13112 --- [       Thread-5] o.s.b.a.mongo.embedded.EmbeddedMongo     : 2021-02-06T11:40:29.360+0700 I CONTROL  [initandlisten] build environment:
2021-02-06 11:40:29.361  INFO 13112 --- [       Thread-5] o.s.b.a.mongo.embedded.EmbeddedMongo     : 2021-02-06T11:40:29.360+0700 I CONTROL  [initandlisten]     distarch: x86_64
2021-02-06 11:40:29.361  INFO 13112 --- [       Thread-5] o.s.b.a.mongo.embedded.EmbeddedMongo     : 2021-02-06T11:40:29.360+0700 I CONTROL  [initandlisten]     target_arch: x86_64
2021-02-06 11:40:29.361  INFO 13112 --- [       Thread-5] o.s.b.a.mongo.embedded.EmbeddedMongo     : 2021-02-06T11:40:29.360+0700 I CONTROL  [initandlisten] options: { net: { bindIp: "127.0.0.1", http: { enabled: false }, port: 27017 }, security: { authorization: "disabled" }, storage: { dbPath: "C:\Users\ASUS\AppData\Local\Temp\embedmongo-db-9a871ae4-42f5-4f72-ad35-e79a0b4052a5", journal: { enabled: false }, mmapv1: { preallocDataFiles: false, smallFiles: true }, syncPeriodSecs: 0.0 } }
2021-02-06 11:40:29.361  INFO 13112 --- [       Thread-5] o.s.b.a.mongo.embedded.EmbeddedMongo     : 2021-02-06T11:40:29.361+0700 I STORAGE  [initandlisten] wiredtiger_open config: create,cache_size=11701M,session_max=20000,eviction=(threads_min=4,threads_max=4),config_base=false,statistics=(fast),log=(enabled=true,archive=true,path=journal,compressor=snappy),file_manager=(close_idle_time=100000),checkpoint=(wait=0,log_size=2GB),statistics_log=(wait=0),verbose=(recovery_progress),,log=(enabled=false),
2021-02-06 11:40:29.413  INFO 13112 --- [       Thread-5] o.s.b.a.mongo.embedded.EmbeddedMongo     : 2021-02-06T11:40:29.413+0700 W STORAGE  [initandlisten] Detected configuration for non-active storage engine mmapv1 when current storage engine is wiredTiger
2021-02-06 11:40:29.413  INFO 13112 --- [       Thread-5] o.s.b.a.mongo.embedded.EmbeddedMongo     : 2021-02-06T11:40:29.413+0700 I CONTROL  [initandlisten] 
2021-02-06 11:40:29.413  INFO 13112 --- [       Thread-5] o.s.b.a.mongo.embedded.EmbeddedMongo     : 2021-02-06T11:40:29.413+0700 I CONTROL  [initandlisten] ** NOTE: This is a development version (3.5.5) of MongoDB.
2021-02-06 11:40:29.413  INFO 13112 --- [       Thread-5] o.s.b.a.mongo.embedded.EmbeddedMongo     : 2021-02-06T11:40:29.413+0700 I CONTROL  [initandlisten] **       Not recommended for production.
2021-02-06 11:40:29.413  INFO 13112 --- [       Thread-5] o.s.b.a.mongo.embedded.EmbeddedMongo     : 2021-02-06T11:40:29.413+0700 I CONTROL  [initandlisten] 
2021-02-06 11:40:29.642  INFO 13112 --- [       Thread-5] o.s.b.a.mongo.embedded.EmbeddedMongo     : 2021-02-06T11:40:29.642+0700 I FTDC     [initandlisten] Initializing full-time diagnostic data capture with directory 'C:/Users/ASUS/AppData/Local/Temp/embedmongo-db-9a871ae4-42f5-4f72-ad35-e79a0b4052a5/diagnostic.data'
2021-02-06 11:40:29.675  INFO 13112 --- [       Thread-5] o.s.b.a.mongo.embedded.EmbeddedMongo     : 2021-02-06T11:40:29.675+0700 I INDEX    [initandlisten] build index on: admin.system.version properties: { v: 2, key: { version: 1 }, name: "incompatible_with_version_32", ns: "admin.system.version" }
2021-02-06 11:40:29.675  INFO 13112 --- [       Thread-5] o.s.b.a.mongo.embedded.EmbeddedMongo     : 2021-02-06T11:40:29.675+0700 I INDEX    [initandlisten] 	 building index using bulk method; build may temporarily use up to 500 megabytes of RAM
2021-02-06 11:40:29.677  INFO 13112 --- [       Thread-5] o.s.b.a.mongo.embedded.EmbeddedMongo     : 2021-02-06T11:40:29.677+0700 I INDEX    [initandlisten] build index done.  scanned 0 total records. 0 secs
2021-02-06 11:40:29.678  INFO 13112 --- [       Thread-5] o.s.b.a.mongo.embedded.EmbeddedMongo     : 2021-02-06T11:40:29.678+0700 I COMMAND  [initandlisten] setting featureCompatibilityVersion to 3.4
2021-02-06 11:40:29.678  INFO 13112 --- [       Thread-5] o.s.b.a.mongo.embedded.EmbeddedMongo     : 2021-02-06T11:40:29.678+0700 I NETWORK  [thread1] waiting for connections on port 27017
2021-02-06 11:40:29.679  INFO 13112 --- [    Test worker] d.f.embed.mongo.MongodExecutable         : start de.flapdoodle.embed.mongo.config.MongodConfigBuilder$ImmutableMongodConfig@773295ff
2021-02-06 11:40:29.732  INFO 13112 --- [    Test worker] org.mongodb.driver.cluster               : Cluster created with settings {hosts=[localhost:27017], mode=SINGLE, requiredClusterType=UNKNOWN, serverSelectionTimeout='30000 ms'}
2021-02-06 11:40:29.761  INFO 13112 --- [       Thread-5] o.s.b.a.mongo.embedded.EmbeddedMongo     : 2021-02-06T11:40:29.761+0700 I NETWORK  [thread1] connection accepted from 127.0.0.1:51353 #1 (1 connection now open)
2021-02-06 11:40:29.768  INFO 13112 --- [       Thread-5] o.s.b.a.mongo.embedded.EmbeddedMongo     : 2021-02-06T11:40:29.768+0700 I NETWORK  [conn1] received client metadata from 127.0.0.1:51353 conn1: { driver: { name: "mongo-java-driver|sync|spring-boot", version: "4.0.5" }, os: { type: "Windows", name: "Windows 10", architecture: "amd64", version: "10.0" }, platform: "Java/Oracle Corporation/1.8.0_271-b09" }
2021-02-06 11:40:29.777  INFO 13112 --- [localhost:27017] org.mongodb.driver.connection            : Opened connection [connectionId{localValue:1, serverValue:1}] to localhost:27017
2021-02-06 11:40:29.779  INFO 13112 --- [localhost:27017] org.mongodb.driver.cluster               : Monitor thread successfully connected to server with description ServerDescription{address=localhost:27017, type=STANDALONE, state=CONNECTED, ok=true, minWireVersion=0, maxWireVersion=5, maxDocumentSize=16777216, logicalSessionTimeoutMinutes=null, roundTripTimeNanos=865800}
2021-02-06 11:40:30.120  INFO 13112 --- [       Thread-5] o.s.b.a.mongo.embedded.EmbeddedMongo     : 2021-02-06T11:40:30.121+0700 I NETWORK  [thread1] connection accepted from 127.0.0.1:51354 #2 (2 connections now open)
2021-02-06 11:40:30.120  INFO 13112 --- [       Thread-5] o.s.b.a.mongo.embedded.EmbeddedMongo     : 2021-02-06T11:40:30.121+0700 I NETWORK  [conn2] received client metadata from 127.0.0.1:51354 conn2: { driver: { name: "mongo-java-driver|sync|spring-boot", version: "4.0.5" }, os: { type: "Windows", name: "Windows 10", architecture: "amd64", version: "10.0" }, platform: "Java/Oracle Corporation/1.8.0_271-b09" }
2021-02-06 11:40:30.121  INFO 13112 --- [    Test worker] org.mongodb.driver.connection            : Opened connection [connectionId{localValue:2, serverValue:2}] to localhost:27017
2021-02-06 11:40:30.159  INFO 13112 --- [       Thread-5] o.s.b.a.mongo.embedded.EmbeddedMongo     : 2021-02-06T11:40:30.159+0700 I INDEX    [conn2] build index on: product-db.products properties: { v: 2, unique: true, key: { productId: 1 }, name: "productId", ns: "product-db.products" }
2021-02-06 11:40:30.159  INFO 13112 --- [       Thread-5] o.s.b.a.mongo.embedded.EmbeddedMongo     : 2021-02-06T11:40:30.159+0700 I INDEX    [conn2] 	 building index using bulk method; build may temporarily use up to 500 megabytes of RAM
2021-02-06 11:40:30.161  INFO 13112 --- [       Thread-5] o.s.b.a.mongo.embedded.EmbeddedMongo     : 2021-02-06T11:40:30.162+0700 I INDEX    [conn2] build index done.  scanned 0 total records. 0 secs
2021-02-06 11:40:30.164  INFO 13112 --- [    Test worker] i.l.l.m.p.service.PersistenceTests       : Started PersistenceTests in 1.921 seconds (JVM running for 2.992)
2021-02-06 11:40:30.301 DEBUG 13112 --- [    Test worker] o.s.data.mongodb.core.MongoTemplate      : Remove using query: {} in collection: products.
2021-02-06 11:40:30.329 DEBUG 13112 --- [    Test worker] o.s.data.mongodb.core.MongoTemplate      : Inserting Document containing fields: [version, productId, name, weight, _class] in collection: products
2021-02-06 11:40:30.341 DEBUG 13112 --- [    Test worker] o.s.d.m.r.query.MongoQueryCreator        : Created query Query: { "productId" : 1}, Fields: {}, Sort: {}
2021-02-06 11:40:30.346 DEBUG 13112 --- [    Test worker] o.s.data.mongodb.core.MongoTemplate      : find using query: { "productId" : 1} fields: Document{{}} for class: class io.locngo.learning.microservices.product.service.persistence.ProductEntity in collection: products
2021-02-06 11:40:30.372 DEBUG 13112 --- [    Test worker] o.s.data.mongodb.core.MongoTemplate      : Remove using query: {} in collection: products.
2021-02-06 11:40:30.373 DEBUG 13112 --- [    Test worker] o.s.data.mongodb.core.MongoTemplate      : Inserting Document containing fields: [version, productId, name, weight, _class] in collection: products
2021-02-06 11:40:30.374 DEBUG 13112 --- [    Test worker] o.s.data.mongodb.core.MongoTemplate      : findOne using query: { "id" : "601e1dbe0e66a3585a172751"} fields: Document{{}} for class: class io.locngo.learning.microservices.product.service.persistence.ProductEntity in collection: products
2021-02-06 11:40:30.376 DEBUG 13112 --- [    Test worker] o.s.data.mongodb.core.MongoTemplate      : findOne using query: { "_id" : { "$oid" : "601e1dbe0e66a3585a172751"}} fields: {} in db.collection: product-db.products
2021-02-06 11:40:30.377 DEBUG 13112 --- [    Test worker] o.s.data.mongodb.core.MongoTemplate      : findOne using query: { "id" : "601e1dbe0e66a3585a172751"} fields: Document{{}} for class: class io.locngo.learning.microservices.product.service.persistence.ProductEntity in collection: products
2021-02-06 11:40:30.377 DEBUG 13112 --- [    Test worker] o.s.data.mongodb.core.MongoTemplate      : findOne using query: { "_id" : { "$oid" : "601e1dbe0e66a3585a172751"}} fields: {} in db.collection: product-db.products
2021-02-06 11:40:30.381 DEBUG 13112 --- [    Test worker] o.s.data.mongodb.core.MongoTemplate      : Calling update using query: { "_id" : { "$oid" : "601e1dbe0e66a3585a172751"}, "version" : 0} and update: { "version" : 1, "productId" : 1, "name" : "n1", "weight" : 1, "_class" : "io.locngo.learning.microservices.product.service.persistence.ProductEntity"} in collection: products
2021-02-06 11:40:30.385 DEBUG 13112 --- [    Test worker] o.s.data.mongodb.core.MongoTemplate      : Calling update using query: { "_id" : { "$oid" : "601e1dbe0e66a3585a172751"}, "version" : 0} and update: { "version" : 1, "productId" : 1, "name" : "n2", "weight" : 1, "_class" : "io.locngo.learning.microservices.product.service.persistence.ProductEntity"} in collection: products
2021-02-06 11:40:30.386 DEBUG 13112 --- [    Test worker] o.s.data.mongodb.core.MongoTemplate      : findOne using query: { "id" : "601e1dbe0e66a3585a172751"} fields: Document{{}} for class: class io.locngo.learning.microservices.product.service.persistence.ProductEntity in collection: products
2021-02-06 11:40:30.386 DEBUG 13112 --- [    Test worker] o.s.data.mongodb.core.MongoTemplate      : findOne using query: { "_id" : { "$oid" : "601e1dbe0e66a3585a172751"}} fields: {} in db.collection: product-db.products
2021-02-06 11:40:30.390 DEBUG 13112 --- [    Test worker] o.s.data.mongodb.core.MongoTemplate      : Remove using query: {} in collection: products.
2021-02-06 11:40:30.391 DEBUG 13112 --- [    Test worker] o.s.data.mongodb.core.MongoTemplate      : Inserting Document containing fields: [version, productId, name, weight, _class] in collection: products
2021-02-06 11:40:30.392 DEBUG 13112 --- [    Test worker] o.s.data.mongodb.core.MongoTemplate      : Inserting Document containing fields: [version, productId, name, weight, _class] in collection: products
2021-02-06 11:40:30.393 DEBUG 13112 --- [    Test worker] o.s.data.mongodb.core.MongoTemplate      : findOne using query: { "id" : "601e1dbe0e66a3585a172753"} fields: Document{{}} for class: class io.locngo.learning.microservices.product.service.persistence.ProductEntity in collection: products
2021-02-06 11:40:30.393 DEBUG 13112 --- [    Test worker] o.s.data.mongodb.core.MongoTemplate      : findOne using query: { "_id" : { "$oid" : "601e1dbe0e66a3585a172753"}} fields: {} in db.collection: product-db.products
2021-02-06 11:40:30.395 DEBUG 13112 --- [    Test worker] o.s.data.mongodb.core.MongoTemplate      : Executing count: {} in collection: products
2021-02-06 11:40:30.403 DEBUG 13112 --- [    Test worker] o.s.data.mongodb.core.MongoTemplate      : Remove using query: {} in collection: products.
2021-02-06 11:40:30.404 DEBUG 13112 --- [    Test worker] o.s.data.mongodb.core.MongoTemplate      : Inserting Document containing fields: [version, productId, name, weight, _class] in collection: products
2021-02-06 11:40:30.405 DEBUG 13112 --- [    Test worker] o.s.data.mongodb.core.MongoTemplate      : Remove using query: { "_id" : { "$oid" : "601e1dbe0e66a3585a172754"}, "version" : 0} in collection: products.
2021-02-06 11:40:30.407 DEBUG 13112 --- [    Test worker] o.s.data.mongodb.core.MongoTemplate      : Executing count: { "_id" : { "$oid" : "601e1dbe0e66a3585a172754"}} in collection: products
2021-02-06 11:40:30.411 DEBUG 13112 --- [    Test worker] o.s.data.mongodb.core.MongoTemplate      : Remove using query: {} in collection: products.
2021-02-06 11:40:30.412 DEBUG 13112 --- [    Test worker] o.s.data.mongodb.core.MongoTemplate      : Inserting Document containing fields: [version, productId, name, weight, _class] in collection: products
2021-02-06 11:40:30.413 DEBUG 13112 --- [    Test worker] o.s.data.mongodb.core.MongoTemplate      : Remove using query: {} in collection: products.
2021-02-06 11:40:30.415 DEBUG 13112 --- [    Test worker] o.s.data.mongodb.core.MongoTemplate      : Inserting list of Documents containing 10 items
2021-02-06 11:40:30.421 DEBUG 13112 --- [    Test worker] o.s.data.mongodb.core.MongoTemplate      : Executing count: {} in collection: products
2021-02-06 11:40:30.422 DEBUG 13112 --- [    Test worker] o.s.data.mongodb.core.MongoTemplate      : find using query: {} fields: Document{{}} for class: class io.locngo.learning.microservices.product.service.persistence.ProductEntity in collection: products
2021-02-06 11:40:30.425 DEBUG 13112 --- [    Test worker] o.s.data.mongodb.core.MongoTemplate      : Executing count: {} in collection: products
2021-02-06 11:40:30.426 DEBUG 13112 --- [    Test worker] o.s.data.mongodb.core.MongoTemplate      : find using query: {} fields: Document{{}} for class: class io.locngo.learning.microservices.product.service.persistence.ProductEntity in collection: products
2021-02-06 11:40:30.428 DEBUG 13112 --- [    Test worker] o.s.data.mongodb.core.MongoTemplate      : Executing count: {} in collection: products
2021-02-06 11:40:30.429 DEBUG 13112 --- [    Test worker] o.s.data.mongodb.core.MongoTemplate      : find using query: {} fields: Document{{}} for class: class io.locngo.learning.microservices.product.service.persistence.ProductEntity in collection: products
2021-02-06 11:40:30.433 DEBUG 13112 --- [    Test worker] o.s.data.mongodb.core.MongoTemplate      : Remove using query: {} in collection: products.
2021-02-06 11:40:30.434 DEBUG 13112 --- [    Test worker] o.s.data.mongodb.core.MongoTemplate      : Inserting Document containing fields: [version, productId, name, weight, _class] in collection: products
2021-02-06 11:40:30.436 DEBUG 13112 --- [    Test worker] o.s.data.mongodb.core.MongoTemplate      : Calling update using query: { "_id" : { "$oid" : "601e1dbe0e66a3585a172760"}, "version" : 0} and update: { "version" : 1, "productId" : 1, "name" : "n2", "weight" : 1, "_class" : "io.locngo.learning.microservices.product.service.persistence.ProductEntity"} in collection: products
2021-02-06 11:40:30.437 DEBUG 13112 --- [    Test worker] o.s.data.mongodb.core.MongoTemplate      : findOne using query: { "id" : "601e1dbe0e66a3585a172760"} fields: Document{{}} for class: class io.locngo.learning.microservices.product.service.persistence.ProductEntity in collection: products
2021-02-06 11:40:30.437 DEBUG 13112 --- [    Test worker] o.s.data.mongodb.core.MongoTemplate      : findOne using query: { "_id" : { "$oid" : "601e1dbe0e66a3585a172760"}} fields: {} in db.collection: product-db.products
2021-02-06 11:40:30.440 DEBUG 13112 --- [    Test worker] o.s.data.mongodb.core.MongoTemplate      : Remove using query: {} in collection: products.
2021-02-06 11:40:30.441 DEBUG 13112 --- [    Test worker] o.s.data.mongodb.core.MongoTemplate      : Inserting Document containing fields: [version, productId, name, weight, _class] in collection: products
2021-02-06 11:40:30.442 DEBUG 13112 --- [    Test worker] o.s.data.mongodb.core.MongoTemplate      : Inserting Document containing fields: [version, productId, name, weight, _class] in collection: products
]]></system-out>
  <system-err><![CDATA[]]></system-err>
</testsuite>
