<?xml version="1.0" encoding="UTF-8"?>
<testsuite name="io.locngo.learning.microservices.product.service.ProductApplicationTest" tests="4" skipped="0" failures="0" errors="0" timestamp="2021-02-03T15:10:37" hostname="LAPTOP-J4BOEGNR" time="0.473">
  <properties/>
  <testcase name="getProductById" classname="io.locngo.learning.microservices.product.service.ProductApplicationTest" time="0.419"/>
  <testcase name="getProductInvalidParameterNegativeValue" classname="io.locngo.learning.microservices.product.service.ProductApplicationTest" time="0.023"/>
  <testcase name="getProductInvalidParameterString" classname="io.locngo.learning.microservices.product.service.ProductApplicationTest" time="0.024"/>
  <testcase name="getProductNotFound" classname="io.locngo.learning.microservices.product.service.ProductApplicationTest" time="0.005"/>
  <system-out><![CDATA[22:10:34.654 [Test worker] DEBUG org.springframework.test.context.junit4.SpringJUnit4ClassRunner - SpringJUnit4ClassRunner constructor called with [class io.locngo.learning.microservices.product.service.ProductApplicationTest]
22:10:34.661 [Test worker] DEBUG org.springframework.test.context.BootstrapUtils - Instantiating CacheAwareContextLoaderDelegate from class [org.springframework.test.context.cache.DefaultCacheAwareContextLoaderDelegate]
22:10:34.667 [Test worker] DEBUG org.springframework.test.context.BootstrapUtils - Instantiating BootstrapContext using constructor [public org.springframework.test.context.support.DefaultBootstrapContext(java.lang.Class,org.springframework.test.context.CacheAwareContextLoaderDelegate)]
22:10:34.698 [Test worker] DEBUG org.springframework.test.context.BootstrapUtils - Instantiating TestContextBootstrapper for test class [io.locngo.learning.microservices.product.service.ProductApplicationTest] from class [org.springframework.boot.test.context.SpringBootTestContextBootstrapper]
22:10:34.711 [Test worker] INFO org.springframework.boot.test.context.SpringBootTestContextBootstrapper - Neither @ContextConfiguration nor @ContextHierarchy found for test class [io.locngo.learning.microservices.product.service.ProductApplicationTest], using SpringBootContextLoader
22:10:34.715 [Test worker] DEBUG org.springframework.test.context.support.AbstractContextLoader - Did not detect default resource location for test class [io.locngo.learning.microservices.product.service.ProductApplicationTest]: class path resource [io/locngo/learning/microservices/product/service/ProductApplicationTest-context.xml] does not exist
22:10:34.715 [Test worker] DEBUG org.springframework.test.context.support.AbstractContextLoader - Did not detect default resource location for test class [io.locngo.learning.microservices.product.service.ProductApplicationTest]: class path resource [io/locngo/learning/microservices/product/service/ProductApplicationTestContext.groovy] does not exist
22:10:34.715 [Test worker] INFO org.springframework.test.context.support.AbstractContextLoader - Could not detect default resource locations for test class [io.locngo.learning.microservices.product.service.ProductApplicationTest]: no resource found for suffixes {-context.xml, Context.groovy}.
22:10:34.716 [Test worker] INFO org.springframework.test.context.support.AnnotationConfigContextLoaderUtils - Could not detect default configuration classes for test class [io.locngo.learning.microservices.product.service.ProductApplicationTest]: ProductApplicationTest does not declare any static, non-private, non-final, nested classes annotated with @Configuration.
22:10:34.752 [Test worker] DEBUG org.springframework.test.context.support.ActiveProfilesUtils - Could not find an 'annotation declaring class' for annotation type [org.springframework.test.context.ActiveProfiles] and class [io.locngo.learning.microservices.product.service.ProductApplicationTest]
22:10:34.805 [Test worker] DEBUG org.springframework.context.annotation.ClassPathScanningCandidateComponentProvider - Identified candidate component class: file [D:\master_java\learning-microservices\product-service\build\classes\java\main\io\locngo\learning\microservices\product\service\ProductApplication.class]
22:10:34.807 [Test worker] INFO org.springframework.boot.test.context.SpringBootTestContextBootstrapper - Found @SpringBootConfiguration io.locngo.learning.microservices.product.service.ProductApplication for test class io.locngo.learning.microservices.product.service.ProductApplicationTest
22:10:34.893 [Test worker] DEBUG org.springframework.boot.test.context.SpringBootTestContextBootstrapper - @TestExecutionListeners is not present for class [io.locngo.learning.microservices.product.service.ProductApplicationTest]: using defaults.
22:10:34.894 [Test worker] INFO org.springframework.boot.test.context.SpringBootTestContextBootstrapper - Loaded default TestExecutionListener class names from location [META-INF/spring.factories]: [org.springframework.boot.test.autoconfigure.restdocs.RestDocsTestExecutionListener, org.springframework.boot.test.autoconfigure.web.client.MockRestServiceServerResetTestExecutionListener, org.springframework.boot.test.autoconfigure.web.servlet.MockMvcPrintOnlyOnFailureTestExecutionListener, org.springframework.boot.test.autoconfigure.web.servlet.WebDriverTestExecutionListener, org.springframework.boot.test.autoconfigure.webservices.client.MockWebServiceServerTestExecutionListener, org.springframework.boot.test.mock.mockito.MockitoTestExecutionListener, org.springframework.boot.test.mock.mockito.ResetMocksTestExecutionListener, org.springframework.test.context.web.ServletTestExecutionListener, org.springframework.test.context.support.DirtiesContextBeforeModesTestExecutionListener, org.springframework.test.context.support.DependencyInjectionTestExecutionListener, org.springframework.test.context.support.DirtiesContextTestExecutionListener, org.springframework.test.context.transaction.TransactionalTestExecutionListener, org.springframework.test.context.jdbc.SqlScriptsTestExecutionListener, org.springframework.test.context.event.EventPublishingTestExecutionListener]
22:10:34.901 [Test worker] DEBUG org.springframework.boot.test.context.SpringBootTestContextBootstrapper - Skipping candidate TestExecutionListener [org.springframework.test.context.web.ServletTestExecutionListener] due to a missing dependency. Specify custom listener classes or make the default listener classes and their required dependencies available. Offending class: [javax/servlet/ServletContext]
22:10:34.902 [Test worker] DEBUG org.springframework.boot.test.context.SpringBootTestContextBootstrapper - Skipping candidate TestExecutionListener [org.springframework.test.context.transaction.TransactionalTestExecutionListener] due to a missing dependency. Specify custom listener classes or make the default listener classes and their required dependencies available. Offending class: [org/springframework/transaction/interceptor/TransactionAttributeSource]
22:10:34.903 [Test worker] DEBUG org.springframework.boot.test.context.SpringBootTestContextBootstrapper - Skipping candidate TestExecutionListener [org.springframework.test.context.jdbc.SqlScriptsTestExecutionListener] due to a missing dependency. Specify custom listener classes or make the default listener classes and their required dependencies available. Offending class: [org/springframework/transaction/interceptor/TransactionAttribute]
22:10:34.903 [Test worker] INFO org.springframework.boot.test.context.SpringBootTestContextBootstrapper - Using TestExecutionListeners: [org.springframework.test.context.support.DirtiesContextBeforeModesTestExecutionListener@338134b1, org.springframework.boot.test.mock.mockito.MockitoTestExecutionListener@5abcbfa0, org.springframework.boot.test.autoconfigure.SpringBootDependencyInjectionTestExecutionListener@66fa8b24, org.springframework.test.context.support.DirtiesContextTestExecutionListener@174865f2, org.springframework.test.context.event.EventPublishingTestExecutionListener@2d56ff16, org.springframework.boot.test.autoconfigure.restdocs.RestDocsTestExecutionListener@12a804a3, org.springframework.boot.test.autoconfigure.web.client.MockRestServiceServerResetTestExecutionListener@20391e79, org.springframework.boot.test.autoconfigure.web.servlet.MockMvcPrintOnlyOnFailureTestExecutionListener@740a9879, org.springframework.boot.test.autoconfigure.web.servlet.WebDriverTestExecutionListener@6e3e67a1, org.springframework.boot.test.autoconfigure.webservices.client.MockWebServiceServerTestExecutionListener@3c61fbd9, org.springframework.boot.test.mock.mockito.ResetMocksTestExecutionListener@54c3f0fa]
22:10:34.904 [Test worker] DEBUG org.springframework.test.annotation.ProfileValueUtils - Retrieved @ProfileValueSourceConfiguration [null] for test class [io.locngo.learning.microservices.product.service.ProductApplicationTest]
22:10:34.905 [Test worker] DEBUG org.springframework.test.annotation.ProfileValueUtils - Retrieved ProfileValueSource type [class org.springframework.test.annotation.SystemProfileValueSource] for class [io.locngo.learning.microservices.product.service.ProductApplicationTest]
22:10:34.906 [Test worker] DEBUG org.springframework.test.annotation.ProfileValueUtils - Retrieved @ProfileValueSourceConfiguration [null] for test class [io.locngo.learning.microservices.product.service.ProductApplicationTest]
22:10:34.906 [Test worker] DEBUG org.springframework.test.annotation.ProfileValueUtils - Retrieved ProfileValueSource type [class org.springframework.test.annotation.SystemProfileValueSource] for class [io.locngo.learning.microservices.product.service.ProductApplicationTest]
22:10:34.907 [Test worker] DEBUG org.springframework.test.annotation.ProfileValueUtils - Retrieved @ProfileValueSourceConfiguration [null] for test class [io.locngo.learning.microservices.product.service.ProductApplicationTest]
22:10:34.907 [Test worker] DEBUG org.springframework.test.annotation.ProfileValueUtils - Retrieved ProfileValueSource type [class org.springframework.test.annotation.SystemProfileValueSource] for class [io.locngo.learning.microservices.product.service.ProductApplicationTest]
22:10:34.908 [Test worker] DEBUG org.springframework.test.annotation.ProfileValueUtils - Retrieved @ProfileValueSourceConfiguration [null] for test class [io.locngo.learning.microservices.product.service.ProductApplicationTest]
22:10:34.908 [Test worker] DEBUG org.springframework.test.annotation.ProfileValueUtils - Retrieved ProfileValueSource type [class org.springframework.test.annotation.SystemProfileValueSource] for class [io.locngo.learning.microservices.product.service.ProductApplicationTest]
22:10:34.913 [Test worker] DEBUG org.springframework.test.context.support.AbstractDirtiesContextTestExecutionListener - Before test class: context [DefaultTestContext@1746e316 testClass = ProductApplicationTest, testInstance = [null], testMethod = [null], testException = [null], mergedContextConfiguration = [ReactiveWebMergedContextConfiguration@4cfb2dc5 testClass = ProductApplicationTest, locations = '{}', classes = '{class io.locngo.learning.microservices.product.service.ProductApplication}', contextInitializerClasses = '[]', activeProfiles = '{}', propertySourceLocations = '{}', propertySourceProperties = '{org.springframework.boot.test.context.SpringBootTestContextBootstrapper=true, server.port=0}', contextCustomizers = set[org.springframework.boot.test.autoconfigure.properties.PropertyMappingContextCustomizer@0, org.springframework.boot.test.autoconfigure.web.servlet.WebDriverContextCustomizerFactory$Customizer@60bc33bb, org.springframework.boot.test.context.filter.ExcludeFilterContextCustomizer@233ca41d, org.springframework.boot.test.json.DuplicateJsonObjectContextCustomizerFactory$DuplicateJsonObjectContextCustomizer@680a256d, org.springframework.boot.test.mock.mockito.MockitoContextCustomizer@0, org.springframework.boot.test.web.client.TestRestTemplateContextCustomizer@a1c67b3, org.springframework.boot.test.web.reactive.server.WebTestClientContextCustomizer@6d92310c, org.springframework.boot.test.context.SpringBootTestArgs@1, org.springframework.boot.test.context.SpringBootTestWebEnvironment@6d4f942c], contextLoader = 'org.springframework.boot.test.context.SpringBootContextLoader', parent = [null]], attributes = map['org.springframework.test.context.web.ServletTestExecutionListener.activateListener' -> false]], class annotated with @DirtiesContext [false] with mode [null].
22:10:34.914 [Test worker] DEBUG org.springframework.test.annotation.ProfileValueUtils - Retrieved @ProfileValueSourceConfiguration [null] for test class [io.locngo.learning.microservices.product.service.ProductApplicationTest]
22:10:34.915 [Test worker] DEBUG org.springframework.test.annotation.ProfileValueUtils - Retrieved ProfileValueSource type [class org.springframework.test.annotation.SystemProfileValueSource] for class [io.locngo.learning.microservices.product.service.ProductApplicationTest]
22:10:34.917 [Test worker] DEBUG org.springframework.test.context.support.DependencyInjectionTestExecutionListener - Performing dependency injection for test context [[DefaultTestContext@1746e316 testClass = ProductApplicationTest, testInstance = io.locngo.learning.microservices.product.service.ProductApplicationTest@12937a3f, testMethod = [null], testException = [null], mergedContextConfiguration = [ReactiveWebMergedContextConfiguration@4cfb2dc5 testClass = ProductApplicationTest, locations = '{}', classes = '{class io.locngo.learning.microservices.product.service.ProductApplication}', contextInitializerClasses = '[]', activeProfiles = '{}', propertySourceLocations = '{}', propertySourceProperties = '{org.springframework.boot.test.context.SpringBootTestContextBootstrapper=true, server.port=0}', contextCustomizers = set[org.springframework.boot.test.autoconfigure.properties.PropertyMappingContextCustomizer@0, org.springframework.boot.test.autoconfigure.web.servlet.WebDriverContextCustomizerFactory$Customizer@60bc33bb, org.springframework.boot.test.context.filter.ExcludeFilterContextCustomizer@233ca41d, org.springframework.boot.test.json.DuplicateJsonObjectContextCustomizerFactory$DuplicateJsonObjectContextCustomizer@680a256d, org.springframework.boot.test.mock.mockito.MockitoContextCustomizer@0, org.springframework.boot.test.web.client.TestRestTemplateContextCustomizer@a1c67b3, org.springframework.boot.test.web.reactive.server.WebTestClientContextCustomizer@6d92310c, org.springframework.boot.test.context.SpringBootTestArgs@1, org.springframework.boot.test.context.SpringBootTestWebEnvironment@6d4f942c], contextLoader = 'org.springframework.boot.test.context.SpringBootContextLoader', parent = [null]], attributes = map['org.springframework.test.context.web.ServletTestExecutionListener.activateListener' -> false]]].
22:10:34.934 [Test worker] DEBUG org.springframework.test.context.support.TestPropertySourceUtils - Adding inlined properties to environment: {spring.jmx.enabled=false, org.springframework.boot.test.context.SpringBootTestContextBootstrapper=true, server.port=0}

  .   ____          _            __ _ _
 /\\ / ___'_ __ _ _(_)_ __  __ _ \ \ \ \
( ( )\___ | '_ | '_| | '_ \/ _` | \ \ \ \
 \\/  ___)| |_)| | | | | || (_| |  ) ) ) )
  '  |____| .__|_| |_|_| |_\__, | / / / /
 =========|_|==============|___/=/_/_/_/
 :: Spring Boot ::        (v2.3.8.RELEASE)

2021-02-03 22:10:35.185  INFO 20172 --- [    Test worker] i.l.l.m.p.s.ProductApplicationTest       : Starting ProductApplicationTest on LAPTOP-J4BOEGNR with PID 20172 (started by ASUS in D:\master_java\learning-microservices\product-service)
2021-02-03 22:10:35.186 DEBUG 20172 --- [    Test worker] i.l.l.m.p.s.ProductApplicationTest       : Running with Spring Boot v2.3.8.RELEASE, Spring v5.2.12.RELEASE
2021-02-03 22:10:35.186  INFO 20172 --- [    Test worker] i.l.l.m.p.s.ProductApplicationTest       : No active profile set, falling back to default profiles: default
2021-02-03 22:10:36.386  INFO 20172 --- [    Test worker] o.s.b.a.e.web.EndpointLinksResolver      : Exposing 13 endpoint(s) beneath base path '/actuator'
2021-02-03 22:10:37.380  INFO 20172 --- [    Test worker] o.s.b.web.embedded.netty.NettyWebServer  : Netty started on port(s): 54588
2021-02-03 22:10:37.389  INFO 20172 --- [    Test worker] i.l.l.m.p.s.ProductApplicationTest       : Started ProductApplicationTest in 2.453 seconds (JVM running for 3.57)
2021-02-03 22:10:37.742 DEBUG 20172 --- [ctor-http-nio-3] i.l.l.m.p.s.services.ProductServiceImpl  : /product return the found product for productId=1
2021-02-03 22:10:37.849 DEBUG 20172 --- [ctor-http-nio-3] i.l.l.m.p.s.services.ProductServiceImpl  : /product return the found product for productId=-1
2021-02-03 22:10:37.855 DEBUG 20172 --- [ctor-http-nio-3] l.m.u.h.GlobalControllerExceptionHandler : Returning HTTP status: 422 UNPROCESSABLE_ENTITY for path, message: Invalid productId: -1
2021-02-03 22:10:37.896 DEBUG 20172 --- [ctor-http-nio-3] i.l.l.m.p.s.services.ProductServiceImpl  : /product return the found product for productId=13
2021-02-03 22:10:37.897 DEBUG 20172 --- [ctor-http-nio-3] l.m.u.h.GlobalControllerExceptionHandler : Returning HTTP status: 404 NOT_FOUND for path, message: No product found for productId: 13
]]></system-out>
  <system-err><![CDATA[]]></system-err>
</testsuite>
