<?xml version="1.0" encoding="UTF-8"?>
<testsuite name="io.locngo.learning.microservices.product.service.MapperTests" tests="1" skipped="0" failures="0" errors="0" timestamp="2021-02-06T04:40:27" hostname="LAPTOP-J4BOEGNR" time="0.006">
  <properties/>
  <testcase name="mapperTests" classname="io.locngo.learning.microservices.product.service.MapperTests" time="0.006"/>
  <system-out><![CDATA[]]></system-out>
  <system-err><![CDATA[]]></system-err>
</testsuite>
