<?xml version="1.0" encoding="UTF-8"?>
<testsuite name="io.locngo.learning.microservices.recommendation.service.RecommendationApplicationTest" tests="5" skipped="0" failures="0" errors="0" timestamp="2021-02-03T16:49:36" hostname="LAPTOP-J4BOEGNR" time="0.484">
  <properties/>
  <testcase name="getRecommendationsInvalidParameter" classname="io.locngo.learning.microservices.recommendation.service.RecommendationApplicationTest" time="0.426"/>
  <testcase name="getRecommendationsNotFound" classname="io.locngo.learning.microservices.recommendation.service.RecommendationApplicationTest" time="0.013"/>
  <testcase name="getRecommendationsByProductId" classname="io.locngo.learning.microservices.recommendation.service.RecommendationApplicationTest" time="0.017"/>
  <testcase name="getRecommendationsInvalidParameterNegativeValue" classname="io.locngo.learning.microservices.recommendation.service.RecommendationApplicationTest" time="0.017"/>
  <testcase name="getRecommendationsMissingParameter" classname="io.locngo.learning.microservices.recommendation.service.RecommendationApplicationTest" time="0.008"/>
  <system-out><![CDATA[23:49:33.630 [Test worker] DEBUG org.springframework.test.context.junit4.SpringJUnit4ClassRunner - SpringJUnit4ClassRunner constructor called with [class io.locngo.learning.microservices.recommendation.service.RecommendationApplicationTest]
23:49:33.637 [Test worker] DEBUG org.springframework.test.context.BootstrapUtils - Instantiating CacheAwareContextLoaderDelegate from class [org.springframework.test.context.cache.DefaultCacheAwareContextLoaderDelegate]
23:49:33.645 [Test worker] DEBUG org.springframework.test.context.BootstrapUtils - Instantiating BootstrapContext using constructor [public org.springframework.test.context.support.DefaultBootstrapContext(java.lang.Class,org.springframework.test.context.CacheAwareContextLoaderDelegate)]
23:49:33.681 [Test worker] DEBUG org.springframework.test.context.BootstrapUtils - Instantiating TestContextBootstrapper for test class [io.locngo.learning.microservices.recommendation.service.RecommendationApplicationTest] from class [org.springframework.boot.test.context.SpringBootTestContextBootstrapper]
23:49:33.695 [Test worker] INFO org.springframework.boot.test.context.SpringBootTestContextBootstrapper - Neither @ContextConfiguration nor @ContextHierarchy found for test class [io.locngo.learning.microservices.recommendation.service.RecommendationApplicationTest], using SpringBootContextLoader
23:49:33.698 [Test worker] DEBUG org.springframework.test.context.support.AbstractContextLoader - Did not detect default resource location for test class [io.locngo.learning.microservices.recommendation.service.RecommendationApplicationTest]: class path resource [io/locngo/learning/microservices/recommendation/service/RecommendationApplicationTest-context.xml] does not exist
23:49:33.699 [Test worker] DEBUG org.springframework.test.context.support.AbstractContextLoader - Did not detect default resource location for test class [io.locngo.learning.microservices.recommendation.service.RecommendationApplicationTest]: class path resource [io/locngo/learning/microservices/recommendation/service/RecommendationApplicationTestContext.groovy] does not exist
23:49:33.699 [Test worker] INFO org.springframework.test.context.support.AbstractContextLoader - Could not detect default resource locations for test class [io.locngo.learning.microservices.recommendation.service.RecommendationApplicationTest]: no resource found for suffixes {-context.xml, Context.groovy}.
23:49:33.700 [Test worker] INFO org.springframework.test.context.support.AnnotationConfigContextLoaderUtils - Could not detect default configuration classes for test class [io.locngo.learning.microservices.recommendation.service.RecommendationApplicationTest]: RecommendationApplicationTest does not declare any static, non-private, non-final, nested classes annotated with @Configuration.
23:49:33.739 [Test worker] DEBUG org.springframework.test.context.support.ActiveProfilesUtils - Could not find an 'annotation declaring class' for annotation type [org.springframework.test.context.ActiveProfiles] and class [io.locngo.learning.microservices.recommendation.service.RecommendationApplicationTest]
23:49:33.800 [Test worker] DEBUG org.springframework.context.annotation.ClassPathScanningCandidateComponentProvider - Identified candidate component class: file [D:\master_java\learning-microservices\recommendation-service\build\classes\java\main\io\locngo\learning\microservices\recommendation\service\RecommendationApplication.class]
23:49:33.801 [Test worker] INFO org.springframework.boot.test.context.SpringBootTestContextBootstrapper - Found @SpringBootConfiguration io.locngo.learning.microservices.recommendation.service.RecommendationApplication for test class io.locngo.learning.microservices.recommendation.service.RecommendationApplicationTest
23:49:33.887 [Test worker] DEBUG org.springframework.boot.test.context.SpringBootTestContextBootstrapper - @TestExecutionListeners is not present for class [io.locngo.learning.microservices.recommendation.service.RecommendationApplicationTest]: using defaults.
23:49:33.887 [Test worker] INFO org.springframework.boot.test.context.SpringBootTestContextBootstrapper - Loaded default TestExecutionListener class names from location [META-INF/spring.factories]: [org.springframework.boot.test.autoconfigure.restdocs.RestDocsTestExecutionListener, org.springframework.boot.test.autoconfigure.web.client.MockRestServiceServerResetTestExecutionListener, org.springframework.boot.test.autoconfigure.web.servlet.MockMvcPrintOnlyOnFailureTestExecutionListener, org.springframework.boot.test.autoconfigure.web.servlet.WebDriverTestExecutionListener, org.springframework.boot.test.autoconfigure.webservices.client.MockWebServiceServerTestExecutionListener, org.springframework.boot.test.mock.mockito.MockitoTestExecutionListener, org.springframework.boot.test.mock.mockito.ResetMocksTestExecutionListener, org.springframework.test.context.web.ServletTestExecutionListener, org.springframework.test.context.support.DirtiesContextBeforeModesTestExecutionListener, org.springframework.test.context.support.DependencyInjectionTestExecutionListener, org.springframework.test.context.support.DirtiesContextTestExecutionListener, org.springframework.test.context.transaction.TransactionalTestExecutionListener, org.springframework.test.context.jdbc.SqlScriptsTestExecutionListener, org.springframework.test.context.event.EventPublishingTestExecutionListener]
23:49:33.895 [Test worker] DEBUG org.springframework.boot.test.context.SpringBootTestContextBootstrapper - Skipping candidate TestExecutionListener [org.springframework.test.context.web.ServletTestExecutionListener] due to a missing dependency. Specify custom listener classes or make the default listener classes and their required dependencies available. Offending class: [javax/servlet/ServletContext]
23:49:33.896 [Test worker] DEBUG org.springframework.boot.test.context.SpringBootTestContextBootstrapper - Skipping candidate TestExecutionListener [org.springframework.test.context.transaction.TransactionalTestExecutionListener] due to a missing dependency. Specify custom listener classes or make the default listener classes and their required dependencies available. Offending class: [org/springframework/transaction/interceptor/TransactionAttributeSource]
23:49:33.897 [Test worker] DEBUG org.springframework.boot.test.context.SpringBootTestContextBootstrapper - Skipping candidate TestExecutionListener [org.springframework.test.context.jdbc.SqlScriptsTestExecutionListener] due to a missing dependency. Specify custom listener classes or make the default listener classes and their required dependencies available. Offending class: [org/springframework/transaction/interceptor/TransactionAttribute]
23:49:33.897 [Test worker] INFO org.springframework.boot.test.context.SpringBootTestContextBootstrapper - Using TestExecutionListeners: [org.springframework.test.context.support.DirtiesContextBeforeModesTestExecutionListener@7e6a5b, org.springframework.boot.test.mock.mockito.MockitoTestExecutionListener@3a3cdf5e, org.springframework.boot.test.autoconfigure.SpringBootDependencyInjectionTestExecutionListener@43ecff07, org.springframework.test.context.support.DirtiesContextTestExecutionListener@7898113b, org.springframework.test.context.event.EventPublishingTestExecutionListener@bc780c1, org.springframework.boot.test.autoconfigure.restdocs.RestDocsTestExecutionListener@57dd68c8, org.springframework.boot.test.autoconfigure.web.client.MockRestServiceServerResetTestExecutionListener@73eda1f3, org.springframework.boot.test.autoconfigure.web.servlet.MockMvcPrintOnlyOnFailureTestExecutionListener@4b44677c, org.springframework.boot.test.autoconfigure.web.servlet.WebDriverTestExecutionListener@7cb2275d, org.springframework.boot.test.autoconfigure.webservices.client.MockWebServiceServerTestExecutionListener@40159b2b, org.springframework.boot.test.mock.mockito.ResetMocksTestExecutionListener@5e6948e3]
23:49:33.898 [Test worker] DEBUG org.springframework.test.annotation.ProfileValueUtils - Retrieved @ProfileValueSourceConfiguration [null] for test class [io.locngo.learning.microservices.recommendation.service.RecommendationApplicationTest]
23:49:33.899 [Test worker] DEBUG org.springframework.test.annotation.ProfileValueUtils - Retrieved ProfileValueSource type [class org.springframework.test.annotation.SystemProfileValueSource] for class [io.locngo.learning.microservices.recommendation.service.RecommendationApplicationTest]
23:49:33.900 [Test worker] DEBUG org.springframework.test.annotation.ProfileValueUtils - Retrieved @ProfileValueSourceConfiguration [null] for test class [io.locngo.learning.microservices.recommendation.service.RecommendationApplicationTest]
23:49:33.900 [Test worker] DEBUG org.springframework.test.annotation.ProfileValueUtils - Retrieved ProfileValueSource type [class org.springframework.test.annotation.SystemProfileValueSource] for class [io.locngo.learning.microservices.recommendation.service.RecommendationApplicationTest]
23:49:33.901 [Test worker] DEBUG org.springframework.test.annotation.ProfileValueUtils - Retrieved @ProfileValueSourceConfiguration [null] for test class [io.locngo.learning.microservices.recommendation.service.RecommendationApplicationTest]
23:49:33.901 [Test worker] DEBUG org.springframework.test.annotation.ProfileValueUtils - Retrieved ProfileValueSource type [class org.springframework.test.annotation.SystemProfileValueSource] for class [io.locngo.learning.microservices.recommendation.service.RecommendationApplicationTest]
23:49:33.902 [Test worker] DEBUG org.springframework.test.annotation.ProfileValueUtils - Retrieved @ProfileValueSourceConfiguration [null] for test class [io.locngo.learning.microservices.recommendation.service.RecommendationApplicationTest]
23:49:33.902 [Test worker] DEBUG org.springframework.test.annotation.ProfileValueUtils - Retrieved ProfileValueSource type [class org.springframework.test.annotation.SystemProfileValueSource] for class [io.locngo.learning.microservices.recommendation.service.RecommendationApplicationTest]
23:49:33.907 [Test worker] DEBUG org.springframework.test.context.support.AbstractDirtiesContextTestExecutionListener - Before test class: context [DefaultTestContext@597ce729 testClass = RecommendationApplicationTest, testInstance = [null], testMethod = [null], testException = [null], mergedContextConfiguration = [ReactiveWebMergedContextConfiguration@279527b6 testClass = RecommendationApplicationTest, locations = '{}', classes = '{class io.locngo.learning.microservices.recommendation.service.RecommendationApplication}', contextInitializerClasses = '[]', activeProfiles = '{}', propertySourceLocations = '{}', propertySourceProperties = '{org.springframework.boot.test.context.SpringBootTestContextBootstrapper=true, server.port=0}', contextCustomizers = set[org.springframework.boot.test.autoconfigure.properties.PropertyMappingContextCustomizer@0, org.springframework.boot.test.autoconfigure.web.servlet.WebDriverContextCustomizerFactory$Customizer@798e8f85, org.springframework.boot.test.context.filter.ExcludeFilterContextCustomizer@7896daa6, org.springframework.boot.test.json.DuplicateJsonObjectContextCustomizerFactory$DuplicateJsonObjectContextCustomizer@55ab1c82, org.springframework.boot.test.mock.mockito.MockitoContextCustomizer@0, org.springframework.boot.test.web.client.TestRestTemplateContextCustomizer@40bda52e, org.springframework.boot.test.web.reactive.server.WebTestClientContextCustomizer@1f43533b, org.springframework.boot.test.context.SpringBootTestArgs@1, org.springframework.boot.test.context.SpringBootTestWebEnvironment@3cc9f5a6], contextLoader = 'org.springframework.boot.test.context.SpringBootContextLoader', parent = [null]], attributes = map['org.springframework.test.context.web.ServletTestExecutionListener.activateListener' -> false]], class annotated with @DirtiesContext [false] with mode [null].
23:49:33.909 [Test worker] DEBUG org.springframework.test.annotation.ProfileValueUtils - Retrieved @ProfileValueSourceConfiguration [null] for test class [io.locngo.learning.microservices.recommendation.service.RecommendationApplicationTest]
23:49:33.909 [Test worker] DEBUG org.springframework.test.annotation.ProfileValueUtils - Retrieved ProfileValueSource type [class org.springframework.test.annotation.SystemProfileValueSource] for class [io.locngo.learning.microservices.recommendation.service.RecommendationApplicationTest]
23:49:33.912 [Test worker] DEBUG org.springframework.test.context.support.DependencyInjectionTestExecutionListener - Performing dependency injection for test context [[DefaultTestContext@597ce729 testClass = RecommendationApplicationTest, testInstance = io.locngo.learning.microservices.recommendation.service.RecommendationApplicationTest@7cfc3f13, testMethod = [null], testException = [null], mergedContextConfiguration = [ReactiveWebMergedContextConfiguration@279527b6 testClass = RecommendationApplicationTest, locations = '{}', classes = '{class io.locngo.learning.microservices.recommendation.service.RecommendationApplication}', contextInitializerClasses = '[]', activeProfiles = '{}', propertySourceLocations = '{}', propertySourceProperties = '{org.springframework.boot.test.context.SpringBootTestContextBootstrapper=true, server.port=0}', contextCustomizers = set[org.springframework.boot.test.autoconfigure.properties.PropertyMappingContextCustomizer@0, org.springframework.boot.test.autoconfigure.web.servlet.WebDriverContextCustomizerFactory$Customizer@798e8f85, org.springframework.boot.test.context.filter.ExcludeFilterContextCustomizer@7896daa6, org.springframework.boot.test.json.DuplicateJsonObjectContextCustomizerFactory$DuplicateJsonObjectContextCustomizer@55ab1c82, org.springframework.boot.test.mock.mockito.MockitoContextCustomizer@0, org.springframework.boot.test.web.client.TestRestTemplateContextCustomizer@40bda52e, org.springframework.boot.test.web.reactive.server.WebTestClientContextCustomizer@1f43533b, org.springframework.boot.test.context.SpringBootTestArgs@1, org.springframework.boot.test.context.SpringBootTestWebEnvironment@3cc9f5a6], contextLoader = 'org.springframework.boot.test.context.SpringBootContextLoader', parent = [null]], attributes = map['org.springframework.test.context.web.ServletTestExecutionListener.activateListener' -> false]]].
23:49:33.929 [Test worker] DEBUG org.springframework.test.context.support.TestPropertySourceUtils - Adding inlined properties to environment: {spring.jmx.enabled=false, org.springframework.boot.test.context.SpringBootTestContextBootstrapper=true, server.port=0}

  .   ____          _            __ _ _
 /\\ / ___'_ __ _ _(_)_ __  __ _ \ \ \ \
( ( )\___ | '_ | '_| | '_ \/ _` | \ \ \ \
 \\/  ___)| |_)| | | | | || (_| |  ) ) ) )
  '  |____| .__|_| |_|_| |_\__, | / / / /
 =========|_|==============|___/=/_/_/_/
 :: Spring Boot ::        (v2.3.8.RELEASE)

2021-02-03 23:49:34.193  INFO 13680 --- [    Test worker] .l.l.m.r.s.RecommendationApplicationTest : Starting RecommendationApplicationTest on LAPTOP-J4BOEGNR with PID 13680 (started by ASUS in D:\master_java\learning-microservices\recommendation-service)
2021-02-03 23:49:34.194 DEBUG 13680 --- [    Test worker] .l.l.m.r.s.RecommendationApplicationTest : Running with Spring Boot v2.3.8.RELEASE, Spring v5.2.12.RELEASE
2021-02-03 23:49:34.194  INFO 13680 --- [    Test worker] .l.l.m.r.s.RecommendationApplicationTest : No active profile set, falling back to default profiles: default
2021-02-03 23:49:35.336  INFO 13680 --- [    Test worker] o.s.b.a.e.web.EndpointLinksResolver      : Exposing 2 endpoint(s) beneath base path '/actuator'
2021-02-03 23:49:36.494  INFO 13680 --- [    Test worker] o.s.b.web.embedded.netty.NettyWebServer  : Netty started on port(s): 55085
2021-02-03 23:49:36.503  INFO 13680 --- [    Test worker] .l.l.m.r.s.RecommendationApplicationTest : Started RecommendationApplicationTest in 2.572 seconds (JVM running for 3.755)
2021-02-03 23:49:36.976 DEBUG 13680 --- [ctor-http-nio-3] i.l.l.m.r.s.s.RecommendationServiceImpl  : No recommendations found for productId: 113
2021-02-03 23:49:36.987 DEBUG 13680 --- [ctor-http-nio-3] i.l.l.m.r.s.s.RecommendationServiceImpl  : /recommendations response size: 3
2021-02-03 23:49:37.010 DEBUG 13680 --- [ctor-http-nio-3] l.m.u.h.GlobalControllerExceptionHandler : Returning HTTP status: 422 UNPROCESSABLE_ENTITY for path, message: Invalid productId: -1
]]></system-out>
  <system-err><![CDATA[]]></system-err>
</testsuite>
