<?xml version="1.0" encoding="UTF-8"?>
<testsuite name="io.locngo.learning.microservices.recommendation.service.RecommendationEntityApplicationTest" tests="6" skipped="0" failures="0" errors="0" timestamp="2021-02-06T04:51:15" hostname="LAPTOP-J4BOEGNR" time="0.471">
  <properties/>
  <testcase name="deleteRecommendations" classname="io.locngo.learning.microservices.recommendation.service.RecommendationEntityApplicationTest" time="0.332"/>
  <testcase name="getRecommendationsInvalidParameter" classname="io.locngo.learning.microservices.recommendation.service.RecommendationEntityApplicationTest" time="0.069"/>
  <testcase name="getRecommendationsNotFound" classname="io.locngo.learning.microservices.recommendation.service.RecommendationEntityApplicationTest" time="0.013"/>
  <testcase name="getRecommendationsByProductId" classname="io.locngo.learning.microservices.recommendation.service.RecommendationEntityApplicationTest" time="0.031"/>
  <testcase name="getRecommendationsInvalidParameterNegativeValue" classname="io.locngo.learning.microservices.recommendation.service.RecommendationEntityApplicationTest" time="0.016"/>
  <testcase name="getRecommendationsMissingParameter" classname="io.locngo.learning.microservices.recommendation.service.RecommendationEntityApplicationTest" time="0.009"/>
  <system-out><![CDATA[2021-02-06 11:51:12.315  INFO 15420 --- [    Test worker] .b.t.c.SpringBootTestContextBootstrapper : Neither @ContextConfiguration nor @ContextHierarchy found for test class [io.locngo.learning.microservices.recommendation.service.RecommendationEntityApplicationTest], using SpringBootContextLoader
2021-02-06 11:51:12.316  INFO 15420 --- [    Test worker] o.s.t.c.support.AbstractContextLoader    : Could not detect default resource locations for test class [io.locngo.learning.microservices.recommendation.service.RecommendationEntityApplicationTest]: no resource found for suffixes {-context.xml, Context.groovy}.
2021-02-06 11:51:12.316  INFO 15420 --- [    Test worker] t.c.s.AnnotationConfigContextLoaderUtils : Could not detect default configuration classes for test class [io.locngo.learning.microservices.recommendation.service.RecommendationEntityApplicationTest]: RecommendationEntityApplicationTest does not declare any static, non-private, non-final, nested classes annotated with @Configuration.
2021-02-06 11:51:12.318  INFO 15420 --- [    Test worker] .b.t.c.SpringBootTestContextBootstrapper : Found @SpringBootConfiguration io.locngo.learning.microservices.recommendation.service.RecommendationApplication for test class io.locngo.learning.microservices.recommendation.service.RecommendationEntityApplicationTest
2021-02-06 11:51:12.321  INFO 15420 --- [    Test worker] .b.t.c.SpringBootTestContextBootstrapper : Loaded default TestExecutionListener class names from location [META-INF/spring.factories]: [org.springframework.boot.test.autoconfigure.restdocs.RestDocsTestExecutionListener, org.springframework.boot.test.autoconfigure.web.client.MockRestServiceServerResetTestExecutionListener, org.springframework.boot.test.autoconfigure.web.servlet.MockMvcPrintOnlyOnFailureTestExecutionListener, org.springframework.boot.test.autoconfigure.web.servlet.WebDriverTestExecutionListener, org.springframework.boot.test.autoconfigure.webservices.client.MockWebServiceServerTestExecutionListener, org.springframework.boot.test.mock.mockito.MockitoTestExecutionListener, org.springframework.boot.test.mock.mockito.ResetMocksTestExecutionListener, org.springframework.test.context.web.ServletTestExecutionListener, org.springframework.test.context.support.DirtiesContextBeforeModesTestExecutionListener, org.springframework.test.context.support.DependencyInjectionTestExecutionListener, org.springframework.test.context.support.DirtiesContextTestExecutionListener, org.springframework.test.context.transaction.TransactionalTestExecutionListener, org.springframework.test.context.jdbc.SqlScriptsTestExecutionListener, org.springframework.test.context.event.EventPublishingTestExecutionListener]
2021-02-06 11:51:12.322  INFO 15420 --- [    Test worker] .b.t.c.SpringBootTestContextBootstrapper : Using TestExecutionListeners: [org.springframework.test.context.support.DirtiesContextBeforeModesTestExecutionListener@79607062, org.springframework.boot.test.mock.mockito.MockitoTestExecutionListener@12ad5916, org.springframework.boot.test.autoconfigure.SpringBootDependencyInjectionTestExecutionListener@6293081c, org.springframework.test.context.support.DirtiesContextTestExecutionListener@79f200e3, org.springframework.test.context.transaction.TransactionalTestExecutionListener@36b9cdf, org.springframework.test.context.jdbc.SqlScriptsTestExecutionListener@7b76004d, org.springframework.test.context.event.EventPublishingTestExecutionListener@15f24d7, org.springframework.boot.test.autoconfigure.restdocs.RestDocsTestExecutionListener@68c3c907, org.springframework.boot.test.autoconfigure.web.client.MockRestServiceServerResetTestExecutionListener@37912da4, org.springframework.boot.test.autoconfigure.web.servlet.MockMvcPrintOnlyOnFailureTestExecutionListener@7cae2773, org.springframework.boot.test.autoconfigure.web.servlet.WebDriverTestExecutionListener@42fddad, org.springframework.boot.test.autoconfigure.webservices.client.MockWebServiceServerTestExecutionListener@72d2a7de, org.springframework.boot.test.mock.mockito.ResetMocksTestExecutionListener@4c10582d]

  .   ____          _            __ _ _
 /\\ / ___'_ __ _ _(_)_ __  __ _ \ \ \ \
( ( )\___ | '_ | '_| | '_ \/ _` | \ \ \ \
 \\/  ___)| |_)| | | | | || (_| |  ) ) ) )
  '  |____| .__|_| |_|_| |_\__, | / / / /
 =========|_|==============|___/=/_/_/_/
 :: Spring Boot ::        (v2.3.8.RELEASE)

2021-02-06 11:51:12.349  INFO 15420 --- [    Test worker] .r.s.RecommendationEntityApplicationTest : Starting RecommendationEntityApplicationTest on LAPTOP-J4BOEGNR with PID 15420 (started by ASUS in D:\master_java\learning-microservices\recommendation-service)
2021-02-06 11:51:12.350 DEBUG 15420 --- [    Test worker] .r.s.RecommendationEntityApplicationTest : Running with Spring Boot v2.3.8.RELEASE, Spring v5.2.12.RELEASE
2021-02-06 11:51:12.350  INFO 15420 --- [    Test worker] .r.s.RecommendationEntityApplicationTest : No active profile set, falling back to default profiles: default
2021-02-06 11:51:12.639  INFO 15420 --- [    Test worker] .s.d.r.c.RepositoryConfigurationDelegate : Bootstrapping Spring Data MongoDB repositories in DEFAULT mode.
2021-02-06 11:51:12.645  INFO 15420 --- [    Test worker] .s.d.r.c.RepositoryConfigurationDelegate : Finished Spring Data repository scanning in 6ms. Found 1 MongoDB repository interfaces.
2021-02-06 11:51:13.102  INFO 15420 --- [       Thread-8] o.s.b.a.mongo.embedded.EmbeddedMongo     : note: noprealloc may hurt performance in many applications
2021-02-06 11:51:13.149  INFO 15420 --- [       Thread-8] o.s.b.a.mongo.embedded.EmbeddedMongo     : 2021-02-06T11:51:13.149+0700 I CONTROL  [initandlisten] MongoDB starting : pid=15096 port=51951 dbpath=C:\Users\ASUS\AppData\Local\Temp\embedmongo-db-4604233d-44d5-4159-bc9c-d755a06ec5d5 64-bit host=LAPTOP-J4BOEGNR
2021-02-06 11:51:13.149  INFO 15420 --- [       Thread-8] o.s.b.a.mongo.embedded.EmbeddedMongo     : 2021-02-06T11:51:13.149+0700 I CONTROL  [initandlisten] targetMinOS: Windows Vista/Windows Server 2008
2021-02-06 11:51:13.149  INFO 15420 --- [       Thread-8] o.s.b.a.mongo.embedded.EmbeddedMongo     : 2021-02-06T11:51:13.149+0700 I CONTROL  [initandlisten] db version v3.5.5
2021-02-06 11:51:13.149  INFO 15420 --- [       Thread-8] o.s.b.a.mongo.embedded.EmbeddedMongo     : 2021-02-06T11:51:13.149+0700 I CONTROL  [initandlisten] git version: 98515c812b6fa893613f063dae568ff8319cbfbd
2021-02-06 11:51:13.149  INFO 15420 --- [       Thread-8] o.s.b.a.mongo.embedded.EmbeddedMongo     : 2021-02-06T11:51:13.149+0700 I CONTROL  [initandlisten] allocator: tcmalloc
2021-02-06 11:51:13.149  INFO 15420 --- [       Thread-8] o.s.b.a.mongo.embedded.EmbeddedMongo     : 2021-02-06T11:51:13.149+0700 I CONTROL  [initandlisten] modules: none
2021-02-06 11:51:13.150  INFO 15420 --- [       Thread-8] o.s.b.a.mongo.embedded.EmbeddedMongo     : 2021-02-06T11:51:13.149+0700 I CONTROL  [initandlisten] build environment:
2021-02-06 11:51:13.150  INFO 15420 --- [       Thread-8] o.s.b.a.mongo.embedded.EmbeddedMongo     : 2021-02-06T11:51:13.149+0700 I CONTROL  [initandlisten]     distarch: x86_64
2021-02-06 11:51:13.150  INFO 15420 --- [       Thread-8] o.s.b.a.mongo.embedded.EmbeddedMongo     : 2021-02-06T11:51:13.149+0700 I CONTROL  [initandlisten]     target_arch: x86_64
2021-02-06 11:51:13.150  INFO 15420 --- [       Thread-8] o.s.b.a.mongo.embedded.EmbeddedMongo     : 2021-02-06T11:51:13.149+0700 I CONTROL  [initandlisten] options: { net: { bindIp: "127.0.0.1", http: { enabled: false }, port: 51951 }, security: { authorization: "disabled" }, storage: { dbPath: "C:\Users\ASUS\AppData\Local\Temp\embedmongo-db-4604233d-44d5-4159-bc9c-d755a06ec5d5", journal: { enabled: false }, mmapv1: { preallocDataFiles: false, smallFiles: true }, syncPeriodSecs: 0.0 } }
2021-02-06 11:51:13.150  INFO 15420 --- [       Thread-8] o.s.b.a.mongo.embedded.EmbeddedMongo     : 2021-02-06T11:51:13.150+0700 I STORAGE  [initandlisten] wiredtiger_open config: create,cache_size=11701M,session_max=20000,eviction=(threads_min=4,threads_max=4),config_base=false,statistics=(fast),log=(enabled=true,archive=true,path=journal,compressor=snappy),file_manager=(close_idle_time=100000),checkpoint=(wait=0,log_size=2GB),statistics_log=(wait=0),verbose=(recovery_progress),,log=(enabled=false),
2021-02-06 11:51:13.254  INFO 15420 --- [       Thread-8] o.s.b.a.mongo.embedded.EmbeddedMongo     : 2021-02-06T11:51:13.254+0700 W STORAGE  [initandlisten] Detected configuration for non-active storage engine mmapv1 when current storage engine is wiredTiger
2021-02-06 11:51:13.254  INFO 15420 --- [       Thread-8] o.s.b.a.mongo.embedded.EmbeddedMongo     : 2021-02-06T11:51:13.254+0700 I CONTROL  [initandlisten] 
2021-02-06 11:51:13.255  INFO 15420 --- [       Thread-8] o.s.b.a.mongo.embedded.EmbeddedMongo     : 2021-02-06T11:51:13.254+0700 I CONTROL  [initandlisten] ** NOTE: This is a development version (3.5.5) of MongoDB.
2021-02-06 11:51:13.255  INFO 15420 --- [       Thread-8] o.s.b.a.mongo.embedded.EmbeddedMongo     : 2021-02-06T11:51:13.254+0700 I CONTROL  [initandlisten] **       Not recommended for production.
2021-02-06 11:51:13.255  INFO 15420 --- [       Thread-8] o.s.b.a.mongo.embedded.EmbeddedMongo     : 2021-02-06T11:51:13.254+0700 I CONTROL  [initandlisten] 
2021-02-06 11:51:13.501  INFO 15420 --- [       Thread-8] o.s.b.a.mongo.embedded.EmbeddedMongo     : 2021-02-06T11:51:13.501+0700 I FTDC     [initandlisten] Initializing full-time diagnostic data capture with directory 'C:/Users/ASUS/AppData/Local/Temp/embedmongo-db-4604233d-44d5-4159-bc9c-d755a06ec5d5/diagnostic.data'
2021-02-06 11:51:13.556  INFO 15420 --- [       Thread-8] o.s.b.a.mongo.embedded.EmbeddedMongo     : 2021-02-06T11:51:13.556+0700 I INDEX    [initandlisten] build index on: admin.system.version properties: { v: 2, key: { version: 1 }, name: "incompatible_with_version_32", ns: "admin.system.version" }
2021-02-06 11:51:13.556  INFO 15420 --- [       Thread-8] o.s.b.a.mongo.embedded.EmbeddedMongo     : 2021-02-06T11:51:13.556+0700 I INDEX    [initandlisten] 	 building index using bulk method; build may temporarily use up to 500 megabytes of RAM
2021-02-06 11:51:13.561  INFO 15420 --- [       Thread-8] o.s.b.a.mongo.embedded.EmbeddedMongo     : 2021-02-06T11:51:13.562+0700 I INDEX    [initandlisten] build index done.  scanned 0 total records. 0 secs
2021-02-06 11:51:13.562  INFO 15420 --- [       Thread-8] o.s.b.a.mongo.embedded.EmbeddedMongo     : 2021-02-06T11:51:13.562+0700 I COMMAND  [initandlisten] setting featureCompatibilityVersion to 3.4
2021-02-06 11:51:13.562  INFO 15420 --- [       Thread-8] o.s.b.a.mongo.embedded.EmbeddedMongo     : 2021-02-06T11:51:13.563+0700 I NETWORK  [thread1] waiting for connections on port 51951
2021-02-06 11:51:13.563  INFO 15420 --- [    Test worker] d.f.embed.mongo.MongodExecutable         : start de.flapdoodle.embed.mongo.config.MongodConfigBuilder$ImmutableMongodConfig@58ac0e64
2021-02-06 11:51:13.567  INFO 15420 --- [    Test worker] org.mongodb.driver.cluster               : Cluster created with settings {hosts=[localhost:51951], mode=SINGLE, requiredClusterType=UNKNOWN, serverSelectionTimeout='30000 ms'}
2021-02-06 11:51:13.568  INFO 15420 --- [       Thread-8] o.s.b.a.mongo.embedded.EmbeddedMongo     : 2021-02-06T11:51:13.568+0700 I NETWORK  [thread1] connection accepted from 127.0.0.1:51958 #1 (1 connection now open)
2021-02-06 11:51:13.568  INFO 15420 --- [       Thread-8] o.s.b.a.mongo.embedded.EmbeddedMongo     : 2021-02-06T11:51:13.569+0700 I NETWORK  [conn1] received client metadata from 127.0.0.1:51958 conn1: { driver: { name: "mongo-java-driver|sync|spring-boot", version: "4.0.5" }, os: { type: "Windows", name: "Windows 10", architecture: "amd64", version: "10.0" }, platform: "Java/Oracle Corporation/1.8.0_271-b09" }
2021-02-06 11:51:13.569  INFO 15420 --- [localhost:51951] org.mongodb.driver.connection            : Opened connection [connectionId{localValue:3, serverValue:1}] to localhost:51951
2021-02-06 11:51:13.569  INFO 15420 --- [localhost:51951] org.mongodb.driver.cluster               : Monitor thread successfully connected to server with description ServerDescription{address=localhost:51951, type=STANDALONE, state=CONNECTED, ok=true, minWireVersion=0, maxWireVersion=5, maxDocumentSize=16777216, logicalSessionTimeoutMinutes=null, roundTripTimeNanos=297600}
2021-02-06 11:51:13.939  INFO 15420 --- [    Test worker] o.s.b.a.e.web.EndpointLinksResolver      : Exposing 2 endpoint(s) beneath base path '/actuator'
2021-02-06 11:51:14.912  INFO 15420 --- [    Test worker] o.s.b.web.embedded.netty.NettyWebServer  : Netty started on port(s): 51985
2021-02-06 11:51:14.914  INFO 15420 --- [       Thread-8] o.s.b.a.mongo.embedded.EmbeddedMongo     : 2021-02-06T11:51:14.914+0700 I NETWORK  [thread1] connection accepted from 127.0.0.1:51986 #2 (2 connections now open)
2021-02-06 11:51:14.915  INFO 15420 --- [       Thread-8] o.s.b.a.mongo.embedded.EmbeddedMongo     : 2021-02-06T11:51:14.915+0700 I NETWORK  [conn2] received client metadata from 127.0.0.1:51986 conn2: { driver: { name: "mongo-java-driver|sync|spring-boot", version: "4.0.5" }, os: { type: "Windows", name: "Windows 10", architecture: "amd64", version: "10.0" }, platform: "Java/Oracle Corporation/1.8.0_271-b09" }
2021-02-06 11:51:14.916  INFO 15420 --- [    Test worker] org.mongodb.driver.connection            : Opened connection [connectionId{localValue:4, serverValue:2}] to localhost:51951
2021-02-06 11:51:14.970  INFO 15420 --- [       Thread-8] o.s.b.a.mongo.embedded.EmbeddedMongo     : 2021-02-06T11:51:14.970+0700 I INDEX    [conn2] build index on: recommendation-db.recommendation properties: { v: 2, unique: true, key: { productId: 1, recommendationId: 1 }, name: "prod-rec-id", ns: "recommendation-db.recommendation" }
2021-02-06 11:51:14.970  INFO 15420 --- [       Thread-8] o.s.b.a.mongo.embedded.EmbeddedMongo     : 2021-02-06T11:51:14.970+0700 I INDEX    [conn2] 	 building index using bulk method; build may temporarily use up to 500 megabytes of RAM
2021-02-06 11:51:14.974  INFO 15420 --- [       Thread-8] o.s.b.a.mongo.embedded.EmbeddedMongo     : 2021-02-06T11:51:14.974+0700 I INDEX    [conn2] build index done.  scanned 0 total records. 0 secs
2021-02-06 11:51:14.980  INFO 15420 --- [    Test worker] .r.s.RecommendationEntityApplicationTest : Started RecommendationEntityApplicationTest in 2.656 seconds (JVM running for 6.624)
2021-02-06 11:51:15.013 DEBUG 15420 --- [    Test worker] o.s.data.mongodb.core.MongoTemplate      : Remove using query: {} in collection: recommendation.
2021-02-06 11:51:15.287 DEBUG 15420 --- [ctor-http-nio-3] o.s.data.mongodb.core.MongoTemplate      : Inserting Document containing fields: [version, productId, recommendationId, author, rating, content, _class] in collection: recommendation
2021-02-06 11:51:15.289 DEBUG 15420 --- [ctor-http-nio-3] i.l.l.m.r.s.s.RecommendationServiceImpl  : createRecommendation: created a recommendation entity: 1/1
2021-02-06 11:51:15.313 DEBUG 15420 --- [    Test worker] o.s.data.mongodb.core.MongoTemplate      : find using query: { "productId" : 1} fields: Document{{}} for class: class io.locngo.learning.microservices.recommendation.service.persistence.RecommendationEntity in collection: recommendation
2021-02-06 11:51:15.329 DEBUG 15420 --- [ctor-http-nio-3] i.l.l.m.r.s.s.RecommendationServiceImpl  : deleteRecommendations: tries to delete recommendations for the product with productId: 1
2021-02-06 11:51:15.329 DEBUG 15420 --- [ctor-http-nio-3] o.s.data.mongodb.core.MongoTemplate      : find using query: { "productId" : 1} fields: Document{{}} for class: class io.locngo.learning.microservices.recommendation.service.persistence.RecommendationEntity in collection: recommendation
2021-02-06 11:51:15.332 DEBUG 15420 --- [ctor-http-nio-3] o.s.data.mongodb.core.MongoTemplate      : Remove using query: { "_id" : { "$oid" : "601e204389ab1a55ec58e040"}, "version" : 0} in collection: recommendation.
2021-02-06 11:51:15.336 DEBUG 15420 --- [    Test worker] o.s.data.mongodb.core.MongoTemplate      : find using query: { "productId" : 1} fields: Document{{}} for class: class io.locngo.learning.microservices.recommendation.service.persistence.RecommendationEntity in collection: recommendation
2021-02-06 11:51:15.338 DEBUG 15420 --- [ctor-http-nio-3] i.l.l.m.r.s.s.RecommendationServiceImpl  : deleteRecommendations: tries to delete recommendations for the product with productId: 1
2021-02-06 11:51:15.339 DEBUG 15420 --- [ctor-http-nio-3] o.s.data.mongodb.core.MongoTemplate      : find using query: { "productId" : 1} fields: Document{{}} for class: class io.locngo.learning.microservices.recommendation.service.persistence.RecommendationEntity in collection: recommendation
2021-02-06 11:51:15.344 DEBUG 15420 --- [    Test worker] o.s.data.mongodb.core.MongoTemplate      : Remove using query: {} in collection: recommendation.
2021-02-06 11:51:15.414 DEBUG 15420 --- [    Test worker] o.s.data.mongodb.core.MongoTemplate      : Remove using query: {} in collection: recommendation.
2021-02-06 11:51:15.418 DEBUG 15420 --- [ctor-http-nio-3] o.s.data.mongodb.core.MongoTemplate      : find using query: { "productId" : 113} fields: Document{{}} for class: class io.locngo.learning.microservices.recommendation.service.persistence.RecommendationEntity in collection: recommendation
2021-02-06 11:51:15.419 DEBUG 15420 --- [ctor-http-nio-3] i.l.l.m.r.s.s.RecommendationServiceImpl  : getRecommendations: response size: 0
2021-02-06 11:51:15.427 DEBUG 15420 --- [    Test worker] o.s.data.mongodb.core.MongoTemplate      : Remove using query: {} in collection: recommendation.
2021-02-06 11:51:15.430 DEBUG 15420 --- [ctor-http-nio-3] o.s.data.mongodb.core.MongoTemplate      : Inserting Document containing fields: [version, productId, recommendationId, author, rating, content, _class] in collection: recommendation
2021-02-06 11:51:15.432 DEBUG 15420 --- [ctor-http-nio-3] i.l.l.m.r.s.s.RecommendationServiceImpl  : createRecommendation: created a recommendation entity: 1/1
2021-02-06 11:51:15.438 DEBUG 15420 --- [ctor-http-nio-3] o.s.data.mongodb.core.MongoTemplate      : Inserting Document containing fields: [version, productId, recommendationId, author, rating, content, _class] in collection: recommendation
2021-02-06 11:51:15.439 DEBUG 15420 --- [ctor-http-nio-3] i.l.l.m.r.s.s.RecommendationServiceImpl  : createRecommendation: created a recommendation entity: 1/2
2021-02-06 11:51:15.442 DEBUG 15420 --- [ctor-http-nio-3] o.s.data.mongodb.core.MongoTemplate      : Inserting Document containing fields: [version, productId, recommendationId, author, rating, content, _class] in collection: recommendation
2021-02-06 11:51:15.443 DEBUG 15420 --- [ctor-http-nio-3] i.l.l.m.r.s.s.RecommendationServiceImpl  : createRecommendation: created a recommendation entity: 1/3
2021-02-06 11:51:15.445 DEBUG 15420 --- [    Test worker] o.s.data.mongodb.core.MongoTemplate      : find using query: { "productId" : 1} fields: Document{{}} for class: class io.locngo.learning.microservices.recommendation.service.persistence.RecommendationEntity in collection: recommendation
2021-02-06 11:51:15.449 DEBUG 15420 --- [ctor-http-nio-3] o.s.data.mongodb.core.MongoTemplate      : find using query: { "productId" : 1} fields: Document{{}} for class: class io.locngo.learning.microservices.recommendation.service.persistence.RecommendationEntity in collection: recommendation
2021-02-06 11:51:15.451 DEBUG 15420 --- [ctor-http-nio-3] i.l.l.m.r.s.s.RecommendationServiceImpl  : getRecommendations: response size: 3
2021-02-06 11:51:15.458 DEBUG 15420 --- [    Test worker] o.s.data.mongodb.core.MongoTemplate      : Remove using query: {} in collection: recommendation.
2021-02-06 11:51:15.464 DEBUG 15420 --- [ctor-http-nio-3] l.m.u.h.GlobalControllerExceptionHandler : Returning HTTP status: 422 UNPROCESSABLE_ENTITY for path, message: Invalid productId: -1
2021-02-06 11:51:15.475 DEBUG 15420 --- [    Test worker] o.s.data.mongodb.core.MongoTemplate      : Remove using query: {} in collection: recommendation.
]]></system-out>
  <system-err><![CDATA[]]></system-err>
</testsuite>
