<?xml version="1.0" encoding="UTF-8"?>
<testsuite name="io.locngo.learning.microservices.product.composite.service.ProductCompositeApplicationTest" tests="6" skipped="0" failures="0" errors="0" timestamp="2021-02-06T05:40:06" hostname="LAPTOP-J4BOEGNR" time="0.386">
  <properties/>
  <testcase name="getProductById" classname="io.locngo.learning.microservices.product.composite.service.ProductCompositeApplicationTest" time="0.294"/>
  <testcase name="getProductInvalidInput" classname="io.locngo.learning.microservices.product.composite.service.ProductCompositeApplicationTest" time="0.02"/>
  <testcase name="deleteCompositeProduct" classname="io.locngo.learning.microservices.product.composite.service.ProductCompositeApplicationTest" time="0.049"/>
  <testcase name="createCompositeProduct1" classname="io.locngo.learning.microservices.product.composite.service.ProductCompositeApplicationTest" time="0.006"/>
  <testcase name="createCompositeProduct2" classname="io.locngo.learning.microservices.product.composite.service.ProductCompositeApplicationTest" time="0.006"/>
  <testcase name="getProductNotFound" classname="io.locngo.learning.microservices.product.composite.service.ProductCompositeApplicationTest" time="0.008"/>
  <system-out><![CDATA[12:40:02.513 [Test worker] DEBUG org.springframework.test.context.junit4.SpringJUnit4ClassRunner - SpringJUnit4ClassRunner constructor called with [class io.locngo.learning.microservices.product.composite.service.ProductCompositeApplicationTest]
12:40:02.519 [Test worker] DEBUG org.springframework.test.context.BootstrapUtils - Instantiating CacheAwareContextLoaderDelegate from class [org.springframework.test.context.cache.DefaultCacheAwareContextLoaderDelegate]
12:40:02.525 [Test worker] DEBUG org.springframework.test.context.BootstrapUtils - Instantiating BootstrapContext using constructor [public org.springframework.test.context.support.DefaultBootstrapContext(java.lang.Class,org.springframework.test.context.CacheAwareContextLoaderDelegate)]
12:40:02.554 [Test worker] DEBUG org.springframework.test.context.BootstrapUtils - Instantiating TestContextBootstrapper for test class [io.locngo.learning.microservices.product.composite.service.ProductCompositeApplicationTest] from class [org.springframework.boot.test.context.SpringBootTestContextBootstrapper]
12:40:02.567 [Test worker] INFO org.springframework.boot.test.context.SpringBootTestContextBootstrapper - Neither @ContextConfiguration nor @ContextHierarchy found for test class [io.locngo.learning.microservices.product.composite.service.ProductCompositeApplicationTest], using SpringBootContextLoader
12:40:02.570 [Test worker] DEBUG org.springframework.test.context.support.AbstractContextLoader - Did not detect default resource location for test class [io.locngo.learning.microservices.product.composite.service.ProductCompositeApplicationTest]: class path resource [io/locngo/learning/microservices/product/composite/service/ProductCompositeApplicationTest-context.xml] does not exist
12:40:02.570 [Test worker] DEBUG org.springframework.test.context.support.AbstractContextLoader - Did not detect default resource location for test class [io.locngo.learning.microservices.product.composite.service.ProductCompositeApplicationTest]: class path resource [io/locngo/learning/microservices/product/composite/service/ProductCompositeApplicationTestContext.groovy] does not exist
12:40:02.570 [Test worker] INFO org.springframework.test.context.support.AbstractContextLoader - Could not detect default resource locations for test class [io.locngo.learning.microservices.product.composite.service.ProductCompositeApplicationTest]: no resource found for suffixes {-context.xml, Context.groovy}.
12:40:02.571 [Test worker] INFO org.springframework.test.context.support.AnnotationConfigContextLoaderUtils - Could not detect default configuration classes for test class [io.locngo.learning.microservices.product.composite.service.ProductCompositeApplicationTest]: ProductCompositeApplicationTest does not declare any static, non-private, non-final, nested classes annotated with @Configuration.
12:40:02.612 [Test worker] DEBUG org.springframework.test.context.support.ActiveProfilesUtils - Could not find an 'annotation declaring class' for annotation type [org.springframework.test.context.ActiveProfiles] and class [io.locngo.learning.microservices.product.composite.service.ProductCompositeApplicationTest]
12:40:02.669 [Test worker] DEBUG org.springframework.context.annotation.ClassPathScanningCandidateComponentProvider - Identified candidate component class: file [D:\master_java\learning-microservices\product-composite-service\build\classes\java\main\io\locngo\learning\microservices\product\composite\service\ProductCompositeApplication.class]
12:40:02.670 [Test worker] INFO org.springframework.boot.test.context.SpringBootTestContextBootstrapper - Found @SpringBootConfiguration io.locngo.learning.microservices.product.composite.service.ProductCompositeApplication for test class io.locngo.learning.microservices.product.composite.service.ProductCompositeApplicationTest
12:40:02.751 [Test worker] DEBUG org.springframework.boot.test.context.SpringBootTestContextBootstrapper - @TestExecutionListeners is not present for class [io.locngo.learning.microservices.product.composite.service.ProductCompositeApplicationTest]: using defaults.
12:40:02.751 [Test worker] INFO org.springframework.boot.test.context.SpringBootTestContextBootstrapper - Loaded default TestExecutionListener class names from location [META-INF/spring.factories]: [org.springframework.boot.test.autoconfigure.restdocs.RestDocsTestExecutionListener, org.springframework.boot.test.autoconfigure.web.client.MockRestServiceServerResetTestExecutionListener, org.springframework.boot.test.autoconfigure.web.servlet.MockMvcPrintOnlyOnFailureTestExecutionListener, org.springframework.boot.test.autoconfigure.web.servlet.WebDriverTestExecutionListener, org.springframework.boot.test.autoconfigure.webservices.client.MockWebServiceServerTestExecutionListener, org.springframework.boot.test.mock.mockito.MockitoTestExecutionListener, org.springframework.boot.test.mock.mockito.ResetMocksTestExecutionListener, org.springframework.test.context.web.ServletTestExecutionListener, org.springframework.test.context.support.DirtiesContextBeforeModesTestExecutionListener, org.springframework.test.context.support.DependencyInjectionTestExecutionListener, org.springframework.test.context.support.DirtiesContextTestExecutionListener, org.springframework.test.context.transaction.TransactionalTestExecutionListener, org.springframework.test.context.jdbc.SqlScriptsTestExecutionListener, org.springframework.test.context.event.EventPublishingTestExecutionListener]
12:40:02.757 [Test worker] DEBUG org.springframework.boot.test.context.SpringBootTestContextBootstrapper - Skipping candidate TestExecutionListener [org.springframework.test.context.web.ServletTestExecutionListener] due to a missing dependency. Specify custom listener classes or make the default listener classes and their required dependencies available. Offending class: [javax/servlet/ServletContext]
12:40:02.759 [Test worker] DEBUG org.springframework.boot.test.context.SpringBootTestContextBootstrapper - Skipping candidate TestExecutionListener [org.springframework.test.context.transaction.TransactionalTestExecutionListener] due to a missing dependency. Specify custom listener classes or make the default listener classes and their required dependencies available. Offending class: [org/springframework/transaction/interceptor/TransactionAttributeSource]
12:40:02.759 [Test worker] DEBUG org.springframework.boot.test.context.SpringBootTestContextBootstrapper - Skipping candidate TestExecutionListener [org.springframework.test.context.jdbc.SqlScriptsTestExecutionListener] due to a missing dependency. Specify custom listener classes or make the default listener classes and their required dependencies available. Offending class: [org/springframework/transaction/interceptor/TransactionAttribute]
12:40:02.759 [Test worker] INFO org.springframework.boot.test.context.SpringBootTestContextBootstrapper - Using TestExecutionListeners: [org.springframework.test.context.support.DirtiesContextBeforeModesTestExecutionListener@2e1c950e, org.springframework.boot.test.mock.mockito.MockitoTestExecutionListener@698041d, org.springframework.boot.test.autoconfigure.SpringBootDependencyInjectionTestExecutionListener@1ca33dc4, org.springframework.test.context.support.DirtiesContextTestExecutionListener@1568eeed, org.springframework.test.context.event.EventPublishingTestExecutionListener@5f96bdab, org.springframework.boot.test.autoconfigure.restdocs.RestDocsTestExecutionListener@1968e2a8, org.springframework.boot.test.autoconfigure.web.client.MockRestServiceServerResetTestExecutionListener@1ca0b15c, org.springframework.boot.test.autoconfigure.web.servlet.MockMvcPrintOnlyOnFailureTestExecutionListener@4eed3ba3, org.springframework.boot.test.autoconfigure.web.servlet.WebDriverTestExecutionListener@247cbc30, org.springframework.boot.test.autoconfigure.webservices.client.MockWebServiceServerTestExecutionListener@7a5f67b5, org.springframework.boot.test.mock.mockito.ResetMocksTestExecutionListener@63ec13f3]
12:40:02.761 [Test worker] DEBUG org.springframework.test.annotation.ProfileValueUtils - Retrieved @ProfileValueSourceConfiguration [null] for test class [io.locngo.learning.microservices.product.composite.service.ProductCompositeApplicationTest]
12:40:02.761 [Test worker] DEBUG org.springframework.test.annotation.ProfileValueUtils - Retrieved ProfileValueSource type [class org.springframework.test.annotation.SystemProfileValueSource] for class [io.locngo.learning.microservices.product.composite.service.ProductCompositeApplicationTest]
12:40:02.762 [Test worker] DEBUG org.springframework.test.annotation.ProfileValueUtils - Retrieved @ProfileValueSourceConfiguration [null] for test class [io.locngo.learning.microservices.product.composite.service.ProductCompositeApplicationTest]
12:40:02.762 [Test worker] DEBUG org.springframework.test.annotation.ProfileValueUtils - Retrieved ProfileValueSource type [class org.springframework.test.annotation.SystemProfileValueSource] for class [io.locngo.learning.microservices.product.composite.service.ProductCompositeApplicationTest]
12:40:02.763 [Test worker] DEBUG org.springframework.test.annotation.ProfileValueUtils - Retrieved @ProfileValueSourceConfiguration [null] for test class [io.locngo.learning.microservices.product.composite.service.ProductCompositeApplicationTest]
12:40:02.764 [Test worker] DEBUG org.springframework.test.annotation.ProfileValueUtils - Retrieved ProfileValueSource type [class org.springframework.test.annotation.SystemProfileValueSource] for class [io.locngo.learning.microservices.product.composite.service.ProductCompositeApplicationTest]
12:40:02.764 [Test worker] DEBUG org.springframework.test.annotation.ProfileValueUtils - Retrieved @ProfileValueSourceConfiguration [null] for test class [io.locngo.learning.microservices.product.composite.service.ProductCompositeApplicationTest]
12:40:02.764 [Test worker] DEBUG org.springframework.test.annotation.ProfileValueUtils - Retrieved ProfileValueSource type [class org.springframework.test.annotation.SystemProfileValueSource] for class [io.locngo.learning.microservices.product.composite.service.ProductCompositeApplicationTest]
12:40:02.769 [Test worker] DEBUG org.springframework.test.context.support.AbstractDirtiesContextTestExecutionListener - Before test class: context [DefaultTestContext@5d816ad6 testClass = ProductCompositeApplicationTest, testInstance = [null], testMethod = [null], testException = [null], mergedContextConfiguration = [ReactiveWebMergedContextConfiguration@450ba1f0 testClass = ProductCompositeApplicationTest, locations = '{}', classes = '{class io.locngo.learning.microservices.product.composite.service.ProductCompositeApplication}', contextInitializerClasses = '[]', activeProfiles = '{}', propertySourceLocations = '{}', propertySourceProperties = '{org.springframework.boot.test.context.SpringBootTestContextBootstrapper=true, server.port=0}', contextCustomizers = set[org.springframework.boot.test.autoconfigure.properties.PropertyMappingContextCustomizer@0, org.springframework.boot.test.autoconfigure.web.servlet.WebDriverContextCustomizerFactory$Customizer@1007902f, org.springframework.boot.test.context.filter.ExcludeFilterContextCustomizer@1dca78de, org.springframework.boot.test.json.DuplicateJsonObjectContextCustomizerFactory$DuplicateJsonObjectContextCustomizer@1a27341c, org.springframework.boot.test.mock.mockito.MockitoContextCustomizer@5eb2529b, org.springframework.boot.test.web.client.TestRestTemplateContextCustomizer@40330a43, org.springframework.boot.test.web.reactive.server.WebTestClientContextCustomizer@3cb8c9b5, org.springframework.boot.test.context.SpringBootTestArgs@1, org.springframework.boot.test.context.SpringBootTestWebEnvironment@4cea099e], contextLoader = 'org.springframework.boot.test.context.SpringBootContextLoader', parent = [null]], attributes = map['org.springframework.test.context.web.ServletTestExecutionListener.activateListener' -> false]], class annotated with @DirtiesContext [false] with mode [null].
12:40:02.771 [Test worker] DEBUG org.springframework.test.annotation.ProfileValueUtils - Retrieved @ProfileValueSourceConfiguration [null] for test class [io.locngo.learning.microservices.product.composite.service.ProductCompositeApplicationTest]
12:40:02.771 [Test worker] DEBUG org.springframework.test.annotation.ProfileValueUtils - Retrieved ProfileValueSource type [class org.springframework.test.annotation.SystemProfileValueSource] for class [io.locngo.learning.microservices.product.composite.service.ProductCompositeApplicationTest]
12:40:02.789 [Test worker] DEBUG org.springframework.test.context.support.TestPropertySourceUtils - Adding inlined properties to environment: {spring.jmx.enabled=false, org.springframework.boot.test.context.SpringBootTestContextBootstrapper=true, server.port=0}

  .   ____          _            __ _ _
 /\\ / ___'_ __ _ _(_)_ __  __ _ \ \ \ \
( ( )\___ | '_ | '_| | '_ \/ _` | \ \ \ \
 \\/  ___)| |_)| | | | | || (_| |  ) ) ) )
  '  |____| .__|_| |_|_| |_\__, | / / / /
 =========|_|==============|___/=/_/_/_/
 :: Spring Boot ::        (v2.3.8.RELEASE)

2021-02-06 12:40:03.038  INFO 9856 --- [    Test worker] .m.p.c.s.ProductCompositeApplicationTest : Starting ProductCompositeApplicationTest on LAPTOP-J4BOEGNR with PID 9856 (started by ASUS in D:\master_java\learning-microservices\product-composite-service)
2021-02-06 12:40:03.038 DEBUG 9856 --- [    Test worker] .m.p.c.s.ProductCompositeApplicationTest : Running with Spring Boot v2.3.8.RELEASE, Spring v5.2.12.RELEASE
2021-02-06 12:40:03.039  INFO 9856 --- [    Test worker] .m.p.c.s.ProductCompositeApplicationTest : No active profile set, falling back to default profiles: default
2021-02-06 12:40:04.825  INFO 9856 --- [    Test worker] o.s.b.a.e.web.EndpointLinksResolver      : Exposing 2 endpoint(s) beneath base path '/actuator'
2021-02-06 12:40:06.092  INFO 9856 --- [    Test worker] o.s.b.web.embedded.netty.NettyWebServer  : Netty started on port(s): 52309
2021-02-06 12:40:06.285  INFO 9856 --- [    Test worker] .m.p.c.s.ProductCompositeApplicationTest : Started ProductCompositeApplicationTest in 3.494 seconds (JVM running for 4.597)
2021-02-06 12:40:06.516 DEBUG 9856 --- [ctor-http-nio-3] .l.m.p.c.s.s.ProductCompositeServiceImpl : getCompositeProduct: lookup a product aggregate for productId: 1
2021-02-06 12:40:06.518 DEBUG 9856 --- [ctor-http-nio-3] .l.m.p.c.s.s.ProductCompositeServiceImpl : getProductComposite: aggregate entity found for productId: 1
2021-02-06 12:40:06.618 DEBUG 9856 --- [ctor-http-nio-3] .l.m.p.c.s.s.ProductCompositeServiceImpl : getCompositeProduct: lookup a product aggregate for productId: 3
2021-02-06 12:40:06.624 DEBUG 9856 --- [ctor-http-nio-3] l.m.u.h.GlobalControllerExceptionHandler : Returning HTTP status: 422 UNPROCESSABLE_ENTITY for path, message: INVALID: 3
2021-02-06 12:40:06.675 DEBUG 9856 --- [ctor-http-nio-3] .l.m.p.c.s.s.ProductCompositeServiceImpl : createCompositeProduct: creates a new composite entity for productId: 1
2021-02-06 12:40:06.676 DEBUG 9856 --- [ctor-http-nio-3] .l.m.p.c.s.s.ProductCompositeServiceImpl : createCompositeProduct: composite entities created for productId: 1
2021-02-06 12:40:06.679 DEBUG 9856 --- [ctor-http-nio-3] .l.m.p.c.s.s.ProductCompositeServiceImpl : deleteCompositeProduct: Deletes product aggregate for productId: 1
2021-02-06 12:40:06.680 DEBUG 9856 --- [ctor-http-nio-3] .l.m.p.c.s.s.ProductCompositeServiceImpl : deleteCompositeProduct: aggregate entities deleted for productId: 1
2021-02-06 12:40:06.682 DEBUG 9856 --- [ctor-http-nio-3] .l.m.p.c.s.s.ProductCompositeServiceImpl : deleteCompositeProduct: Deletes product aggregate for productId: 1
2021-02-06 12:40:06.682 DEBUG 9856 --- [ctor-http-nio-3] .l.m.p.c.s.s.ProductCompositeServiceImpl : deleteCompositeProduct: aggregate entities deleted for productId: 1
2021-02-06 12:40:06.689 DEBUG 9856 --- [ctor-http-nio-3] .l.m.p.c.s.s.ProductCompositeServiceImpl : createCompositeProduct: creates a new composite entity for productId: 1
2021-02-06 12:40:06.689 DEBUG 9856 --- [ctor-http-nio-3] .l.m.p.c.s.s.ProductCompositeServiceImpl : createCompositeProduct: composite entities created for productId: 1
2021-02-06 12:40:06.695 DEBUG 9856 --- [ctor-http-nio-3] .l.m.p.c.s.s.ProductCompositeServiceImpl : createCompositeProduct: creates a new composite entity for productId: 1
2021-02-06 12:40:06.696 DEBUG 9856 --- [ctor-http-nio-3] .l.m.p.c.s.s.ProductCompositeServiceImpl : createCompositeProduct: composite entities created for productId: 1
2021-02-06 12:40:06.701 DEBUG 9856 --- [ctor-http-nio-3] .l.m.p.c.s.s.ProductCompositeServiceImpl : getCompositeProduct: lookup a product aggregate for productId: 2
2021-02-06 12:40:06.702 DEBUG 9856 --- [ctor-http-nio-3] l.m.u.h.GlobalControllerExceptionHandler : Returning HTTP status: 404 NOT_FOUND for path, message: NOT FOUND: 2
]]></system-out>
  <system-err><![CDATA[]]></system-err>
</testsuite>
