<?xml version="1.0" encoding="UTF-8"?>
<testsuite name="io.locngo.learning.microservices.product.composite.service.ProductCompositeApplicationTest" tests="3" skipped="0" failures="0" errors="0" timestamp="2021-02-03T16:49:29" hostname="LAPTOP-J4BOEGNR" time="0.384">
  <properties/>
  <testcase name="getProductById" classname="io.locngo.learning.microservices.product.composite.service.ProductCompositeApplicationTest" time="0.351"/>
  <testcase name="getProductInvalidInput" classname="io.locngo.learning.microservices.product.composite.service.ProductCompositeApplicationTest" time="0.025"/>
  <testcase name="getProductNotFound" classname="io.locngo.learning.microservices.product.composite.service.ProductCompositeApplicationTest" time="0.008"/>
  <system-out><![CDATA[23:49:25.844 [Test worker] DEBUG org.springframework.test.context.junit4.SpringJUnit4ClassRunner - SpringJUnit4ClassRunner constructor called with [class io.locngo.learning.microservices.product.composite.service.ProductCompositeApplicationTest]
23:49:25.850 [Test worker] DEBUG org.springframework.test.context.BootstrapUtils - Instantiating CacheAwareContextLoaderDelegate from class [org.springframework.test.context.cache.DefaultCacheAwareContextLoaderDelegate]
23:49:25.858 [Test worker] DEBUG org.springframework.test.context.BootstrapUtils - Instantiating BootstrapContext using constructor [public org.springframework.test.context.support.DefaultBootstrapContext(java.lang.Class,org.springframework.test.context.CacheAwareContextLoaderDelegate)]
23:49:25.891 [Test worker] DEBUG org.springframework.test.context.BootstrapUtils - Instantiating TestContextBootstrapper for test class [io.locngo.learning.microservices.product.composite.service.ProductCompositeApplicationTest] from class [org.springframework.boot.test.context.SpringBootTestContextBootstrapper]
23:49:25.907 [Test worker] INFO org.springframework.boot.test.context.SpringBootTestContextBootstrapper - Neither @ContextConfiguration nor @ContextHierarchy found for test class [io.locngo.learning.microservices.product.composite.service.ProductCompositeApplicationTest], using SpringBootContextLoader
23:49:25.911 [Test worker] DEBUG org.springframework.test.context.support.AbstractContextLoader - Did not detect default resource location for test class [io.locngo.learning.microservices.product.composite.service.ProductCompositeApplicationTest]: class path resource [io/locngo/learning/microservices/product/composite/service/ProductCompositeApplicationTest-context.xml] does not exist
23:49:25.911 [Test worker] DEBUG org.springframework.test.context.support.AbstractContextLoader - Did not detect default resource location for test class [io.locngo.learning.microservices.product.composite.service.ProductCompositeApplicationTest]: class path resource [io/locngo/learning/microservices/product/composite/service/ProductCompositeApplicationTestContext.groovy] does not exist
23:49:25.912 [Test worker] INFO org.springframework.test.context.support.AbstractContextLoader - Could not detect default resource locations for test class [io.locngo.learning.microservices.product.composite.service.ProductCompositeApplicationTest]: no resource found for suffixes {-context.xml, Context.groovy}.
23:49:25.912 [Test worker] INFO org.springframework.test.context.support.AnnotationConfigContextLoaderUtils - Could not detect default configuration classes for test class [io.locngo.learning.microservices.product.composite.service.ProductCompositeApplicationTest]: ProductCompositeApplicationTest does not declare any static, non-private, non-final, nested classes annotated with @Configuration.
23:49:25.959 [Test worker] DEBUG org.springframework.test.context.support.ActiveProfilesUtils - Could not find an 'annotation declaring class' for annotation type [org.springframework.test.context.ActiveProfiles] and class [io.locngo.learning.microservices.product.composite.service.ProductCompositeApplicationTest]
23:49:26.016 [Test worker] DEBUG org.springframework.context.annotation.ClassPathScanningCandidateComponentProvider - Identified candidate component class: file [D:\master_java\learning-microservices\product-composite-service\build\classes\java\main\io\locngo\learning\microservices\product\composite\service\ProductCompositeApplication.class]
23:49:26.017 [Test worker] INFO org.springframework.boot.test.context.SpringBootTestContextBootstrapper - Found @SpringBootConfiguration io.locngo.learning.microservices.product.composite.service.ProductCompositeApplication for test class io.locngo.learning.microservices.product.composite.service.ProductCompositeApplicationTest
23:49:26.105 [Test worker] DEBUG org.springframework.boot.test.context.SpringBootTestContextBootstrapper - @TestExecutionListeners is not present for class [io.locngo.learning.microservices.product.composite.service.ProductCompositeApplicationTest]: using defaults.
23:49:26.106 [Test worker] INFO org.springframework.boot.test.context.SpringBootTestContextBootstrapper - Loaded default TestExecutionListener class names from location [META-INF/spring.factories]: [org.springframework.boot.test.autoconfigure.restdocs.RestDocsTestExecutionListener, org.springframework.boot.test.autoconfigure.web.client.MockRestServiceServerResetTestExecutionListener, org.springframework.boot.test.autoconfigure.web.servlet.MockMvcPrintOnlyOnFailureTestExecutionListener, org.springframework.boot.test.autoconfigure.web.servlet.WebDriverTestExecutionListener, org.springframework.boot.test.autoconfigure.webservices.client.MockWebServiceServerTestExecutionListener, org.springframework.boot.test.mock.mockito.MockitoTestExecutionListener, org.springframework.boot.test.mock.mockito.ResetMocksTestExecutionListener, org.springframework.test.context.web.ServletTestExecutionListener, org.springframework.test.context.support.DirtiesContextBeforeModesTestExecutionListener, org.springframework.test.context.support.DependencyInjectionTestExecutionListener, org.springframework.test.context.support.DirtiesContextTestExecutionListener, org.springframework.test.context.transaction.TransactionalTestExecutionListener, org.springframework.test.context.jdbc.SqlScriptsTestExecutionListener, org.springframework.test.context.event.EventPublishingTestExecutionListener]
23:49:26.112 [Test worker] DEBUG org.springframework.boot.test.context.SpringBootTestContextBootstrapper - Skipping candidate TestExecutionListener [org.springframework.test.context.web.ServletTestExecutionListener] due to a missing dependency. Specify custom listener classes or make the default listener classes and their required dependencies available. Offending class: [javax/servlet/ServletContext]
23:49:26.113 [Test worker] DEBUG org.springframework.boot.test.context.SpringBootTestContextBootstrapper - Skipping candidate TestExecutionListener [org.springframework.test.context.transaction.TransactionalTestExecutionListener] due to a missing dependency. Specify custom listener classes or make the default listener classes and their required dependencies available. Offending class: [org/springframework/transaction/interceptor/TransactionAttributeSource]
23:49:26.114 [Test worker] DEBUG org.springframework.boot.test.context.SpringBootTestContextBootstrapper - Skipping candidate TestExecutionListener [org.springframework.test.context.jdbc.SqlScriptsTestExecutionListener] due to a missing dependency. Specify custom listener classes or make the default listener classes and their required dependencies available. Offending class: [org/springframework/transaction/interceptor/TransactionAttribute]
23:49:26.114 [Test worker] INFO org.springframework.boot.test.context.SpringBootTestContextBootstrapper - Using TestExecutionListeners: [org.springframework.test.context.support.DirtiesContextBeforeModesTestExecutionListener@ae0e793, org.springframework.boot.test.mock.mockito.MockitoTestExecutionListener@59a83be6, org.springframework.boot.test.autoconfigure.SpringBootDependencyInjectionTestExecutionListener@5669402e, org.springframework.test.context.support.DirtiesContextTestExecutionListener@643203a2, org.springframework.test.context.event.EventPublishingTestExecutionListener@69e3acc8, org.springframework.boot.test.autoconfigure.restdocs.RestDocsTestExecutionListener@718cdd19, org.springframework.boot.test.autoconfigure.web.client.MockRestServiceServerResetTestExecutionListener@6df88b36, org.springframework.boot.test.autoconfigure.web.servlet.MockMvcPrintOnlyOnFailureTestExecutionListener@1923ba38, org.springframework.boot.test.autoconfigure.web.servlet.WebDriverTestExecutionListener@6dd2c038, org.springframework.boot.test.autoconfigure.webservices.client.MockWebServiceServerTestExecutionListener@7aa1ac8e, org.springframework.boot.test.mock.mockito.ResetMocksTestExecutionListener@53a929d7]
23:49:26.115 [Test worker] DEBUG org.springframework.test.annotation.ProfileValueUtils - Retrieved @ProfileValueSourceConfiguration [null] for test class [io.locngo.learning.microservices.product.composite.service.ProductCompositeApplicationTest]
23:49:26.116 [Test worker] DEBUG org.springframework.test.annotation.ProfileValueUtils - Retrieved ProfileValueSource type [class org.springframework.test.annotation.SystemProfileValueSource] for class [io.locngo.learning.microservices.product.composite.service.ProductCompositeApplicationTest]
23:49:26.117 [Test worker] DEBUG org.springframework.test.annotation.ProfileValueUtils - Retrieved @ProfileValueSourceConfiguration [null] for test class [io.locngo.learning.microservices.product.composite.service.ProductCompositeApplicationTest]
23:49:26.117 [Test worker] DEBUG org.springframework.test.annotation.ProfileValueUtils - Retrieved ProfileValueSource type [class org.springframework.test.annotation.SystemProfileValueSource] for class [io.locngo.learning.microservices.product.composite.service.ProductCompositeApplicationTest]
23:49:26.118 [Test worker] DEBUG org.springframework.test.annotation.ProfileValueUtils - Retrieved @ProfileValueSourceConfiguration [null] for test class [io.locngo.learning.microservices.product.composite.service.ProductCompositeApplicationTest]
23:49:26.118 [Test worker] DEBUG org.springframework.test.annotation.ProfileValueUtils - Retrieved ProfileValueSource type [class org.springframework.test.annotation.SystemProfileValueSource] for class [io.locngo.learning.microservices.product.composite.service.ProductCompositeApplicationTest]
23:49:26.119 [Test worker] DEBUG org.springframework.test.annotation.ProfileValueUtils - Retrieved @ProfileValueSourceConfiguration [null] for test class [io.locngo.learning.microservices.product.composite.service.ProductCompositeApplicationTest]
23:49:26.119 [Test worker] DEBUG org.springframework.test.annotation.ProfileValueUtils - Retrieved ProfileValueSource type [class org.springframework.test.annotation.SystemProfileValueSource] for class [io.locngo.learning.microservices.product.composite.service.ProductCompositeApplicationTest]
23:49:26.125 [Test worker] DEBUG org.springframework.test.context.support.AbstractDirtiesContextTestExecutionListener - Before test class: context [DefaultTestContext@2d347a8b testClass = ProductCompositeApplicationTest, testInstance = [null], testMethod = [null], testException = [null], mergedContextConfiguration = [ReactiveWebMergedContextConfiguration@675af725 testClass = ProductCompositeApplicationTest, locations = '{}', classes = '{class io.locngo.learning.microservices.product.composite.service.ProductCompositeApplication}', contextInitializerClasses = '[]', activeProfiles = '{}', propertySourceLocations = '{}', propertySourceProperties = '{org.springframework.boot.test.context.SpringBootTestContextBootstrapper=true, server.port=0}', contextCustomizers = set[org.springframework.boot.test.autoconfigure.properties.PropertyMappingContextCustomizer@0, org.springframework.boot.test.autoconfigure.web.servlet.WebDriverContextCustomizerFactory$Customizer@76109263, org.springframework.boot.test.context.filter.ExcludeFilterContextCustomizer@1e8fd154, org.springframework.boot.test.json.DuplicateJsonObjectContextCustomizerFactory$DuplicateJsonObjectContextCustomizer@6d3f36b9, org.springframework.boot.test.mock.mockito.MockitoContextCustomizer@9a1855b7, org.springframework.boot.test.web.client.TestRestTemplateContextCustomizer@24593c2d, org.springframework.boot.test.web.reactive.server.WebTestClientContextCustomizer@28473c61, org.springframework.boot.test.context.SpringBootTestArgs@1, org.springframework.boot.test.context.SpringBootTestWebEnvironment@4aaae949], contextLoader = 'org.springframework.boot.test.context.SpringBootContextLoader', parent = [null]], attributes = map['org.springframework.test.context.web.ServletTestExecutionListener.activateListener' -> false]], class annotated with @DirtiesContext [false] with mode [null].
23:49:26.127 [Test worker] DEBUG org.springframework.test.annotation.ProfileValueUtils - Retrieved @ProfileValueSourceConfiguration [null] for test class [io.locngo.learning.microservices.product.composite.service.ProductCompositeApplicationTest]
23:49:26.127 [Test worker] DEBUG org.springframework.test.annotation.ProfileValueUtils - Retrieved ProfileValueSource type [class org.springframework.test.annotation.SystemProfileValueSource] for class [io.locngo.learning.microservices.product.composite.service.ProductCompositeApplicationTest]
23:49:26.146 [Test worker] DEBUG org.springframework.test.context.support.TestPropertySourceUtils - Adding inlined properties to environment: {spring.jmx.enabled=false, org.springframework.boot.test.context.SpringBootTestContextBootstrapper=true, server.port=0}

  .   ____          _            __ _ _
 /\\ / ___'_ __ _ _(_)_ __  __ _ \ \ \ \
( ( )\___ | '_ | '_| | '_ \/ _` | \ \ \ \
 \\/  ___)| |_)| | | | | || (_| |  ) ) ) )
  '  |____| .__|_| |_|_| |_\__, | / / / /
 =========|_|==============|___/=/_/_/_/
 :: Spring Boot ::        (v2.3.8.RELEASE)

2021-02-03 23:49:26.422  INFO 12724 --- [    Test worker] .m.p.c.s.ProductCompositeApplicationTest : Starting ProductCompositeApplicationTest on LAPTOP-J4BOEGNR with PID 12724 (started by ASUS in D:\master_java\learning-microservices\product-composite-service)
2021-02-03 23:49:26.423 DEBUG 12724 --- [    Test worker] .m.p.c.s.ProductCompositeApplicationTest : Running with Spring Boot v2.3.8.RELEASE, Spring v5.2.12.RELEASE
2021-02-03 23:49:26.423  INFO 12724 --- [    Test worker] .m.p.c.s.ProductCompositeApplicationTest : No active profile set, falling back to default profiles: default
2021-02-03 23:49:28.000  INFO 12724 --- [    Test worker] o.s.b.a.e.web.EndpointLinksResolver      : Exposing 2 endpoint(s) beneath base path '/actuator'
2021-02-03 23:49:29.076  INFO 12724 --- [    Test worker] o.s.b.web.embedded.netty.NettyWebServer  : Netty started on port(s): 55051
2021-02-03 23:49:29.087  INFO 12724 --- [    Test worker] .m.p.c.s.ProductCompositeApplicationTest : Started ProductCompositeApplicationTest in 2.938 seconds (JVM running for 4.114)
2021-02-03 23:49:29.494 DEBUG 12724 --- [ctor-http-nio-3] l.m.u.h.GlobalControllerExceptionHandler : Returning HTTP status: 422 UNPROCESSABLE_ENTITY for path, message: INVALID: 3
2021-02-03 23:49:29.512 DEBUG 12724 --- [ctor-http-nio-3] l.m.u.h.GlobalControllerExceptionHandler : Returning HTTP status: 404 NOT_FOUND for path, message: NOT FOUND: 2
]]></system-out>
  <system-err><![CDATA[]]></system-err>
</testsuite>
