<?xml version="1.0" encoding="UTF-8"?>
<testsuite name="io.locngo.learning.microservices.product.composite.service.ProductCompositeApplicationTest" tests="3" skipped="0" failures="0" errors="0" timestamp="2021-02-04T11:30:19" hostname="LAPTOP-J4BOEGNR" time="0.33">
  <properties/>
  <testcase name="getProductById" classname="io.locngo.learning.microservices.product.composite.service.ProductCompositeApplicationTest" time="0.3"/>
  <testcase name="getProductInvalidInput" classname="io.locngo.learning.microservices.product.composite.service.ProductCompositeApplicationTest" time="0.022"/>
  <testcase name="getProductNotFound" classname="io.locngo.learning.microservices.product.composite.service.ProductCompositeApplicationTest" time="0.008"/>
  <system-out><![CDATA[18:30:15.608 [Test worker] DEBUG org.springframework.test.context.junit4.SpringJUnit4ClassRunner - SpringJUnit4ClassRunner constructor called with [class io.locngo.learning.microservices.product.composite.service.ProductCompositeApplicationTest]
18:30:15.614 [Test worker] DEBUG org.springframework.test.context.BootstrapUtils - Instantiating CacheAwareContextLoaderDelegate from class [org.springframework.test.context.cache.DefaultCacheAwareContextLoaderDelegate]
18:30:15.621 [Test worker] DEBUG org.springframework.test.context.BootstrapUtils - Instantiating BootstrapContext using constructor [public org.springframework.test.context.support.DefaultBootstrapContext(java.lang.Class,org.springframework.test.context.CacheAwareContextLoaderDelegate)]
18:30:15.649 [Test worker] DEBUG org.springframework.test.context.BootstrapUtils - Instantiating TestContextBootstrapper for test class [io.locngo.learning.microservices.product.composite.service.ProductCompositeApplicationTest] from class [org.springframework.boot.test.context.SpringBootTestContextBootstrapper]
18:30:15.662 [Test worker] INFO org.springframework.boot.test.context.SpringBootTestContextBootstrapper - Neither @ContextConfiguration nor @ContextHierarchy found for test class [io.locngo.learning.microservices.product.composite.service.ProductCompositeApplicationTest], using SpringBootContextLoader
18:30:15.666 [Test worker] DEBUG org.springframework.test.context.support.AbstractContextLoader - Did not detect default resource location for test class [io.locngo.learning.microservices.product.composite.service.ProductCompositeApplicationTest]: class path resource [io/locngo/learning/microservices/product/composite/service/ProductCompositeApplicationTest-context.xml] does not exist
18:30:15.666 [Test worker] DEBUG org.springframework.test.context.support.AbstractContextLoader - Did not detect default resource location for test class [io.locngo.learning.microservices.product.composite.service.ProductCompositeApplicationTest]: class path resource [io/locngo/learning/microservices/product/composite/service/ProductCompositeApplicationTestContext.groovy] does not exist
18:30:15.667 [Test worker] INFO org.springframework.test.context.support.AbstractContextLoader - Could not detect default resource locations for test class [io.locngo.learning.microservices.product.composite.service.ProductCompositeApplicationTest]: no resource found for suffixes {-context.xml, Context.groovy}.
18:30:15.667 [Test worker] INFO org.springframework.test.context.support.AnnotationConfigContextLoaderUtils - Could not detect default configuration classes for test class [io.locngo.learning.microservices.product.composite.service.ProductCompositeApplicationTest]: ProductCompositeApplicationTest does not declare any static, non-private, non-final, nested classes annotated with @Configuration.
18:30:15.711 [Test worker] DEBUG org.springframework.test.context.support.ActiveProfilesUtils - Could not find an 'annotation declaring class' for annotation type [org.springframework.test.context.ActiveProfiles] and class [io.locngo.learning.microservices.product.composite.service.ProductCompositeApplicationTest]
18:30:15.768 [Test worker] DEBUG org.springframework.context.annotation.ClassPathScanningCandidateComponentProvider - Identified candidate component class: file [D:\master_java\learning-microservices\product-composite-service\build\classes\java\main\io\locngo\learning\microservices\product\composite\service\ProductCompositeApplication.class]
18:30:15.769 [Test worker] INFO org.springframework.boot.test.context.SpringBootTestContextBootstrapper - Found @SpringBootConfiguration io.locngo.learning.microservices.product.composite.service.ProductCompositeApplication for test class io.locngo.learning.microservices.product.composite.service.ProductCompositeApplicationTest
18:30:15.853 [Test worker] DEBUG org.springframework.boot.test.context.SpringBootTestContextBootstrapper - @TestExecutionListeners is not present for class [io.locngo.learning.microservices.product.composite.service.ProductCompositeApplicationTest]: using defaults.
18:30:15.853 [Test worker] INFO org.springframework.boot.test.context.SpringBootTestContextBootstrapper - Loaded default TestExecutionListener class names from location [META-INF/spring.factories]: [org.springframework.boot.test.autoconfigure.restdocs.RestDocsTestExecutionListener, org.springframework.boot.test.autoconfigure.web.client.MockRestServiceServerResetTestExecutionListener, org.springframework.boot.test.autoconfigure.web.servlet.MockMvcPrintOnlyOnFailureTestExecutionListener, org.springframework.boot.test.autoconfigure.web.servlet.WebDriverTestExecutionListener, org.springframework.boot.test.autoconfigure.webservices.client.MockWebServiceServerTestExecutionListener, org.springframework.boot.test.mock.mockito.MockitoTestExecutionListener, org.springframework.boot.test.mock.mockito.ResetMocksTestExecutionListener, org.springframework.test.context.web.ServletTestExecutionListener, org.springframework.test.context.support.DirtiesContextBeforeModesTestExecutionListener, org.springframework.test.context.support.DependencyInjectionTestExecutionListener, org.springframework.test.context.support.DirtiesContextTestExecutionListener, org.springframework.test.context.transaction.TransactionalTestExecutionListener, org.springframework.test.context.jdbc.SqlScriptsTestExecutionListener, org.springframework.test.context.event.EventPublishingTestExecutionListener]
18:30:15.860 [Test worker] DEBUG org.springframework.boot.test.context.SpringBootTestContextBootstrapper - Skipping candidate TestExecutionListener [org.springframework.test.context.web.ServletTestExecutionListener] due to a missing dependency. Specify custom listener classes or make the default listener classes and their required dependencies available. Offending class: [javax/servlet/ServletContext]
18:30:15.861 [Test worker] DEBUG org.springframework.boot.test.context.SpringBootTestContextBootstrapper - Skipping candidate TestExecutionListener [org.springframework.test.context.transaction.TransactionalTestExecutionListener] due to a missing dependency. Specify custom listener classes or make the default listener classes and their required dependencies available. Offending class: [org/springframework/transaction/TransactionDefinition]
18:30:15.861 [Test worker] DEBUG org.springframework.boot.test.context.SpringBootTestContextBootstrapper - Skipping candidate TestExecutionListener [org.springframework.test.context.jdbc.SqlScriptsTestExecutionListener] due to a missing dependency. Specify custom listener classes or make the default listener classes and their required dependencies available. Offending class: [org/springframework/transaction/interceptor/TransactionAttribute]
18:30:15.862 [Test worker] INFO org.springframework.boot.test.context.SpringBootTestContextBootstrapper - Using TestExecutionListeners: [org.springframework.test.context.support.DirtiesContextBeforeModesTestExecutionListener@57dfabe0, org.springframework.boot.test.mock.mockito.MockitoTestExecutionListener@2c776223, org.springframework.boot.test.autoconfigure.SpringBootDependencyInjectionTestExecutionListener@5b456eff, org.springframework.test.context.support.DirtiesContextTestExecutionListener@41b813d1, org.springframework.test.context.event.EventPublishingTestExecutionListener@6b1230ad, org.springframework.boot.test.autoconfigure.restdocs.RestDocsTestExecutionListener@7c632196, org.springframework.boot.test.autoconfigure.web.client.MockRestServiceServerResetTestExecutionListener@c218a73, org.springframework.boot.test.autoconfigure.web.servlet.MockMvcPrintOnlyOnFailureTestExecutionListener@d8636bd, org.springframework.boot.test.autoconfigure.web.servlet.WebDriverTestExecutionListener@77ebe8f8, org.springframework.boot.test.autoconfigure.webservices.client.MockWebServiceServerTestExecutionListener@12e11802, org.springframework.boot.test.mock.mockito.ResetMocksTestExecutionListener@12937a3f]
18:30:15.863 [Test worker] DEBUG org.springframework.test.annotation.ProfileValueUtils - Retrieved @ProfileValueSourceConfiguration [null] for test class [io.locngo.learning.microservices.product.composite.service.ProductCompositeApplicationTest]
18:30:15.864 [Test worker] DEBUG org.springframework.test.annotation.ProfileValueUtils - Retrieved ProfileValueSource type [class org.springframework.test.annotation.SystemProfileValueSource] for class [io.locngo.learning.microservices.product.composite.service.ProductCompositeApplicationTest]
18:30:15.865 [Test worker] DEBUG org.springframework.test.annotation.ProfileValueUtils - Retrieved @ProfileValueSourceConfiguration [null] for test class [io.locngo.learning.microservices.product.composite.service.ProductCompositeApplicationTest]
18:30:15.865 [Test worker] DEBUG org.springframework.test.annotation.ProfileValueUtils - Retrieved ProfileValueSource type [class org.springframework.test.annotation.SystemProfileValueSource] for class [io.locngo.learning.microservices.product.composite.service.ProductCompositeApplicationTest]
18:30:15.866 [Test worker] DEBUG org.springframework.test.annotation.ProfileValueUtils - Retrieved @ProfileValueSourceConfiguration [null] for test class [io.locngo.learning.microservices.product.composite.service.ProductCompositeApplicationTest]
18:30:15.866 [Test worker] DEBUG org.springframework.test.annotation.ProfileValueUtils - Retrieved ProfileValueSource type [class org.springframework.test.annotation.SystemProfileValueSource] for class [io.locngo.learning.microservices.product.composite.service.ProductCompositeApplicationTest]
18:30:15.866 [Test worker] DEBUG org.springframework.test.annotation.ProfileValueUtils - Retrieved @ProfileValueSourceConfiguration [null] for test class [io.locngo.learning.microservices.product.composite.service.ProductCompositeApplicationTest]
18:30:15.866 [Test worker] DEBUG org.springframework.test.annotation.ProfileValueUtils - Retrieved ProfileValueSource type [class org.springframework.test.annotation.SystemProfileValueSource] for class [io.locngo.learning.microservices.product.composite.service.ProductCompositeApplicationTest]
18:30:15.872 [Test worker] DEBUG org.springframework.test.context.support.AbstractDirtiesContextTestExecutionListener - Before test class: context [DefaultTestContext@31227fd7 testClass = ProductCompositeApplicationTest, testInstance = [null], testMethod = [null], testException = [null], mergedContextConfiguration = [ReactiveWebMergedContextConfiguration@25792de2 testClass = ProductCompositeApplicationTest, locations = '{}', classes = '{class io.locngo.learning.microservices.product.composite.service.ProductCompositeApplication}', contextInitializerClasses = '[]', activeProfiles = '{}', propertySourceLocations = '{}', propertySourceProperties = '{org.springframework.boot.test.context.SpringBootTestContextBootstrapper=true, server.port=0}', contextCustomizers = set[org.springframework.boot.test.autoconfigure.properties.PropertyMappingContextCustomizer@0, org.springframework.boot.test.autoconfigure.web.servlet.WebDriverContextCustomizerFactory$Customizer@594d3c3e, org.springframework.boot.test.context.filter.ExcludeFilterContextCustomizer@6d3f36b9, org.springframework.boot.test.json.DuplicateJsonObjectContextCustomizerFactory$DuplicateJsonObjectContextCustomizer@15011e44, org.springframework.boot.test.mock.mockito.MockitoContextCustomizer@e6f4dd0b, org.springframework.boot.test.web.client.TestRestTemplateContextCustomizer@11e369d5, org.springframework.boot.test.web.reactive.server.WebTestClientContextCustomizer@142fce22, org.springframework.boot.test.context.SpringBootTestArgs@1, org.springframework.boot.test.context.SpringBootTestWebEnvironment@4aaae949], contextLoader = 'org.springframework.boot.test.context.SpringBootContextLoader', parent = [null]], attributes = map['org.springframework.test.context.web.ServletTestExecutionListener.activateListener' -> false]], class annotated with @DirtiesContext [false] with mode [null].
18:30:15.874 [Test worker] DEBUG org.springframework.test.annotation.ProfileValueUtils - Retrieved @ProfileValueSourceConfiguration [null] for test class [io.locngo.learning.microservices.product.composite.service.ProductCompositeApplicationTest]
18:30:15.874 [Test worker] DEBUG org.springframework.test.annotation.ProfileValueUtils - Retrieved ProfileValueSource type [class org.springframework.test.annotation.SystemProfileValueSource] for class [io.locngo.learning.microservices.product.composite.service.ProductCompositeApplicationTest]
18:30:15.893 [Test worker] DEBUG org.springframework.test.context.support.TestPropertySourceUtils - Adding inlined properties to environment: {spring.jmx.enabled=false, org.springframework.boot.test.context.SpringBootTestContextBootstrapper=true, server.port=0}

  .   ____          _            __ _ _
 /\\ / ___'_ __ _ _(_)_ __  __ _ \ \ \ \
( ( )\___ | '_ | '_| | '_ \/ _` | \ \ \ \
 \\/  ___)| |_)| | | | | || (_| |  ) ) ) )
  '  |____| .__|_| |_|_| |_\__, | / / / /
 =========|_|==============|___/=/_/_/_/
 :: Spring Boot ::        (v2.3.8.RELEASE)

2021-02-04 18:30:16.150  INFO 20992 --- [    Test worker] .m.p.c.s.ProductCompositeApplicationTest : Starting ProductCompositeApplicationTest on LAPTOP-J4BOEGNR with PID 20992 (started by ASUS in D:\master_java\learning-microservices\product-composite-service)
2021-02-04 18:30:16.151 DEBUG 20992 --- [    Test worker] .m.p.c.s.ProductCompositeApplicationTest : Running with Spring Boot v2.3.8.RELEASE, Spring v5.2.12.RELEASE
2021-02-04 18:30:16.151  INFO 20992 --- [    Test worker] .m.p.c.s.ProductCompositeApplicationTest : No active profile set, falling back to default profiles: default
2021-02-04 18:30:17.965  INFO 20992 --- [    Test worker] o.s.b.a.e.web.EndpointLinksResolver      : Exposing 2 endpoint(s) beneath base path '/actuator'
2021-02-04 18:30:19.246  INFO 20992 --- [    Test worker] o.s.b.web.embedded.netty.NettyWebServer  : Netty started on port(s): 57716
2021-02-04 18:30:19.403  INFO 20992 --- [    Test worker] .m.p.c.s.ProductCompositeApplicationTest : Started ProductCompositeApplicationTest in 3.507 seconds (JVM running for 4.628)
2021-02-04 18:30:19.751 DEBUG 20992 --- [ctor-http-nio-3] l.m.u.h.GlobalControllerExceptionHandler : Returning HTTP status: 422 UNPROCESSABLE_ENTITY for path, message: INVALID: 3
2021-02-04 18:30:19.766 DEBUG 20992 --- [ctor-http-nio-3] l.m.u.h.GlobalControllerExceptionHandler : Returning HTTP status: 404 NOT_FOUND for path, message: NOT FOUND: 2
]]></system-out>
  <system-err><![CDATA[]]></system-err>
</testsuite>
